<?xml version="1.0" encoding="UTF-8"?>
<!-- Generated by org.testng.reporters.JUnitXMLReporter -->
<testsuite ignored="0" hostname="Carloss-MacBook-Pro.local" failures="0" tests="101" name="Surefire test" time="0.367" errors="0" timestamp="2020-10-08T09:55:10 PET">
  <testcase classname="cs.lab.RegistraAppTest" name="testCase0" time="0.06"/>
  <testcase classname="cs.lab.RegistraAppTest" name="testCase1" time="0.008"/>
  <testcase classname="cs.lab.RegistraAppTest" name="testCase1" time="0.011"/>
  <testcase classname="cs.lab.RegistraAppTest" name="testCase1" time="0.015"/>
  <testcase classname="cs.lab.RegistraAppTest" name="testCase1" time="0.019"/>
  <testcase classname="cs.lab.RegistraAppTest" name="testCase1" time="0.022"/>
  <testcase classname="cs.lab.RegistraAppTest" name="testCase1" time="0.003"/>
  <testcase classname="cs.lab.RegistraAppTest" name="testCase1" time="0.027"/>
  <testcase classname="cs.lab.RegistraAppTest" name="testCase1" time="0.032"/>
  <testcase classname="cs.lab.RegistraAppTest" name="testCase1" time="0.035"/>
  <testcase classname="cs.lab.RegistraAppTest" name="testCase1" time="0.04"/>
  <testcase classname="cs.lab.RegistraAppTest" name="testCase1" time="0.044"/>
  <testcase classname="cs.lab.RegistraAppTest" name="testCase1" time="0.025"/>
  <testcase classname="cs.lab.RegistraAppTest" name="testCase1" time="0.03"/>
  <testcase classname="cs.lab.RegistraAppTest" name="testCase1" time="0.031"/>
  <testcase classname="cs.lab.RegistraAppTest" name="testCase1" time="0.033"/>
  <testcase classname="cs.lab.RegistraAppTest" name="testCase1" time="0.036"/>
  <testcase classname="cs.lab.RegistraAppTest" name="testCase1" time="0.044"/>
  <testcase classname="cs.lab.RegistraAppTest" name="testCase1" time="0.05"/>
  <testcase classname="cs.lab.RegistraAppTest" name="testCase1" time="0.051"/>
  <testcase classname="cs.lab.RegistraAppTest" name="testCase1" time="0.058"/>
  <testcase classname="cs.lab.RegistraAppTest" name="testCase1" time="0.06"/>
  <testcase classname="cs.lab.RegistraAppTest" name="testCase1" time="0.062"/>
  <testcase classname="cs.lab.RegistraAppTest" name="testCase1" time="0.065"/>
  <testcase classname="cs.lab.RegistraAppTest" name="testCase1" time="0.068"/>
  <testcase classname="cs.lab.RegistraAppTest" name="testCase1" time="0.074"/>
  <testcase classname="cs.lab.RegistraAppTest" name="testCase1" time="0.095"/>
  <testcase classname="cs.lab.RegistraAppTest" name="testCase1" time="0.096"/>
  <testcase classname="cs.lab.RegistraAppTest" name="testCase1" time="0.081"/>
  <testcase classname="cs.lab.RegistraAppTest" name="testCase1" time="0.002"/>
  <testcase classname="cs.lab.RegistraAppTest" name="testCase1" time="0.002"/>
  <testcase classname="cs.lab.RegistraAppTest" name="testCase1" time="0.014"/>
  <testcase classname="cs.lab.RegistraAppTest" name="testCase1" time="0.016"/>
  <testcase classname="cs.lab.RegistraAppTest" name="testCase1" time="0.019"/>
  <testcase classname="cs.lab.RegistraAppTest" name="testCase1" time="0.003"/>
  <testcase classname="cs.lab.RegistraAppTest" name="testCase1" time="0.005"/>
  <testcase classname="cs.lab.RegistraAppTest" name="testCase1" time="0.002"/>
  <testcase classname="cs.lab.RegistraAppTest" name="testCase1" time="0.022"/>
  <testcase classname="cs.lab.RegistraAppTest" name="testCase1" time="0.033"/>
  <testcase classname="cs.lab.RegistraAppTest" name="testCase1" time="0.044"/>
  <testcase classname="cs.lab.RegistraAppTest" name="testCase1" time="0.044"/>
  <testcase classname="cs.lab.RegistraAppTest" name="testCase1" time="0.038"/>
  <testcase classname="cs.lab.RegistraAppTest" name="testCase1" time="0.041"/>
  <testcase classname="cs.lab.RegistraAppTest" name="testCase1" time="0.04"/>
  <testcase classname="cs.lab.RegistraAppTest" name="testCase1" time="0.041"/>
  <testcase classname="cs.lab.RegistraAppTest" name="testCase1" time="0.041"/>
  <testcase classname="cs.lab.RegistraAppTest" name="testCase1" time="0.057"/>
  <testcase classname="cs.lab.RegistraAppTest" name="testCase1" time="0.073"/>
  <testcase classname="cs.lab.RegistraAppTest" name="testCase1" time="0.062"/>
  <testcase classname="cs.lab.RegistraAppTest" name="testCase1" time="0.061"/>
  <testcase classname="cs.lab.RegistraAppTest" name="testCase1" time="0.073"/>
  <testcase classname="cs.lab.RegistraAppTest" name="testCase1" time="0.078"/>
  <testcase classname="cs.lab.RegistraAppTest" name="testCase1" time="0.078"/>
  <testcase classname="cs.lab.RegistraAppTest" name="testCase1" time="0.081"/>
  <testcase classname="cs.lab.RegistraAppTest" name="testCase1" time="0.082"/>
  <testcase classname="cs.lab.RegistraAppTest" name="testCase1" time="0.086"/>
  <testcase classname="cs.lab.RegistraAppTest" name="testCase1" time="0.086"/>
  <testcase classname="cs.lab.RegistraAppTest" name="testCase1" time="0.085"/>
  <testcase classname="cs.lab.RegistraAppTest" name="testCase1" time="0.086"/>
  <testcase classname="cs.lab.RegistraAppTest" name="testCase1" time="0.086"/>
  <testcase classname="cs.lab.RegistraAppTest" name="testCase1" time="0.085"/>
  <testcase classname="cs.lab.RegistraAppTest" name="testCase1" time="0.084"/>
  <testcase classname="cs.lab.RegistraAppTest" name="testCase1" time="0.083"/>
  <testcase classname="cs.lab.RegistraAppTest" name="testCase1" time="0.083"/>
  <testcase classname="cs.lab.RegistraAppTest" name="testCase1" time="0.084"/>
  <testcase classname="cs.lab.RegistraAppTest" name="testCase1" time="0.083"/>
  <testcase classname="cs.lab.RegistraAppTest" name="testCase1" time="0.081"/>
  <testcase classname="cs.lab.RegistraAppTest" name="testCase1" time="0.082"/>
  <testcase classname="cs.lab.RegistraAppTest" name="testCase1" time="0.08"/>
  <testcase classname="cs.lab.RegistraAppTest" name="testCase1" time="0.08"/>
  <testcase classname="cs.lab.RegistraAppTest" name="testCase1" time="0.079"/>
  <testcase classname="cs.lab.RegistraAppTest" name="testCase1" time="0.079"/>
  <testcase classname="cs.lab.RegistraAppTest" name="testCase1" time="0.079"/>
  <testcase classname="cs.lab.RegistraAppTest" name="testCase1" time="0.078"/>
  <testcase classname="cs.lab.RegistraAppTest" name="testCase1" time="0.078"/>
  <testcase classname="cs.lab.RegistraAppTest" name="testCase1" time="0.078"/>
  <testcase classname="cs.lab.RegistraAppTest" name="testCase1" time="0.078"/>
  <testcase classname="cs.lab.RegistraAppTest" name="testCase1" time="0.078"/>
  <testcase classname="cs.lab.RegistraAppTest" name="testCase1" time="0.064"/>
  <testcase classname="cs.lab.RegistraAppTest" name="testCase1" time="0.066"/>
  <testcase classname="cs.lab.RegistraAppTest" name="testCase1" time="0.077"/>
  <testcase classname="cs.lab.RegistraAppTest" name="testCase1" time="0.076"/>
  <testcase classname="cs.lab.RegistraAppTest" name="testCase1" time="0.075"/>
  <testcase classname="cs.lab.RegistraAppTest" name="testCase1" time="0.071"/>
  <testcase classname="cs.lab.RegistraAppTest" name="testCase1" time="0.07"/>
  <testcase classname="cs.lab.RegistraAppTest" name="testCase1" time="0.07"/>
  <testcase classname="cs.lab.RegistraAppTest" name="testCase1" time="0.071"/>
  <testcase classname="cs.lab.RegistraAppTest" name="testCase1" time="0.071"/>
  <testcase classname="cs.lab.RegistraAppTest" name="testCase1" time="0.07"/>
  <testcase classname="cs.lab.RegistraAppTest" name="testCase1" time="0.071"/>
  <testcase classname="cs.lab.RegistraAppTest" name="testCase1" time="0.071"/>
  <testcase classname="cs.lab.RegistraAppTest" name="testCase1" time="0.071"/>
  <testcase classname="cs.lab.RegistraAppTest" name="testCase1" time="0.072"/>
  <testcase classname="cs.lab.RegistraAppTest" name="testCase1" time="0.072"/>
  <testcase classname="cs.lab.RegistraAppTest" name="testCase1" time="0.072"/>
  <testcase classname="cs.lab.RegistraAppTest" name="testCase1" time="0.073"/>
  <testcase classname="cs.lab.RegistraAppTest" name="testCase1" time="0.073"/>
  <testcase classname="cs.lab.RegistraAppTest" name="testCase1" time="0.073"/>
  <testcase classname="cs.lab.RegistraAppTest" name="testCase1" time="0.073"/>
  <testcase classname="cs.lab.RegistraAppTest" name="testCase1" time="0.104"/>
  <testcase classname="cs.lab.RegistraAppTest" name="testCase1" time="0.103"/>
</testsuite> <!-- Surefire test -->
