<?xml version="1.0" encoding="UTF-8"?>
<!-- Generated by org.testng.reporters.JUnitXMLReporter -->
<testsuite ignored="0" hostname="Carloss-MacBook-Pro.local" failures="0" tests="101" name="Surefire test" time="0.298" errors="0" timestamp="2020-10-08T09:56:36 PET">
  <testcase classname="cs.lab.RegistraAppTest" name="testCase0" time="0.049"/>
  <testcase classname="cs.lab.RegistraAppTest" name="testCase1" time="0.005"/>
  <testcase classname="cs.lab.RegistraAppTest" name="testCase1" time="0.011"/>
  <testcase classname="cs.lab.RegistraAppTest" name="testCase1" time="0.02"/>
  <testcase classname="cs.lab.RegistraAppTest" name="testCase1" time="0.022"/>
  <testcase classname="cs.lab.RegistraAppTest" name="testCase1" time="0.027"/>
  <testcase classname="cs.lab.RegistraAppTest" name="testCase1" time="0.03"/>
  <testcase classname="cs.lab.RegistraAppTest" name="testCase1" time="0.033"/>
  <testcase classname="cs.lab.RegistraAppTest" name="testCase1" time="0.002"/>
  <testcase classname="cs.lab.RegistraAppTest" name="testCase1" time="0.006"/>
  <testcase classname="cs.lab.RegistraAppTest" name="testCase1" time="0.011"/>
  <testcase classname="cs.lab.RegistraAppTest" name="testCase1" time="0.014"/>
  <testcase classname="cs.lab.RegistraAppTest" name="testCase1" time="0.002"/>
  <testcase classname="cs.lab.RegistraAppTest" name="testCase1" time="0.047"/>
  <testcase classname="cs.lab.RegistraAppTest" name="testCase1" time="0.051"/>
  <testcase classname="cs.lab.RegistraAppTest" name="testCase1" time="0.001"/>
  <testcase classname="cs.lab.RegistraAppTest" name="testCase1" time="0.055"/>
  <testcase classname="cs.lab.RegistraAppTest" name="testCase1" time="0.062"/>
  <testcase classname="cs.lab.RegistraAppTest" name="testCase1" time="0.003"/>
  <testcase classname="cs.lab.RegistraAppTest" name="testCase1" time="0.066"/>
  <testcase classname="cs.lab.RegistraAppTest" name="testCase1" time="0.073"/>
  <testcase classname="cs.lab.RegistraAppTest" name="testCase1" time="0.083"/>
  <testcase classname="cs.lab.RegistraAppTest" name="testCase1" time="0.095"/>
  <testcase classname="cs.lab.RegistraAppTest" name="testCase1" time="0.028"/>
  <testcase classname="cs.lab.RegistraAppTest" name="testCase1" time="0.079"/>
  <testcase classname="cs.lab.RegistraAppTest" name="testCase1" time="0.12"/>
  <testcase classname="cs.lab.RegistraAppTest" name="testCase1" time="0.091"/>
  <testcase classname="cs.lab.RegistraAppTest" name="testCase1" time="0.071"/>
  <testcase classname="cs.lab.RegistraAppTest" name="testCase1" time="0.13"/>
  <testcase classname="cs.lab.RegistraAppTest" name="testCase1" time="0.135"/>
  <testcase classname="cs.lab.RegistraAppTest" name="testCase1" time="0.146"/>
  <testcase classname="cs.lab.RegistraAppTest" name="testCase1" time="0.15"/>
  <testcase classname="cs.lab.RegistraAppTest" name="testCase1" time="0.15"/>
  <testcase classname="cs.lab.RegistraAppTest" name="testCase1" time="0.149"/>
  <testcase classname="cs.lab.RegistraAppTest" name="testCase1" time="0.148"/>
  <testcase classname="cs.lab.RegistraAppTest" name="testCase1" time="0.145"/>
  <testcase classname="cs.lab.RegistraAppTest" name="testCase1" time="0.146"/>
  <testcase classname="cs.lab.RegistraAppTest" name="testCase1" time="0.146"/>
  <testcase classname="cs.lab.RegistraAppTest" name="testCase1" time="0.143"/>
  <testcase classname="cs.lab.RegistraAppTest" name="testCase1" time="0.143"/>
  <testcase classname="cs.lab.RegistraAppTest" name="testCase1" time="0.141"/>
  <testcase classname="cs.lab.RegistraAppTest" name="testCase1" time="0.076"/>
  <testcase classname="cs.lab.RegistraAppTest" name="testCase1" time="0.082"/>
  <testcase classname="cs.lab.RegistraAppTest" name="testCase1" time="0.142"/>
  <testcase classname="cs.lab.RegistraAppTest" name="testCase1" time="0.14"/>
  <testcase classname="cs.lab.RegistraAppTest" name="testCase1" time="0.096"/>
  <testcase classname="cs.lab.RegistraAppTest" name="testCase1" time="0.141"/>
  <testcase classname="cs.lab.RegistraAppTest" name="testCase1" time="0.098"/>
  <testcase classname="cs.lab.RegistraAppTest" name="testCase1" time="0.146"/>
  <testcase classname="cs.lab.RegistraAppTest" name="testCase1" time="0.108"/>
  <testcase classname="cs.lab.RegistraAppTest" name="testCase1" time="0.169"/>
  <testcase classname="cs.lab.RegistraAppTest" name="testCase1" time="0.138"/>
  <testcase classname="cs.lab.RegistraAppTest" name="testCase1" time="0.139"/>
  <testcase classname="cs.lab.RegistraAppTest" name="testCase1" time="0.14"/>
  <testcase classname="cs.lab.RegistraAppTest" name="testCase1" time="0.14"/>
  <testcase classname="cs.lab.RegistraAppTest" name="testCase1" time="0.141"/>
  <testcase classname="cs.lab.RegistraAppTest" name="testCase1" time="0.141"/>
  <testcase classname="cs.lab.RegistraAppTest" name="testCase1" time="0.142"/>
  <testcase classname="cs.lab.RegistraAppTest" name="testCase1" time="0.14"/>
  <testcase classname="cs.lab.RegistraAppTest" name="testCase1" time="0.141"/>
  <testcase classname="cs.lab.RegistraAppTest" name="testCase1" time="0.141"/>
  <testcase classname="cs.lab.RegistraAppTest" name="testCase1" time="0.142"/>
  <testcase classname="cs.lab.RegistraAppTest" name="testCase1" time="0.138"/>
  <testcase classname="cs.lab.RegistraAppTest" name="testCase1" time="0.143"/>
  <testcase classname="cs.lab.RegistraAppTest" name="testCase1" time="0.138"/>
  <testcase classname="cs.lab.RegistraAppTest" name="testCase1" time="0.138"/>
  <testcase classname="cs.lab.RegistraAppTest" name="testCase1" time="0.137"/>
  <testcase classname="cs.lab.RegistraAppTest" name="testCase1" time="0.137"/>
  <testcase classname="cs.lab.RegistraAppTest" name="testCase1" time="0.138"/>
  <testcase classname="cs.lab.RegistraAppTest" name="testCase1" time="0.137"/>
  <testcase classname="cs.lab.RegistraAppTest" name="testCase1" time="0.136"/>
  <testcase classname="cs.lab.RegistraAppTest" name="testCase1" time="0.136"/>
  <testcase classname="cs.lab.RegistraAppTest" name="testCase1" time="0.133"/>
  <testcase classname="cs.lab.RegistraAppTest" name="testCase1" time="0.134"/>
  <testcase classname="cs.lab.RegistraAppTest" name="testCase1" time="0.124"/>
  <testcase classname="cs.lab.RegistraAppTest" name="testCase1" time="0.124"/>
  <testcase classname="cs.lab.RegistraAppTest" name="testCase1" time="0.123"/>
  <testcase classname="cs.lab.RegistraAppTest" name="testCase1" time="0.123"/>
  <testcase classname="cs.lab.RegistraAppTest" name="testCase1" time="0.123"/>
  <testcase classname="cs.lab.RegistraAppTest" name="testCase1" time="0.121"/>
  <testcase classname="cs.lab.RegistraAppTest" name="testCase1" time="0.12"/>
  <testcase classname="cs.lab.RegistraAppTest" name="testCase1" time="0.12"/>
  <testcase classname="cs.lab.RegistraAppTest" name="testCase1" time="0.119"/>
  <testcase classname="cs.lab.RegistraAppTest" name="testCase1" time="0.119"/>
  <testcase classname="cs.lab.RegistraAppTest" name="testCase1" time="0.118"/>
  <testcase classname="cs.lab.RegistraAppTest" name="testCase1" time="0.117"/>
  <testcase classname="cs.lab.RegistraAppTest" name="testCase1" time="0.117"/>
  <testcase classname="cs.lab.RegistraAppTest" name="testCase1" time="0.118"/>
  <testcase classname="cs.lab.RegistraAppTest" name="testCase1" time="0.117"/>
  <testcase classname="cs.lab.RegistraAppTest" name="testCase1" time="0.116"/>
  <testcase classname="cs.lab.RegistraAppTest" name="testCase1" time="0.115"/>
  <testcase classname="cs.lab.RegistraAppTest" name="testCase1" time="0.113"/>
  <testcase classname="cs.lab.RegistraAppTest" name="testCase1" time="0.112"/>
  <testcase classname="cs.lab.RegistraAppTest" name="testCase1" time="0.111"/>
  <testcase classname="cs.lab.RegistraAppTest" name="testCase1" time="0.108"/>
  <testcase classname="cs.lab.RegistraAppTest" name="testCase1" time="0.107"/>
  <testcase classname="cs.lab.RegistraAppTest" name="testCase1" time="0.106"/>
  <testcase classname="cs.lab.RegistraAppTest" name="testCase1" time="0.105"/>
  <testcase classname="cs.lab.RegistraAppTest" name="testCase1" time="0.104"/>
  <testcase classname="cs.lab.RegistraAppTest" name="testCase1" time="0.185"/>
  <testcase classname="cs.lab.RegistraAppTest" name="testCase1" time="0.152"/>
</testsuite> <!-- Surefire test -->
