<?xml version="1.0" encoding="UTF-8"?>
<testng-results ignored="0" total="103" passed="103" failed="0" skipped="0">
  <reporter-output>
  </reporter-output>
  <suite started-at="2020-10-08T10:11:03 PET" name="Surefire suite" finished-at="2020-10-08T10:11:04 PET" duration-ms="295">
    <groups>
    </groups>
    <test started-at="2020-10-08T10:11:03 PET" name="Surefire test" finished-at="2020-10-08T10:11:04 PET" duration-ms="295">
      <class name="cs.lab.RegistraAppTest">
        <test-method signature="testCase0()[pri:0, instance:cs.lab.RegistraAppTest@7187bac9]" started-at="2020-10-08T10:11:03 PET" name="testCase0" finished-at="2020-10-08T10:11:03 PET" duration-ms="50" status="PASS">
          <reporter-output>
          </reporter-output>
        </test-method> <!-- testCase0 -->
        <test-method signature="testCase1()[pri:0, instance:cs.lab.RegistraAppTest@7187bac9]" started-at="2020-10-08T10:11:03 PET" name="testCase1" finished-at="2020-10-08T10:11:03 PET" duration-ms="53" status="PASS">
          <reporter-output>
          </reporter-output>
        </test-method> <!-- testCase1 -->
        <test-method signature="testCase1()[pri:0, instance:cs.lab.RegistraAppTest@7187bac9]" started-at="2020-10-08T10:11:03 PET" name="testCase1" finished-at="2020-10-08T10:11:03 PET" duration-ms="24" status="PASS">
          <reporter-output>
          </reporter-output>
        </test-method> <!-- testCase1 -->
        <test-method signature="testCase1()[pri:0, instance:cs.lab.RegistraAppTest@7187bac9]" started-at="2020-10-08T10:11:03 PET" name="testCase1" finished-at="2020-10-08T10:11:03 PET" duration-ms="23" status="PASS">
          <reporter-output>
          </reporter-output>
        </test-method> <!-- testCase1 -->
        <test-method signature="testCase1()[pri:0, instance:cs.lab.RegistraAppTest@7187bac9]" started-at="2020-10-08T10:11:03 PET" name="testCase1" finished-at="2020-10-08T10:11:03 PET" duration-ms="46" status="PASS">
          <reporter-output>
          </reporter-output>
        </test-method> <!-- testCase1 -->
        <test-method signature="testCase1()[pri:0, instance:cs.lab.RegistraAppTest@7187bac9]" started-at="2020-10-08T10:11:03 PET" name="testCase1" finished-at="2020-10-08T10:11:03 PET" duration-ms="15" status="PASS">
          <reporter-output>
          </reporter-output>
        </test-method> <!-- testCase1 -->
        <test-method signature="testCase1()[pri:0, instance:cs.lab.RegistraAppTest@7187bac9]" started-at="2020-10-08T10:11:03 PET" name="testCase1" finished-at="2020-10-08T10:11:03 PET" duration-ms="22" status="PASS">
          <reporter-output>
          </reporter-output>
        </test-method> <!-- testCase1 -->
        <test-method signature="testCase1()[pri:0, instance:cs.lab.RegistraAppTest@7187bac9]" started-at="2020-10-08T10:11:03 PET" name="testCase1" finished-at="2020-10-08T10:11:03 PET" duration-ms="23" status="PASS">
          <reporter-output>
          </reporter-output>
        </test-method> <!-- testCase1 -->
        <test-method signature="testCase1()[pri:0, instance:cs.lab.RegistraAppTest@7187bac9]" started-at="2020-10-08T10:11:03 PET" name="testCase1" finished-at="2020-10-08T10:11:03 PET" duration-ms="34" status="PASS">
          <reporter-output>
          </reporter-output>
        </test-method> <!-- testCase1 -->
        <test-method signature="testCase1()[pri:0, instance:cs.lab.RegistraAppTest@7187bac9]" started-at="2020-10-08T10:11:03 PET" name="testCase1" finished-at="2020-10-08T10:11:03 PET" duration-ms="34" status="PASS">
          <reporter-output>
          </reporter-output>
        </test-method> <!-- testCase1 -->
        <test-method signature="testCase1()[pri:0, instance:cs.lab.RegistraAppTest@7187bac9]" started-at="2020-10-08T10:11:03 PET" name="testCase1" finished-at="2020-10-08T10:11:03 PET" duration-ms="35" status="PASS">
          <reporter-output>
          </reporter-output>
        </test-method> <!-- testCase1 -->
        <test-method signature="testCase1()[pri:0, instance:cs.lab.RegistraAppTest@7187bac9]" started-at="2020-10-08T10:11:03 PET" name="testCase1" finished-at="2020-10-08T10:11:03 PET" duration-ms="34" status="PASS">
          <reporter-output>
          </reporter-output>
        </test-method> <!-- testCase1 -->
        <test-method signature="testCase1()[pri:0, instance:cs.lab.RegistraAppTest@7187bac9]" started-at="2020-10-08T10:11:03 PET" name="testCase1" finished-at="2020-10-08T10:11:03 PET" duration-ms="34" status="PASS">
          <reporter-output>
          </reporter-output>
        </test-method> <!-- testCase1 -->
        <test-method signature="testCase1()[pri:0, instance:cs.lab.RegistraAppTest@7187bac9]" started-at="2020-10-08T10:11:03 PET" name="testCase1" finished-at="2020-10-08T10:11:03 PET" duration-ms="33" status="PASS">
          <reporter-output>
          </reporter-output>
        </test-method> <!-- testCase1 -->
        <test-method signature="testCase1()[pri:0, instance:cs.lab.RegistraAppTest@7187bac9]" started-at="2020-10-08T10:11:03 PET" name="testCase1" finished-at="2020-10-08T10:11:03 PET" duration-ms="35" status="PASS">
          <reporter-output>
          </reporter-output>
        </test-method> <!-- testCase1 -->
        <test-method signature="testCase1()[pri:0, instance:cs.lab.RegistraAppTest@7187bac9]" started-at="2020-10-08T10:11:03 PET" name="testCase1" finished-at="2020-10-08T10:11:03 PET" duration-ms="33" status="PASS">
          <reporter-output>
          </reporter-output>
        </test-method> <!-- testCase1 -->
        <test-method signature="testCase1()[pri:0, instance:cs.lab.RegistraAppTest@7187bac9]" started-at="2020-10-08T10:11:03 PET" name="testCase1" finished-at="2020-10-08T10:11:03 PET" duration-ms="38" status="PASS">
          <reporter-output>
          </reporter-output>
        </test-method> <!-- testCase1 -->
        <test-method signature="testCase1()[pri:0, instance:cs.lab.RegistraAppTest@7187bac9]" started-at="2020-10-08T10:11:03 PET" name="testCase1" finished-at="2020-10-08T10:11:03 PET" duration-ms="26" status="PASS">
          <reporter-output>
          </reporter-output>
        </test-method> <!-- testCase1 -->
        <test-method signature="testCase1()[pri:0, instance:cs.lab.RegistraAppTest@7187bac9]" started-at="2020-10-08T10:11:03 PET" name="testCase1" finished-at="2020-10-08T10:11:03 PET" duration-ms="41" status="PASS">
          <reporter-output>
          </reporter-output>
        </test-method> <!-- testCase1 -->
        <test-method signature="testCase1()[pri:0, instance:cs.lab.RegistraAppTest@7187bac9]" started-at="2020-10-08T10:11:03 PET" name="testCase1" finished-at="2020-10-08T10:11:03 PET" duration-ms="31" status="PASS">
          <reporter-output>
          </reporter-output>
        </test-method> <!-- testCase1 -->
        <test-method signature="testCase1()[pri:0, instance:cs.lab.RegistraAppTest@7187bac9]" started-at="2020-10-08T10:11:03 PET" name="testCase1" finished-at="2020-10-08T10:11:03 PET" duration-ms="37" status="PASS">
          <reporter-output>
          </reporter-output>
        </test-method> <!-- testCase1 -->
        <test-method signature="testCase1()[pri:0, instance:cs.lab.RegistraAppTest@7187bac9]" started-at="2020-10-08T10:11:03 PET" name="testCase1" finished-at="2020-10-08T10:11:03 PET" duration-ms="27" status="PASS">
          <reporter-output>
          </reporter-output>
        </test-method> <!-- testCase1 -->
        <test-method signature="testCase1()[pri:0, instance:cs.lab.RegistraAppTest@7187bac9]" started-at="2020-10-08T10:11:03 PET" name="testCase1" finished-at="2020-10-08T10:11:03 PET" duration-ms="26" status="PASS">
          <reporter-output>
          </reporter-output>
        </test-method> <!-- testCase1 -->
        <test-method signature="testCase1()[pri:0, instance:cs.lab.RegistraAppTest@7187bac9]" started-at="2020-10-08T10:11:03 PET" name="testCase1" finished-at="2020-10-08T10:11:04 PET" duration-ms="53" status="PASS">
          <reporter-output>
          </reporter-output>
        </test-method> <!-- testCase1 -->
        <test-method signature="testCase1()[pri:0, instance:cs.lab.RegistraAppTest@7187bac9]" started-at="2020-10-08T10:11:03 PET" name="testCase1" finished-at="2020-10-08T10:11:04 PET" duration-ms="51" status="PASS">
          <reporter-output>
          </reporter-output>
        </test-method> <!-- testCase1 -->
        <test-method signature="testCase1()[pri:0, instance:cs.lab.RegistraAppTest@7187bac9]" started-at="2020-10-08T10:11:03 PET" name="testCase1" finished-at="2020-10-08T10:11:04 PET" duration-ms="53" status="PASS">
          <reporter-output>
          </reporter-output>
        </test-method> <!-- testCase1 -->
        <test-method signature="testCase1()[pri:0, instance:cs.lab.RegistraAppTest@7187bac9]" started-at="2020-10-08T10:11:03 PET" name="testCase1" finished-at="2020-10-08T10:11:04 PET" duration-ms="46" status="PASS">
          <reporter-output>
          </reporter-output>
        </test-method> <!-- testCase1 -->
        <test-method signature="testCase1()[pri:0, instance:cs.lab.RegistraAppTest@7187bac9]" started-at="2020-10-08T10:11:03 PET" name="testCase1" finished-at="2020-10-08T10:11:04 PET" duration-ms="82" status="PASS">
          <reporter-output>
          </reporter-output>
        </test-method> <!-- testCase1 -->
        <test-method signature="testCase1()[pri:0, instance:cs.lab.RegistraAppTest@7187bac9]" started-at="2020-10-08T10:11:03 PET" name="testCase1" finished-at="2020-10-08T10:11:04 PET" duration-ms="86" status="PASS">
          <reporter-output>
          </reporter-output>
        </test-method> <!-- testCase1 -->
        <test-method signature="testCase1()[pri:0, instance:cs.lab.RegistraAppTest@7187bac9]" started-at="2020-10-08T10:11:03 PET" name="testCase1" finished-at="2020-10-08T10:11:04 PET" duration-ms="81" status="PASS">
          <reporter-output>
          </reporter-output>
        </test-method> <!-- testCase1 -->
        <test-method signature="testCase1()[pri:0, instance:cs.lab.RegistraAppTest@7187bac9]" started-at="2020-10-08T10:11:03 PET" name="testCase1" finished-at="2020-10-08T10:11:04 PET" duration-ms="44" status="PASS">
          <reporter-output>
          </reporter-output>
        </test-method> <!-- testCase1 -->
        <test-method signature="testCase1()[pri:0, instance:cs.lab.RegistraAppTest@7187bac9]" started-at="2020-10-08T10:11:03 PET" name="testCase1" finished-at="2020-10-08T10:11:04 PET" duration-ms="74" status="PASS">
          <reporter-output>
          </reporter-output>
        </test-method> <!-- testCase1 -->
        <test-method signature="testCase1()[pri:0, instance:cs.lab.RegistraAppTest@7187bac9]" started-at="2020-10-08T10:11:03 PET" name="testCase1" finished-at="2020-10-08T10:11:04 PET" duration-ms="126" status="PASS">
          <reporter-output>
          </reporter-output>
        </test-method> <!-- testCase1 -->
        <test-method signature="testCase1()[pri:0, instance:cs.lab.RegistraAppTest@7187bac9]" started-at="2020-10-08T10:11:03 PET" name="testCase1" finished-at="2020-10-08T10:11:04 PET" duration-ms="73" status="PASS">
          <reporter-output>
          </reporter-output>
        </test-method> <!-- testCase1 -->
        <test-method signature="testCase1()[pri:0, instance:cs.lab.RegistraAppTest@7187bac9]" started-at="2020-10-08T10:11:03 PET" name="testCase1" finished-at="2020-10-08T10:11:04 PET" duration-ms="81" status="PASS">
          <reporter-output>
          </reporter-output>
        </test-method> <!-- testCase1 -->
        <test-method signature="testCase1()[pri:0, instance:cs.lab.RegistraAppTest@7187bac9]" started-at="2020-10-08T10:11:03 PET" name="testCase1" finished-at="2020-10-08T10:11:04 PET" duration-ms="76" status="PASS">
          <reporter-output>
          </reporter-output>
        </test-method> <!-- testCase1 -->
        <test-method signature="testCase1()[pri:0, instance:cs.lab.RegistraAppTest@7187bac9]" started-at="2020-10-08T10:11:03 PET" name="testCase1" finished-at="2020-10-08T10:11:04 PET" duration-ms="37" status="PASS">
          <reporter-output>
          </reporter-output>
        </test-method> <!-- testCase1 -->
        <test-method signature="testCase1()[pri:0, instance:cs.lab.RegistraAppTest@7187bac9]" started-at="2020-10-08T10:11:03 PET" name="testCase1" finished-at="2020-10-08T10:11:04 PET" duration-ms="36" status="PASS">
          <reporter-output>
          </reporter-output>
        </test-method> <!-- testCase1 -->
        <test-method signature="testCase1()[pri:0, instance:cs.lab.RegistraAppTest@7187bac9]" started-at="2020-10-08T10:11:03 PET" name="testCase1" finished-at="2020-10-08T10:11:04 PET" duration-ms="83" status="PASS">
          <reporter-output>
          </reporter-output>
        </test-method> <!-- testCase1 -->
        <test-method signature="testCase1()[pri:0, instance:cs.lab.RegistraAppTest@7187bac9]" started-at="2020-10-08T10:11:03 PET" name="testCase1" finished-at="2020-10-08T10:11:04 PET" duration-ms="86" status="PASS">
          <reporter-output>
          </reporter-output>
        </test-method> <!-- testCase1 -->
        <test-method signature="testCase1()[pri:0, instance:cs.lab.RegistraAppTest@7187bac9]" started-at="2020-10-08T10:11:03 PET" name="testCase1" finished-at="2020-10-08T10:11:04 PET" duration-ms="85" status="PASS">
          <reporter-output>
          </reporter-output>
        </test-method> <!-- testCase1 -->
        <test-method signature="testCase1()[pri:0, instance:cs.lab.RegistraAppTest@7187bac9]" started-at="2020-10-08T10:11:03 PET" name="testCase1" finished-at="2020-10-08T10:11:04 PET" duration-ms="86" status="PASS">
          <reporter-output>
          </reporter-output>
        </test-method> <!-- testCase1 -->
        <test-method signature="testCase1()[pri:0, instance:cs.lab.RegistraAppTest@7187bac9]" started-at="2020-10-08T10:11:03 PET" name="testCase1" finished-at="2020-10-08T10:11:04 PET" duration-ms="63" status="PASS">
          <reporter-output>
          </reporter-output>
        </test-method> <!-- testCase1 -->
        <test-method signature="testCase1()[pri:0, instance:cs.lab.RegistraAppTest@7187bac9]" started-at="2020-10-08T10:11:03 PET" name="testCase1" finished-at="2020-10-08T10:11:04 PET" duration-ms="83" status="PASS">
          <reporter-output>
          </reporter-output>
        </test-method> <!-- testCase1 -->
        <test-method signature="testCase1()[pri:0, instance:cs.lab.RegistraAppTest@7187bac9]" started-at="2020-10-08T10:11:03 PET" name="testCase1" finished-at="2020-10-08T10:11:04 PET" duration-ms="59" status="PASS">
          <reporter-output>
          </reporter-output>
        </test-method> <!-- testCase1 -->
        <test-method signature="testCase1()[pri:0, instance:cs.lab.RegistraAppTest@7187bac9]" started-at="2020-10-08T10:11:03 PET" name="testCase1" finished-at="2020-10-08T10:11:04 PET" duration-ms="85" status="PASS">
          <reporter-output>
          </reporter-output>
        </test-method> <!-- testCase1 -->
        <test-method signature="testCase1()[pri:0, instance:cs.lab.RegistraAppTest@7187bac9]" started-at="2020-10-08T10:11:03 PET" name="testCase1" finished-at="2020-10-08T10:11:04 PET" duration-ms="88" status="PASS">
          <reporter-output>
          </reporter-output>
        </test-method> <!-- testCase1 -->
        <test-method signature="testCase1()[pri:0, instance:cs.lab.RegistraAppTest@7187bac9]" started-at="2020-10-08T10:11:03 PET" name="testCase1" finished-at="2020-10-08T10:11:04 PET" duration-ms="88" status="PASS">
          <reporter-output>
          </reporter-output>
        </test-method> <!-- testCase1 -->
        <test-method signature="testCase1()[pri:0, instance:cs.lab.RegistraAppTest@7187bac9]" started-at="2020-10-08T10:11:03 PET" name="testCase1" finished-at="2020-10-08T10:11:04 PET" duration-ms="84" status="PASS">
          <reporter-output>
          </reporter-output>
        </test-method> <!-- testCase1 -->
        <test-method signature="testCase1()[pri:0, instance:cs.lab.RegistraAppTest@7187bac9]" started-at="2020-10-08T10:11:03 PET" name="testCase1" finished-at="2020-10-08T10:11:04 PET" duration-ms="88" status="PASS">
          <reporter-output>
          </reporter-output>
        </test-method> <!-- testCase1 -->
        <test-method signature="testCase1()[pri:0, instance:cs.lab.RegistraAppTest@7187bac9]" started-at="2020-10-08T10:11:03 PET" name="testCase1" finished-at="2020-10-08T10:11:04 PET" duration-ms="88" status="PASS">
          <reporter-output>
          </reporter-output>
        </test-method> <!-- testCase1 -->
        <test-method signature="testCase1()[pri:0, instance:cs.lab.RegistraAppTest@7187bac9]" started-at="2020-10-08T10:11:03 PET" name="testCase1" finished-at="2020-10-08T10:11:04 PET" duration-ms="48" status="PASS">
          <reporter-output>
          </reporter-output>
        </test-method> <!-- testCase1 -->
        <test-method signature="testCase1()[pri:0, instance:cs.lab.RegistraAppTest@7187bac9]" started-at="2020-10-08T10:11:03 PET" name="testCase1" finished-at="2020-10-08T10:11:04 PET" duration-ms="88" status="PASS">
          <reporter-output>
          </reporter-output>
        </test-method> <!-- testCase1 -->
        <test-method signature="testCase1()[pri:0, instance:cs.lab.RegistraAppTest@7187bac9]" started-at="2020-10-08T10:11:03 PET" name="testCase1" finished-at="2020-10-08T10:11:04 PET" duration-ms="88" status="PASS">
          <reporter-output>
          </reporter-output>
        </test-method> <!-- testCase1 -->
        <test-method signature="testCase1()[pri:0, instance:cs.lab.RegistraAppTest@7187bac9]" started-at="2020-10-08T10:11:03 PET" name="testCase1" finished-at="2020-10-08T10:11:04 PET" duration-ms="87" status="PASS">
          <reporter-output>
          </reporter-output>
        </test-method> <!-- testCase1 -->
        <test-method signature="testCase1()[pri:0, instance:cs.lab.RegistraAppTest@7187bac9]" started-at="2020-10-08T10:11:03 PET" name="testCase1" finished-at="2020-10-08T10:11:04 PET" duration-ms="82" status="PASS">
          <reporter-output>
          </reporter-output>
        </test-method> <!-- testCase1 -->
        <test-method signature="testCase1()[pri:0, instance:cs.lab.RegistraAppTest@7187bac9]" started-at="2020-10-08T10:11:03 PET" name="testCase1" finished-at="2020-10-08T10:11:04 PET" duration-ms="82" status="PASS">
          <reporter-output>
          </reporter-output>
        </test-method> <!-- testCase1 -->
        <test-method signature="testCase1()[pri:0, instance:cs.lab.RegistraAppTest@7187bac9]" started-at="2020-10-08T10:11:03 PET" name="testCase1" finished-at="2020-10-08T10:11:04 PET" duration-ms="82" status="PASS">
          <reporter-output>
          </reporter-output>
        </test-method> <!-- testCase1 -->
        <test-method signature="testCase1()[pri:0, instance:cs.lab.RegistraAppTest@7187bac9]" started-at="2020-10-08T10:11:03 PET" name="testCase1" finished-at="2020-10-08T10:11:04 PET" duration-ms="82" status="PASS">
          <reporter-output>
          </reporter-output>
        </test-method> <!-- testCase1 -->
        <test-method signature="testCase1()[pri:0, instance:cs.lab.RegistraAppTest@7187bac9]" started-at="2020-10-08T10:11:03 PET" name="testCase1" finished-at="2020-10-08T10:11:04 PET" duration-ms="82" status="PASS">
          <reporter-output>
          </reporter-output>
        </test-method> <!-- testCase1 -->
        <test-method signature="testCase1()[pri:0, instance:cs.lab.RegistraAppTest@7187bac9]" started-at="2020-10-08T10:11:03 PET" name="testCase1" finished-at="2020-10-08T10:11:04 PET" duration-ms="82" status="PASS">
          <reporter-output>
          </reporter-output>
        </test-method> <!-- testCase1 -->
        <test-method signature="testCase1()[pri:0, instance:cs.lab.RegistraAppTest@7187bac9]" started-at="2020-10-08T10:11:03 PET" name="testCase1" finished-at="2020-10-08T10:11:04 PET" duration-ms="81" status="PASS">
          <reporter-output>
          </reporter-output>
        </test-method> <!-- testCase1 -->
        <test-method signature="testCase1()[pri:0, instance:cs.lab.RegistraAppTest@7187bac9]" started-at="2020-10-08T10:11:03 PET" name="testCase1" finished-at="2020-10-08T10:11:04 PET" duration-ms="81" status="PASS">
          <reporter-output>
          </reporter-output>
        </test-method> <!-- testCase1 -->
        <test-method signature="testCase1()[pri:0, instance:cs.lab.RegistraAppTest@7187bac9]" started-at="2020-10-08T10:11:03 PET" name="testCase1" finished-at="2020-10-08T10:11:04 PET" duration-ms="81" status="PASS">
          <reporter-output>
          </reporter-output>
        </test-method> <!-- testCase1 -->
        <test-method signature="testCase1()[pri:0, instance:cs.lab.RegistraAppTest@7187bac9]" started-at="2020-10-08T10:11:03 PET" name="testCase1" finished-at="2020-10-08T10:11:04 PET" duration-ms="81" status="PASS">
          <reporter-output>
          </reporter-output>
        </test-method> <!-- testCase1 -->
        <test-method signature="testCase1()[pri:0, instance:cs.lab.RegistraAppTest@7187bac9]" started-at="2020-10-08T10:11:03 PET" name="testCase1" finished-at="2020-10-08T10:11:04 PET" duration-ms="81" status="PASS">
          <reporter-output>
          </reporter-output>
        </test-method> <!-- testCase1 -->
        <test-method signature="testCase1()[pri:0, instance:cs.lab.RegistraAppTest@7187bac9]" started-at="2020-10-08T10:11:03 PET" name="testCase1" finished-at="2020-10-08T10:11:04 PET" duration-ms="81" status="PASS">
          <reporter-output>
          </reporter-output>
        </test-method> <!-- testCase1 -->
        <test-method signature="testCase1()[pri:0, instance:cs.lab.RegistraAppTest@7187bac9]" started-at="2020-10-08T10:11:03 PET" name="testCase1" finished-at="2020-10-08T10:11:04 PET" duration-ms="81" status="PASS">
          <reporter-output>
          </reporter-output>
        </test-method> <!-- testCase1 -->
        <test-method signature="testCase1()[pri:0, instance:cs.lab.RegistraAppTest@7187bac9]" started-at="2020-10-08T10:11:03 PET" name="testCase1" finished-at="2020-10-08T10:11:04 PET" duration-ms="81" status="PASS">
          <reporter-output>
          </reporter-output>
        </test-method> <!-- testCase1 -->
        <test-method signature="testCase1()[pri:0, instance:cs.lab.RegistraAppTest@7187bac9]" started-at="2020-10-08T10:11:03 PET" name="testCase1" finished-at="2020-10-08T10:11:04 PET" duration-ms="67" status="PASS">
          <reporter-output>
          </reporter-output>
        </test-method> <!-- testCase1 -->
        <test-method signature="testCase1()[pri:0, instance:cs.lab.RegistraAppTest@7187bac9]" started-at="2020-10-08T10:11:03 PET" name="testCase1" finished-at="2020-10-08T10:11:04 PET" duration-ms="80" status="PASS">
          <reporter-output>
          </reporter-output>
        </test-method> <!-- testCase1 -->
        <test-method signature="testCase1()[pri:0, instance:cs.lab.RegistraAppTest@7187bac9]" started-at="2020-10-08T10:11:03 PET" name="testCase1" finished-at="2020-10-08T10:11:04 PET" duration-ms="80" status="PASS">
          <reporter-output>
          </reporter-output>
        </test-method> <!-- testCase1 -->
        <test-method signature="testCase1()[pri:0, instance:cs.lab.RegistraAppTest@7187bac9]" started-at="2020-10-08T10:11:03 PET" name="testCase1" finished-at="2020-10-08T10:11:04 PET" duration-ms="79" status="PASS">
          <reporter-output>
          </reporter-output>
        </test-method> <!-- testCase1 -->
        <test-method signature="testCase1()[pri:0, instance:cs.lab.RegistraAppTest@7187bac9]" started-at="2020-10-08T10:11:03 PET" name="testCase1" finished-at="2020-10-08T10:11:04 PET" duration-ms="80" status="PASS">
          <reporter-output>
          </reporter-output>
        </test-method> <!-- testCase1 -->
        <test-method signature="testCase1()[pri:0, instance:cs.lab.RegistraAppTest@7187bac9]" started-at="2020-10-08T10:11:03 PET" name="testCase1" finished-at="2020-10-08T10:11:04 PET" duration-ms="79" status="PASS">
          <reporter-output>
          </reporter-output>
        </test-method> <!-- testCase1 -->
        <test-method signature="testCase1()[pri:0, instance:cs.lab.RegistraAppTest@7187bac9]" started-at="2020-10-08T10:11:03 PET" name="testCase1" finished-at="2020-10-08T10:11:04 PET" duration-ms="81" status="PASS">
          <reporter-output>
          </reporter-output>
        </test-method> <!-- testCase1 -->
        <test-method signature="testCase1()[pri:0, instance:cs.lab.RegistraAppTest@7187bac9]" started-at="2020-10-08T10:11:04 PET" name="testCase1" finished-at="2020-10-08T10:11:04 PET" duration-ms="80" status="PASS">
          <reporter-output>
          </reporter-output>
        </test-method> <!-- testCase1 -->
        <test-method signature="testCase1()[pri:0, instance:cs.lab.RegistraAppTest@7187bac9]" started-at="2020-10-08T10:11:04 PET" name="testCase1" finished-at="2020-10-08T10:11:04 PET" duration-ms="79" status="PASS">
          <reporter-output>
          </reporter-output>
        </test-method> <!-- testCase1 -->
        <test-method signature="testCase1()[pri:0, instance:cs.lab.RegistraAppTest@7187bac9]" started-at="2020-10-08T10:11:04 PET" name="testCase1" finished-at="2020-10-08T10:11:04 PET" duration-ms="80" status="PASS">
          <reporter-output>
          </reporter-output>
        </test-method> <!-- testCase1 -->
        <test-method signature="testCase1()[pri:0, instance:cs.lab.RegistraAppTest@7187bac9]" started-at="2020-10-08T10:11:04 PET" name="testCase1" finished-at="2020-10-08T10:11:04 PET" duration-ms="87" status="PASS">
          <reporter-output>
          </reporter-output>
        </test-method> <!-- testCase1 -->
        <test-method signature="testCase1()[pri:0, instance:cs.lab.RegistraAppTest@7187bac9]" started-at="2020-10-08T10:11:04 PET" name="testCase1" finished-at="2020-10-08T10:11:04 PET" duration-ms="82" status="PASS">
          <reporter-output>
          </reporter-output>
        </test-method> <!-- testCase1 -->
        <test-method signature="testCase1()[pri:0, instance:cs.lab.RegistraAppTest@7187bac9]" started-at="2020-10-08T10:11:04 PET" name="testCase1" finished-at="2020-10-08T10:11:04 PET" duration-ms="81" status="PASS">
          <reporter-output>
          </reporter-output>
        </test-method> <!-- testCase1 -->
        <test-method signature="testCase1()[pri:0, instance:cs.lab.RegistraAppTest@7187bac9]" started-at="2020-10-08T10:11:04 PET" name="testCase1" finished-at="2020-10-08T10:11:04 PET" duration-ms="82" status="PASS">
          <reporter-output>
          </reporter-output>
        </test-method> <!-- testCase1 -->
        <test-method signature="testCase1()[pri:0, instance:cs.lab.RegistraAppTest@7187bac9]" started-at="2020-10-08T10:11:04 PET" name="testCase1" finished-at="2020-10-08T10:11:04 PET" duration-ms="82" status="PASS">
          <reporter-output>
          </reporter-output>
        </test-method> <!-- testCase1 -->
        <test-method signature="testCase1()[pri:0, instance:cs.lab.RegistraAppTest@7187bac9]" started-at="2020-10-08T10:11:04 PET" name="testCase1" finished-at="2020-10-08T10:11:04 PET" duration-ms="81" status="PASS">
          <reporter-output>
          </reporter-output>
        </test-method> <!-- testCase1 -->
        <test-method signature="testCase1()[pri:0, instance:cs.lab.RegistraAppTest@7187bac9]" started-at="2020-10-08T10:11:04 PET" name="testCase1" finished-at="2020-10-08T10:11:04 PET" duration-ms="81" status="PASS">
          <reporter-output>
          </reporter-output>
        </test-method> <!-- testCase1 -->
        <test-method signature="testCase1()[pri:0, instance:cs.lab.RegistraAppTest@7187bac9]" started-at="2020-10-08T10:11:04 PET" name="testCase1" finished-at="2020-10-08T10:11:04 PET" duration-ms="82" status="PASS">
          <reporter-output>
          </reporter-output>
        </test-method> <!-- testCase1 -->
        <test-method signature="testCase1()[pri:0, instance:cs.lab.RegistraAppTest@7187bac9]" started-at="2020-10-08T10:11:04 PET" name="testCase1" finished-at="2020-10-08T10:11:04 PET" duration-ms="81" status="PASS">
          <reporter-output>
          </reporter-output>
        </test-method> <!-- testCase1 -->
        <test-method signature="testCase1()[pri:0, instance:cs.lab.RegistraAppTest@7187bac9]" started-at="2020-10-08T10:11:04 PET" name="testCase1" finished-at="2020-10-08T10:11:04 PET" duration-ms="81" status="PASS">
          <reporter-output>
          </reporter-output>
        </test-method> <!-- testCase1 -->
        <test-method signature="testCase1()[pri:0, instance:cs.lab.RegistraAppTest@7187bac9]" started-at="2020-10-08T10:11:04 PET" name="testCase1" finished-at="2020-10-08T10:11:04 PET" duration-ms="81" status="PASS">
          <reporter-output>
          </reporter-output>
        </test-method> <!-- testCase1 -->
        <test-method signature="testCase1()[pri:0, instance:cs.lab.RegistraAppTest@7187bac9]" started-at="2020-10-08T10:11:04 PET" name="testCase1" finished-at="2020-10-08T10:11:04 PET" duration-ms="81" status="PASS">
          <reporter-output>
          </reporter-output>
        </test-method> <!-- testCase1 -->
        <test-method signature="testCase1()[pri:0, instance:cs.lab.RegistraAppTest@7187bac9]" started-at="2020-10-08T10:11:04 PET" name="testCase1" finished-at="2020-10-08T10:11:04 PET" duration-ms="81" status="PASS">
          <reporter-output>
          </reporter-output>
        </test-method> <!-- testCase1 -->
        <test-method signature="testCase1()[pri:0, instance:cs.lab.RegistraAppTest@7187bac9]" started-at="2020-10-08T10:11:04 PET" name="testCase1" finished-at="2020-10-08T10:11:04 PET" duration-ms="74" status="PASS">
          <reporter-output>
          </reporter-output>
        </test-method> <!-- testCase1 -->
        <test-method signature="testCase1()[pri:0, instance:cs.lab.RegistraAppTest@7187bac9]" started-at="2020-10-08T10:11:04 PET" name="testCase1" finished-at="2020-10-08T10:11:04 PET" duration-ms="81" status="PASS">
          <reporter-output>
          </reporter-output>
        </test-method> <!-- testCase1 -->
        <test-method signature="testCase1()[pri:0, instance:cs.lab.RegistraAppTest@7187bac9]" started-at="2020-10-08T10:11:04 PET" name="testCase1" finished-at="2020-10-08T10:11:04 PET" duration-ms="82" status="PASS">
          <reporter-output>
          </reporter-output>
        </test-method> <!-- testCase1 -->
        <test-method signature="testCase1()[pri:0, instance:cs.lab.RegistraAppTest@7187bac9]" started-at="2020-10-08T10:11:04 PET" name="testCase1" finished-at="2020-10-08T10:11:04 PET" duration-ms="81" status="PASS">
          <reporter-output>
          </reporter-output>
        </test-method> <!-- testCase1 -->
        <test-method signature="testCase1()[pri:0, instance:cs.lab.RegistraAppTest@7187bac9]" started-at="2020-10-08T10:11:04 PET" name="testCase1" finished-at="2020-10-08T10:11:04 PET" duration-ms="81" status="PASS">
          <reporter-output>
          </reporter-output>
        </test-method> <!-- testCase1 -->
        <test-method signature="testCase1()[pri:0, instance:cs.lab.RegistraAppTest@7187bac9]" started-at="2020-10-08T10:11:04 PET" name="testCase1" finished-at="2020-10-08T10:11:04 PET" duration-ms="81" status="PASS">
          <reporter-output>
          </reporter-output>
        </test-method> <!-- testCase1 -->
        <test-method signature="testCase1()[pri:0, instance:cs.lab.RegistraAppTest@7187bac9]" started-at="2020-10-08T10:11:04 PET" name="testCase1" finished-at="2020-10-08T10:11:04 PET" duration-ms="81" status="PASS">
          <reporter-output>
          </reporter-output>
        </test-method> <!-- testCase1 -->
        <test-method signature="testCase1()[pri:0, instance:cs.lab.RegistraAppTest@7187bac9]" started-at="2020-10-08T10:11:04 PET" name="testCase1" finished-at="2020-10-08T10:11:04 PET" duration-ms="81" status="PASS">
          <reporter-output>
          </reporter-output>
        </test-method> <!-- testCase1 -->
        <test-method signature="testCase1()[pri:0, instance:cs.lab.RegistraAppTest@7187bac9]" started-at="2020-10-08T10:11:04 PET" name="testCase1" finished-at="2020-10-08T10:11:04 PET" duration-ms="81" status="PASS">
          <reporter-output>
          </reporter-output>
        </test-method> <!-- testCase1 -->
        <test-method signature="testCase2()[pri:0, instance:cs.lab.RegistraAppTest@7187bac9]" started-at="2020-10-08T10:11:04 PET" name="testCase2" finished-at="2020-10-08T10:11:04 PET" duration-ms="1" status="PASS">
          <exception class="cs.lab.InvalidCourseFormatException">
            <message>
              <![CDATA[El idioma no es válido]]>
            </message>
            <full-stacktrace>
              <![CDATA[cs.lab.InvalidCourseFormatException: El idioma no es válido
at cs.lab.Clase.checkIdioma(Clase.java:65)
at cs.lab.Clase.<init>(Clase.java:20)
at cs.lab.RegistraAppTest.testCase2(RegistraAppTest.java:60)
at java.base/jdk.internal.reflect.NativeMethodAccessorImpl.invoke0(Native Method)
at java.base/jdk.internal.reflect.NativeMethodAccessorImpl.invoke(NativeMethodAccessorImpl.java:62)
at java.base/jdk.internal.reflect.DelegatingMethodAccessorImpl.invoke(DelegatingMethodAccessorImpl.java:43)
at java.base/java.lang.reflect.Method.invoke(Method.java:567)
at org.testng.internal.MethodInvocationHelper.invokeMethod(MethodInvocationHelper.java:132)
at org.testng.internal.TestInvoker.invokeMethod(TestInvoker.java:599)
at org.testng.internal.TestInvoker.invokeTestMethod(TestInvoker.java:174)
at org.testng.internal.MethodRunner.runInSequence(MethodRunner.java:46)
at org.testng.internal.TestInvoker$MethodInvocationAgent.invoke(TestInvoker.java:822)
at org.testng.internal.TestInvoker.invokeTestMethods(TestInvoker.java:147)
at org.testng.internal.TestMethodWorker.invokeTestMethods(TestMethodWorker.java:146)
at org.testng.internal.TestMethodWorker.run(TestMethodWorker.java:128)
at java.base/java.util.ArrayList.forEach(ArrayList.java:1507)
at org.testng.TestRunner.privateRun(TestRunner.java:764)
at org.testng.TestRunner.run(TestRunner.java:585)
at org.testng.SuiteRunner.runTest(SuiteRunner.java:384)
at org.testng.SuiteRunner.runSequentially(SuiteRunner.java:378)
at org.testng.SuiteRunner.privateRun(SuiteRunner.java:337)
at org.testng.SuiteRunner.run(SuiteRunner.java:286)
at org.testng.SuiteRunnerWorker.runSuite(SuiteRunnerWorker.java:53)
at org.testng.SuiteRunnerWorker.run(SuiteRunnerWorker.java:96)
at org.testng.TestNG.runSuitesSequentially(TestNG.java:1218)
at org.testng.TestNG.runSuitesLocally(TestNG.java:1140)
at org.testng.TestNG.runSuites(TestNG.java:1069)
at org.testng.TestNG.run(TestNG.java:1037)
at org.apache.maven.surefire.testng.TestNGExecutor.run(TestNGExecutor.java:135)
at org.apache.maven.surefire.testng.TestNGDirectoryTestSuite.executeSingleClass(TestNGDirectoryTestSuite.java:112)
at org.apache.maven.surefire.testng.TestNGDirectoryTestSuite.execute(TestNGDirectoryTestSuite.java:99)
at org.apache.maven.surefire.testng.TestNGProvider.invoke(TestNGProvider.java:146)
at org.apache.maven.surefire.booter.ForkedBooter.invokeProviderInSameClassLoader(ForkedBooter.java:384)
at org.apache.maven.surefire.booter.ForkedBooter.runSuitesInProcess(ForkedBooter.java:345)
at org.apache.maven.surefire.booter.ForkedBooter.execute(ForkedBooter.java:126)
at org.apache.maven.surefire.booter.ForkedBooter.main(ForkedBooter.java:418)
]]>
            </full-stacktrace>
          </exception> <!-- cs.lab.InvalidCourseFormatException -->
          <reporter-output>
          </reporter-output>
        </test-method> <!-- testCase2 -->
        <test-method signature="testCase3()[pri:0, instance:cs.lab.RegistraAppTest@7187bac9]" started-at="2020-10-08T10:11:04 PET" name="testCase3" finished-at="2020-10-08T10:11:04 PET" duration-ms="0" status="PASS">
          <reporter-output>
          </reporter-output>
        </test-method> <!-- testCase3 -->
      </class> <!-- cs.lab.RegistraAppTest -->
    </test> <!-- Surefire test -->
  </suite> <!-- Surefire suite -->
</testng-results>
