<?xml version="1.0" encoding="UTF-8"?>
<testsuite xmlns:xsi="http://www.w3.org/2001/XMLSchema-instance" xsi:noNamespaceSchemaLocation="https://maven.apache.org/surefire/maven-surefire-plugin/xsd/surefire-test-report.xsd" name="cs.lab.RegistraAppTest" time="0.689" tests="103" errors="0" skipped="0" failures="0">
  <properties>
[...]
</properties>
  <testcase name="testCase0" classname="cs.lab.RegistraAppTest" time="0.046"/>
  <testcase name="testCase1" classname="cs.lab.RegistraAppTest" time="0"/>
  <testcase name="testCase1" classname="cs.lab.RegistraAppTest" time="0"/>
  <testcase name="testCase1" classname="cs.lab.RegistraAppTest" time="0.001"/>
  <testcase name="testCase1" classname="cs.lab.RegistraAppTest" time="0.001"/>
  <testcase name="testCase1" classname="cs.lab.RegistraAppTest" time="0.001"/>
  <testcase name="testCase1" classname="cs.lab.RegistraAppTest" time="0.001"/>
  <testcase name="testCase1" classname="cs.lab.RegistraAppTest" time="0.001"/>
  <testcase name="testCase1" classname="cs.lab.RegistraAppTest" time="0.001"/>
  <testcase name="testCase1" classname="cs.lab.RegistraAppTest" time="0.002"/>
  <testcase name="testCase1" classname="cs.lab.RegistraAppTest" time="0"/>
  <testcase name="testCase1" classname="cs.lab.RegistraAppTest" time="0.001"/>
  <testcase name="testCase1" classname="cs.lab.RegistraAppTest" time="0.028"/>
  <testcase name="testCase1" classname="cs.lab.RegistraAppTest" time="0.033"/>
  <testcase name="testCase1" classname="cs.lab.RegistraAppTest" time="0.038"/>
  <testcase name="testCase1" classname="cs.lab.RegistraAppTest" time="0.043"/>
  <testcase name="testCase1" classname="cs.lab.RegistraAppTest" time="0.044"/>
  <testcase name="testCase1" classname="cs.lab.RegistraAppTest" time="0.045"/>
  <testcase name="testCase1" classname="cs.lab.RegistraAppTest" time="0.051"/>
  <testcase name="testCase1" classname="cs.lab.RegistraAppTest" time="0.09"/>
  <testcase name="testCase1" classname="cs.lab.RegistraAppTest" time="0.098"/>
  <testcase name="testCase1" classname="cs.lab.RegistraAppTest" time="0.103"/>
  <testcase name="testCase1" classname="cs.lab.RegistraAppTest" time="0.106"/>
  <testcase name="testCase1" classname="cs.lab.RegistraAppTest" time="0.109"/>
  <testcase name="testCase1" classname="cs.lab.RegistraAppTest" time="0.113"/>
  <testcase name="testCase1" classname="cs.lab.RegistraAppTest" time="0.114"/>
  <testcase name="testCase1" classname="cs.lab.RegistraAppTest" time="0.117"/>
  <testcase name="testCase1" classname="cs.lab.RegistraAppTest" time="0.119"/>
  <testcase name="testCase1" classname="cs.lab.RegistraAppTest" time="0.123"/>
  <testcase name="testCase1" classname="cs.lab.RegistraAppTest" time="0.124"/>
  <testcase name="testCase1" classname="cs.lab.RegistraAppTest" time="0.124"/>
  <testcase name="testCase1" classname="cs.lab.RegistraAppTest" time="0.125"/>
  <testcase name="testCase1" classname="cs.lab.RegistraAppTest" time="0.125"/>
  <testcase name="testCase1" classname="cs.lab.RegistraAppTest" time="0.125"/>
  <testcase name="testCase1" classname="cs.lab.RegistraAppTest" time="0.126"/>
  <testcase name="testCase1" classname="cs.lab.RegistraAppTest" time="0.126"/>
  <testcase name="testCase1" classname="cs.lab.RegistraAppTest" time="0.127"/>
  <testcase name="testCase1" classname="cs.lab.RegistraAppTest" time="0.128"/>
  <testcase name="testCase1" classname="cs.lab.RegistraAppTest" time="0.129"/>
  <testcase name="testCase1" classname="cs.lab.RegistraAppTest" time="0.129"/>
  <testcase name="testCase1" classname="cs.lab.RegistraAppTest" time="0.13"/>
  <testcase name="testCase1" classname="cs.lab.RegistraAppTest" time="0.131"/>
  <testcase name="testCase1" classname="cs.lab.RegistraAppTest" time="0.132"/>
  <testcase name="testCase1" classname="cs.lab.RegistraAppTest" time="0.132"/>
  <testcase name="testCase1" classname="cs.lab.RegistraAppTest" time="0.133"/>
  <testcase name="testCase1" classname="cs.lab.RegistraAppTest" time="0.134"/>
  <testcase name="testCase1" classname="cs.lab.RegistraAppTest" time="0.134"/>
  <testcase name="testCase1" classname="cs.lab.RegistraAppTest" time="0.135"/>
  <testcase name="testCase1" classname="cs.lab.RegistraAppTest" time="0.136"/>
  <testcase name="testCase1" classname="cs.lab.RegistraAppTest" time="0.136"/>
  <testcase name="testCase1" classname="cs.lab.RegistraAppTest" time="0.137"/>
  <testcase name="testCase1" classname="cs.lab.RegistraAppTest" time="0.138"/>
  <testcase name="testCase1" classname="cs.lab.RegistraAppTest" time="0.138"/>
  <testcase name="testCase1" classname="cs.lab.RegistraAppTest" time="0.139"/>
  <testcase name="testCase1" classname="cs.lab.RegistraAppTest" time="0.139"/>
  <testcase name="testCase1" classname="cs.lab.RegistraAppTest" time="0.14"/>
  <testcase name="testCase1" classname="cs.lab.RegistraAppTest" time="0.14"/>
  <testcase name="testCase1" classname="cs.lab.RegistraAppTest" time="0.143"/>
  <testcase name="testCase1" classname="cs.lab.RegistraAppTest" time="0.144"/>
  <testcase name="testCase1" classname="cs.lab.RegistraAppTest" time="0.145"/>
  <testcase name="testCase1" classname="cs.lab.RegistraAppTest" time="0.146"/>
  <testcase name="testCase1" classname="cs.lab.RegistraAppTest" time="0.15"/>
  <testcase name="testCase1" classname="cs.lab.RegistraAppTest" time="0.158"/>
  <testcase name="testCase1" classname="cs.lab.RegistraAppTest" time="0.16"/>
  <testcase name="testCase1" classname="cs.lab.RegistraAppTest" time="0.16"/>
  <testcase name="testCase1" classname="cs.lab.RegistraAppTest" time="0.161"/>
  <testcase name="testCase1" classname="cs.lab.RegistraAppTest" time="0.161"/>
  <testcase name="testCase1" classname="cs.lab.RegistraAppTest" time="0.162"/>
  <testcase name="testCase1" classname="cs.lab.RegistraAppTest" time="0.162"/>
  <testcase name="testCase1" classname="cs.lab.RegistraAppTest" time="0.163"/>
  <testcase name="testCase1" classname="cs.lab.RegistraAppTest" time="0.163"/>
  <testcase name="testCase1" classname="cs.lab.RegistraAppTest" time="0.164"/>
  <testcase name="testCase1" classname="cs.lab.RegistraAppTest" time="0.164"/>
  <testcase name="testCase1" classname="cs.lab.RegistraAppTest" time="0.165"/>
  <testcase name="testCase1" classname="cs.lab.RegistraAppTest" time="0.165"/>
  <testcase name="testCase1" classname="cs.lab.RegistraAppTest" time="0.166"/>
  <testcase name="testCase1" classname="cs.lab.RegistraAppTest" time="0.167"/>
  <testcase name="testCase1" classname="cs.lab.RegistraAppTest" time="0.167"/>
  <testcase name="testCase1" classname="cs.lab.RegistraAppTest" time="0.168"/>
  <testcase name="testCase1" classname="cs.lab.RegistraAppTest" time="0.168"/>
  <testcase name="testCase1" classname="cs.lab.RegistraAppTest" time="0.169"/>
  <testcase name="testCase1" classname="cs.lab.RegistraAppTest" time="0.169"/>
  <testcase name="testCase1" classname="cs.lab.RegistraAppTest" time="0.17"/>
  <testcase name="testCase1" classname="cs.lab.RegistraAppTest" time="0.17"/>
  <testcase name="testCase1" classname="cs.lab.RegistraAppTest" time="0.171"/>
  <testcase name="testCase1" classname="cs.lab.RegistraAppTest" time="0.172"/>
  <testcase name="testCase1" classname="cs.lab.RegistraAppTest" time="0.172"/>
  <testcase name="testCase1" classname="cs.lab.RegistraAppTest" time="0.174"/>
  <testcase name="testCase1" classname="cs.lab.RegistraAppTest" time="0.174"/>
  <testcase name="testCase1" classname="cs.lab.RegistraAppTest" time="0.175"/>
  <testcase name="testCase1" classname="cs.lab.RegistraAppTest" time="0.175"/>
  <testcase name="testCase1" classname="cs.lab.RegistraAppTest" time="0.176"/>
  <testcase name="testCase1" classname="cs.lab.RegistraAppTest" time="0.177"/>
  <testcase name="testCase1" classname="cs.lab.RegistraAppTest" time="0.177"/>
  <testcase name="testCase1" classname="cs.lab.RegistraAppTest" time="0.178"/>
  <testcase name="testCase1" classname="cs.lab.RegistraAppTest" time="0.178"/>
  <testcase name="testCase1" classname="cs.lab.RegistraAppTest" time="0.179"/>
  <testcase name="testCase1" classname="cs.lab.RegistraAppTest" time="0.179"/>
  <testcase name="testCase1" classname="cs.lab.RegistraAppTest" time="0.18"/>
  <testcase name="testCase1" classname="cs.lab.RegistraAppTest" time="0.181"/>
  <testcase name="testCase1" classname="cs.lab.RegistraAppTest" time="0.181"/>
  <testcase name="testCase2" classname="cs.lab.RegistraAppTest" time="0"/>
  <testcase name="testCase3" classname="cs.lab.RegistraAppTest" time="0"/>
</testsuite>