<?xml version="1.0" encoding="UTF-8"?>
<testng-results ignored="0" total="101" passed="101" failed="0" skipped="0">
  <reporter-output>
  </reporter-output>
  <suite started-at="2020-10-08T09:56:36 PET" name="Surefire suite" finished-at="2020-10-08T09:56:36 PET" duration-ms="298">
    <groups>
    </groups>
    <test started-at="2020-10-08T09:56:36 PET" name="Surefire test" finished-at="2020-10-08T09:56:36 PET" duration-ms="298">
      <class name="cs.lab.RegistraAppTest">
        <test-method signature="testCase0()[pri:0, instance:cs.lab.RegistraAppTest@140d1230]" started-at="2020-10-08T09:56:36 PET" name="testCase0" finished-at="2020-10-08T09:56:36 PET" duration-ms="49" status="PASS">
          <reporter-output>
          </reporter-output>
        </test-method> <!-- testCase0 -->
        <test-method signature="testCase1()[pri:0, instance:cs.lab.RegistraAppTest@140d1230]" started-at="2020-10-08T09:56:36 PET" name="testCase1" finished-at="2020-10-08T09:56:36 PET" duration-ms="30" status="PASS">
          <reporter-output>
          </reporter-output>
        </test-method> <!-- testCase1 -->
        <test-method signature="testCase1()[pri:0, instance:cs.lab.RegistraAppTest@140d1230]" started-at="2020-10-08T09:56:36 PET" name="testCase1" finished-at="2020-10-08T09:56:36 PET" duration-ms="27" status="PASS">
          <reporter-output>
          </reporter-output>
        </test-method> <!-- testCase1 -->
        <test-method signature="testCase1()[pri:0, instance:cs.lab.RegistraAppTest@140d1230]" started-at="2020-10-08T09:56:36 PET" name="testCase1" finished-at="2020-10-08T09:56:36 PET" duration-ms="169" status="PASS">
          <reporter-output>
          </reporter-output>
        </test-method> <!-- testCase1 -->
        <test-method signature="testCase1()[pri:0, instance:cs.lab.RegistraAppTest@140d1230]" started-at="2020-10-08T09:56:36 PET" name="testCase1" finished-at="2020-10-08T09:56:36 PET" duration-ms="120" status="PASS">
          <reporter-output>
          </reporter-output>
        </test-method> <!-- testCase1 -->
        <test-method signature="testCase1()[pri:0, instance:cs.lab.RegistraAppTest@140d1230]" started-at="2020-10-08T09:56:36 PET" name="testCase1" finished-at="2020-10-08T09:56:36 PET" duration-ms="33" status="PASS">
          <reporter-output>
          </reporter-output>
        </test-method> <!-- testCase1 -->
        <test-method signature="testCase1()[pri:0, instance:cs.lab.RegistraAppTest@140d1230]" started-at="2020-10-08T09:56:36 PET" name="testCase1" finished-at="2020-10-08T09:56:36 PET" duration-ms="185" status="PASS">
          <reporter-output>
          </reporter-output>
        </test-method> <!-- testCase1 -->
        <test-method signature="testCase1()[pri:0, instance:cs.lab.RegistraAppTest@140d1230]" started-at="2020-10-08T09:56:36 PET" name="testCase1" finished-at="2020-10-08T09:56:36 PET" duration-ms="22" status="PASS">
          <reporter-output>
          </reporter-output>
        </test-method> <!-- testCase1 -->
        <test-method signature="testCase1()[pri:0, instance:cs.lab.RegistraAppTest@140d1230]" started-at="2020-10-08T09:56:36 PET" name="testCase1" finished-at="2020-10-08T09:56:36 PET" duration-ms="20" status="PASS">
          <reporter-output>
          </reporter-output>
        </test-method> <!-- testCase1 -->
        <test-method signature="testCase1()[pri:0, instance:cs.lab.RegistraAppTest@140d1230]" started-at="2020-10-08T09:56:36 PET" name="testCase1" finished-at="2020-10-08T09:56:36 PET" duration-ms="95" status="PASS">
          <reporter-output>
          </reporter-output>
        </test-method> <!-- testCase1 -->
        <test-method signature="testCase1()[pri:0, instance:cs.lab.RegistraAppTest@140d1230]" started-at="2020-10-08T09:56:36 PET" name="testCase1" finished-at="2020-10-08T09:56:36 PET" duration-ms="11" status="PASS">
          <reporter-output>
          </reporter-output>
        </test-method> <!-- testCase1 -->
        <test-method signature="testCase1()[pri:0, instance:cs.lab.RegistraAppTest@140d1230]" started-at="2020-10-08T09:56:36 PET" name="testCase1" finished-at="2020-10-08T09:56:36 PET" duration-ms="83" status="PASS">
          <reporter-output>
          </reporter-output>
        </test-method> <!-- testCase1 -->
        <test-method signature="testCase1()[pri:0, instance:cs.lab.RegistraAppTest@140d1230]" started-at="2020-10-08T09:56:36 PET" name="testCase1" finished-at="2020-10-08T09:56:36 PET" duration-ms="150" status="PASS">
          <reporter-output>
          </reporter-output>
        </test-method> <!-- testCase1 -->
        <test-method signature="testCase1()[pri:0, instance:cs.lab.RegistraAppTest@140d1230]" started-at="2020-10-08T09:56:36 PET" name="testCase1" finished-at="2020-10-08T09:56:36 PET" duration-ms="150" status="PASS">
          <reporter-output>
          </reporter-output>
        </test-method> <!-- testCase1 -->
        <test-method signature="testCase1()[pri:0, instance:cs.lab.RegistraAppTest@140d1230]" started-at="2020-10-08T09:56:36 PET" name="testCase1" finished-at="2020-10-08T09:56:36 PET" duration-ms="5" status="PASS">
          <reporter-output>
          </reporter-output>
        </test-method> <!-- testCase1 -->
        <test-method signature="testCase1()[pri:0, instance:cs.lab.RegistraAppTest@140d1230]" started-at="2020-10-08T09:56:36 PET" name="testCase1" finished-at="2020-10-08T09:56:36 PET" duration-ms="149" status="PASS">
          <reporter-output>
          </reporter-output>
        </test-method> <!-- testCase1 -->
        <test-method signature="testCase1()[pri:0, instance:cs.lab.RegistraAppTest@140d1230]" started-at="2020-10-08T09:56:36 PET" name="testCase1" finished-at="2020-10-08T09:56:36 PET" duration-ms="146" status="PASS">
          <reporter-output>
          </reporter-output>
        </test-method> <!-- testCase1 -->
        <test-method signature="testCase1()[pri:0, instance:cs.lab.RegistraAppTest@140d1230]" started-at="2020-10-08T09:56:36 PET" name="testCase1" finished-at="2020-10-08T09:56:36 PET" duration-ms="148" status="PASS">
          <reporter-output>
          </reporter-output>
        </test-method> <!-- testCase1 -->
        <test-method signature="testCase1()[pri:0, instance:cs.lab.RegistraAppTest@140d1230]" started-at="2020-10-08T09:56:36 PET" name="testCase1" finished-at="2020-10-08T09:56:36 PET" duration-ms="135" status="PASS">
          <reporter-output>
          </reporter-output>
        </test-method> <!-- testCase1 -->
        <test-method signature="testCase1()[pri:0, instance:cs.lab.RegistraAppTest@140d1230]" started-at="2020-10-08T09:56:36 PET" name="testCase1" finished-at="2020-10-08T09:56:36 PET" duration-ms="146" status="PASS">
          <reporter-output>
          </reporter-output>
        </test-method> <!-- testCase1 -->
        <test-method signature="testCase1()[pri:0, instance:cs.lab.RegistraAppTest@140d1230]" started-at="2020-10-08T09:56:36 PET" name="testCase1" finished-at="2020-10-08T09:56:36 PET" duration-ms="145" status="PASS">
          <reporter-output>
          </reporter-output>
        </test-method> <!-- testCase1 -->
        <test-method signature="testCase1()[pri:0, instance:cs.lab.RegistraAppTest@140d1230]" started-at="2020-10-08T09:56:36 PET" name="testCase1" finished-at="2020-10-08T09:56:36 PET" duration-ms="146" status="PASS">
          <reporter-output>
          </reporter-output>
        </test-method> <!-- testCase1 -->
        <test-method signature="testCase1()[pri:0, instance:cs.lab.RegistraAppTest@140d1230]" started-at="2020-10-08T09:56:36 PET" name="testCase1" finished-at="2020-10-08T09:56:36 PET" duration-ms="130" status="PASS">
          <reporter-output>
          </reporter-output>
        </test-method> <!-- testCase1 -->
        <test-method signature="testCase1()[pri:0, instance:cs.lab.RegistraAppTest@140d1230]" started-at="2020-10-08T09:56:36 PET" name="testCase1" finished-at="2020-10-08T09:56:36 PET" duration-ms="143" status="PASS">
          <reporter-output>
          </reporter-output>
        </test-method> <!-- testCase1 -->
        <test-method signature="testCase1()[pri:0, instance:cs.lab.RegistraAppTest@140d1230]" started-at="2020-10-08T09:56:36 PET" name="testCase1" finished-at="2020-10-08T09:56:36 PET" duration-ms="143" status="PASS">
          <reporter-output>
          </reporter-output>
        </test-method> <!-- testCase1 -->
        <test-method signature="testCase1()[pri:0, instance:cs.lab.RegistraAppTest@140d1230]" started-at="2020-10-08T09:56:36 PET" name="testCase1" finished-at="2020-10-08T09:56:36 PET" duration-ms="73" status="PASS">
          <reporter-output>
          </reporter-output>
        </test-method> <!-- testCase1 -->
        <test-method signature="testCase1()[pri:0, instance:cs.lab.RegistraAppTest@140d1230]" started-at="2020-10-08T09:56:36 PET" name="testCase1" finished-at="2020-10-08T09:56:36 PET" duration-ms="141" status="PASS">
          <reporter-output>
          </reporter-output>
        </test-method> <!-- testCase1 -->
        <test-method signature="testCase1()[pri:0, instance:cs.lab.RegistraAppTest@140d1230]" started-at="2020-10-08T09:56:36 PET" name="testCase1" finished-at="2020-10-08T09:56:36 PET" duration-ms="62" status="PASS">
          <reporter-output>
          </reporter-output>
        </test-method> <!-- testCase1 -->
        <test-method signature="testCase1()[pri:0, instance:cs.lab.RegistraAppTest@140d1230]" started-at="2020-10-08T09:56:36 PET" name="testCase1" finished-at="2020-10-08T09:56:36 PET" duration-ms="66" status="PASS">
          <reporter-output>
          </reporter-output>
        </test-method> <!-- testCase1 -->
        <test-method signature="testCase1()[pri:0, instance:cs.lab.RegistraAppTest@140d1230]" started-at="2020-10-08T09:56:36 PET" name="testCase1" finished-at="2020-10-08T09:56:36 PET" duration-ms="51" status="PASS">
          <reporter-output>
          </reporter-output>
        </test-method> <!-- testCase1 -->
        <test-method signature="testCase1()[pri:0, instance:cs.lab.RegistraAppTest@140d1230]" started-at="2020-10-08T09:56:36 PET" name="testCase1" finished-at="2020-10-08T09:56:36 PET" duration-ms="55" status="PASS">
          <reporter-output>
          </reporter-output>
        </test-method> <!-- testCase1 -->
        <test-method signature="testCase1()[pri:0, instance:cs.lab.RegistraAppTest@140d1230]" started-at="2020-10-08T09:56:36 PET" name="testCase1" finished-at="2020-10-08T09:56:36 PET" duration-ms="142" status="PASS">
          <reporter-output>
          </reporter-output>
        </test-method> <!-- testCase1 -->
        <test-method signature="testCase1()[pri:0, instance:cs.lab.RegistraAppTest@140d1230]" started-at="2020-10-08T09:56:36 PET" name="testCase1" finished-at="2020-10-08T09:56:36 PET" duration-ms="140" status="PASS">
          <reporter-output>
          </reporter-output>
        </test-method> <!-- testCase1 -->
        <test-method signature="testCase1()[pri:0, instance:cs.lab.RegistraAppTest@140d1230]" started-at="2020-10-08T09:56:36 PET" name="testCase1" finished-at="2020-10-08T09:56:36 PET" duration-ms="146" status="PASS">
          <reporter-output>
          </reporter-output>
        </test-method> <!-- testCase1 -->
        <test-method signature="testCase1()[pri:0, instance:cs.lab.RegistraAppTest@140d1230]" started-at="2020-10-08T09:56:36 PET" name="testCase1" finished-at="2020-10-08T09:56:36 PET" duration-ms="141" status="PASS">
          <reporter-output>
          </reporter-output>
        </test-method> <!-- testCase1 -->
        <test-method signature="testCase1()[pri:0, instance:cs.lab.RegistraAppTest@140d1230]" started-at="2020-10-08T09:56:36 PET" name="testCase1" finished-at="2020-10-08T09:56:36 PET" duration-ms="47" status="PASS">
          <reporter-output>
          </reporter-output>
        </test-method> <!-- testCase1 -->
        <test-method signature="testCase1()[pri:0, instance:cs.lab.RegistraAppTest@140d1230]" started-at="2020-10-08T09:56:36 PET" name="testCase1" finished-at="2020-10-08T09:56:36 PET" duration-ms="138" status="PASS">
          <reporter-output>
          </reporter-output>
        </test-method> <!-- testCase1 -->
        <test-method signature="testCase1()[pri:0, instance:cs.lab.RegistraAppTest@140d1230]" started-at="2020-10-08T09:56:36 PET" name="testCase1" finished-at="2020-10-08T09:56:36 PET" duration-ms="11" status="PASS">
          <reporter-output>
          </reporter-output>
        </test-method> <!-- testCase1 -->
        <test-method signature="testCase1()[pri:0, instance:cs.lab.RegistraAppTest@140d1230]" started-at="2020-10-08T09:56:36 PET" name="testCase1" finished-at="2020-10-08T09:56:36 PET" duration-ms="6" status="PASS">
          <reporter-output>
          </reporter-output>
        </test-method> <!-- testCase1 -->
        <test-method signature="testCase1()[pri:0, instance:cs.lab.RegistraAppTest@140d1230]" started-at="2020-10-08T09:56:36 PET" name="testCase1" finished-at="2020-10-08T09:56:36 PET" duration-ms="142" status="PASS">
          <reporter-output>
          </reporter-output>
        </test-method> <!-- testCase1 -->
        <test-method signature="testCase1()[pri:0, instance:cs.lab.RegistraAppTest@140d1230]" started-at="2020-10-08T09:56:36 PET" name="testCase1" finished-at="2020-10-08T09:56:36 PET" duration-ms="152" status="PASS">
          <reporter-output>
          </reporter-output>
        </test-method> <!-- testCase1 -->
        <test-method signature="testCase1()[pri:0, instance:cs.lab.RegistraAppTest@140d1230]" started-at="2020-10-08T09:56:36 PET" name="testCase1" finished-at="2020-10-08T09:56:36 PET" duration-ms="79" status="PASS">
          <reporter-output>
          </reporter-output>
        </test-method> <!-- testCase1 -->
        <test-method signature="testCase1()[pri:0, instance:cs.lab.RegistraAppTest@140d1230]" started-at="2020-10-08T09:56:36 PET" name="testCase1" finished-at="2020-10-08T09:56:36 PET" duration-ms="140" status="PASS">
          <reporter-output>
          </reporter-output>
        </test-method> <!-- testCase1 -->
        <test-method signature="testCase1()[pri:0, instance:cs.lab.RegistraAppTest@140d1230]" started-at="2020-10-08T09:56:36 PET" name="testCase1" finished-at="2020-10-08T09:56:36 PET" duration-ms="141" status="PASS">
          <reporter-output>
          </reporter-output>
        </test-method> <!-- testCase1 -->
        <test-method signature="testCase1()[pri:0, instance:cs.lab.RegistraAppTest@140d1230]" started-at="2020-10-08T09:56:36 PET" name="testCase1" finished-at="2020-10-08T09:56:36 PET" duration-ms="91" status="PASS">
          <reporter-output>
          </reporter-output>
        </test-method> <!-- testCase1 -->
        <test-method signature="testCase1()[pri:0, instance:cs.lab.RegistraAppTest@140d1230]" started-at="2020-10-08T09:56:36 PET" name="testCase1" finished-at="2020-10-08T09:56:36 PET" duration-ms="141" status="PASS">
          <reporter-output>
          </reporter-output>
        </test-method> <!-- testCase1 -->
        <test-method signature="testCase1()[pri:0, instance:cs.lab.RegistraAppTest@140d1230]" started-at="2020-10-08T09:56:36 PET" name="testCase1" finished-at="2020-10-08T09:56:36 PET" duration-ms="140" status="PASS">
          <reporter-output>
          </reporter-output>
        </test-method> <!-- testCase1 -->
        <test-method signature="testCase1()[pri:0, instance:cs.lab.RegistraAppTest@140d1230]" started-at="2020-10-08T09:56:36 PET" name="testCase1" finished-at="2020-10-08T09:56:36 PET" duration-ms="143" status="PASS">
          <reporter-output>
          </reporter-output>
        </test-method> <!-- testCase1 -->
        <test-method signature="testCase1()[pri:0, instance:cs.lab.RegistraAppTest@140d1230]" started-at="2020-10-08T09:56:36 PET" name="testCase1" finished-at="2020-10-08T09:56:36 PET" duration-ms="142" status="PASS">
          <reporter-output>
          </reporter-output>
        </test-method> <!-- testCase1 -->
        <test-method signature="testCase1()[pri:0, instance:cs.lab.RegistraAppTest@140d1230]" started-at="2020-10-08T09:56:36 PET" name="testCase1" finished-at="2020-10-08T09:56:36 PET" duration-ms="139" status="PASS">
          <reporter-output>
          </reporter-output>
        </test-method> <!-- testCase1 -->
        <test-method signature="testCase1()[pri:0, instance:cs.lab.RegistraAppTest@140d1230]" started-at="2020-10-08T09:56:36 PET" name="testCase1" finished-at="2020-10-08T09:56:36 PET" duration-ms="2" status="PASS">
          <reporter-output>
          </reporter-output>
        </test-method> <!-- testCase1 -->
        <test-method signature="testCase1()[pri:0, instance:cs.lab.RegistraAppTest@140d1230]" started-at="2020-10-08T09:56:36 PET" name="testCase1" finished-at="2020-10-08T09:56:36 PET" duration-ms="140" status="PASS">
          <reporter-output>
          </reporter-output>
        </test-method> <!-- testCase1 -->
        <test-method signature="testCase1()[pri:0, instance:cs.lab.RegistraAppTest@140d1230]" started-at="2020-10-08T09:56:36 PET" name="testCase1" finished-at="2020-10-08T09:56:36 PET" duration-ms="141" status="PASS">
          <reporter-output>
          </reporter-output>
        </test-method> <!-- testCase1 -->
        <test-method signature="testCase1()[pri:0, instance:cs.lab.RegistraAppTest@140d1230]" started-at="2020-10-08T09:56:36 PET" name="testCase1" finished-at="2020-10-08T09:56:36 PET" duration-ms="141" status="PASS">
          <reporter-output>
          </reporter-output>
        </test-method> <!-- testCase1 -->
        <test-method signature="testCase1()[pri:0, instance:cs.lab.RegistraAppTest@140d1230]" started-at="2020-10-08T09:56:36 PET" name="testCase1" finished-at="2020-10-08T09:56:36 PET" duration-ms="138" status="PASS">
          <reporter-output>
          </reporter-output>
        </test-method> <!-- testCase1 -->
        <test-method signature="testCase1()[pri:0, instance:cs.lab.RegistraAppTest@140d1230]" started-at="2020-10-08T09:56:36 PET" name="testCase1" finished-at="2020-10-08T09:56:36 PET" duration-ms="138" status="PASS">
          <reporter-output>
          </reporter-output>
        </test-method> <!-- testCase1 -->
        <test-method signature="testCase1()[pri:0, instance:cs.lab.RegistraAppTest@140d1230]" started-at="2020-10-08T09:56:36 PET" name="testCase1" finished-at="2020-10-08T09:56:36 PET" duration-ms="138" status="PASS">
          <reporter-output>
          </reporter-output>
        </test-method> <!-- testCase1 -->
        <test-method signature="testCase1()[pri:0, instance:cs.lab.RegistraAppTest@140d1230]" started-at="2020-10-08T09:56:36 PET" name="testCase1" finished-at="2020-10-08T09:56:36 PET" duration-ms="137" status="PASS">
          <reporter-output>
          </reporter-output>
        </test-method> <!-- testCase1 -->
        <test-method signature="testCase1()[pri:0, instance:cs.lab.RegistraAppTest@140d1230]" started-at="2020-10-08T09:56:36 PET" name="testCase1" finished-at="2020-10-08T09:56:36 PET" duration-ms="138" status="PASS">
          <reporter-output>
          </reporter-output>
        </test-method> <!-- testCase1 -->
        <test-method signature="testCase1()[pri:0, instance:cs.lab.RegistraAppTest@140d1230]" started-at="2020-10-08T09:56:36 PET" name="testCase1" finished-at="2020-10-08T09:56:36 PET" duration-ms="137" status="PASS">
          <reporter-output>
          </reporter-output>
        </test-method> <!-- testCase1 -->
        <test-method signature="testCase1()[pri:0, instance:cs.lab.RegistraAppTest@140d1230]" started-at="2020-10-08T09:56:36 PET" name="testCase1" finished-at="2020-10-08T09:56:36 PET" duration-ms="137" status="PASS">
          <reporter-output>
          </reporter-output>
        </test-method> <!-- testCase1 -->
        <test-method signature="testCase1()[pri:0, instance:cs.lab.RegistraAppTest@140d1230]" started-at="2020-10-08T09:56:36 PET" name="testCase1" finished-at="2020-10-08T09:56:36 PET" duration-ms="136" status="PASS">
          <reporter-output>
          </reporter-output>
        </test-method> <!-- testCase1 -->
        <test-method signature="testCase1()[pri:0, instance:cs.lab.RegistraAppTest@140d1230]" started-at="2020-10-08T09:56:36 PET" name="testCase1" finished-at="2020-10-08T09:56:36 PET" duration-ms="136" status="PASS">
          <reporter-output>
          </reporter-output>
        </test-method> <!-- testCase1 -->
        <test-method signature="testCase1()[pri:0, instance:cs.lab.RegistraAppTest@140d1230]" started-at="2020-10-08T09:56:36 PET" name="testCase1" finished-at="2020-10-08T09:56:36 PET" duration-ms="14" status="PASS">
          <reporter-output>
          </reporter-output>
        </test-method> <!-- testCase1 -->
        <test-method signature="testCase1()[pri:0, instance:cs.lab.RegistraAppTest@140d1230]" started-at="2020-10-08T09:56:36 PET" name="testCase1" finished-at="2020-10-08T09:56:36 PET" duration-ms="134" status="PASS">
          <reporter-output>
          </reporter-output>
        </test-method> <!-- testCase1 -->
        <test-method signature="testCase1()[pri:0, instance:cs.lab.RegistraAppTest@140d1230]" started-at="2020-10-08T09:56:36 PET" name="testCase1" finished-at="2020-10-08T09:56:36 PET" duration-ms="133" status="PASS">
          <reporter-output>
          </reporter-output>
        </test-method> <!-- testCase1 -->
        <test-method signature="testCase1()[pri:0, instance:cs.lab.RegistraAppTest@140d1230]" started-at="2020-10-08T09:56:36 PET" name="testCase1" finished-at="2020-10-08T09:56:36 PET" duration-ms="124" status="PASS">
          <reporter-output>
          </reporter-output>
        </test-method> <!-- testCase1 -->
        <test-method signature="testCase1()[pri:0, instance:cs.lab.RegistraAppTest@140d1230]" started-at="2020-10-08T09:56:36 PET" name="testCase1" finished-at="2020-10-08T09:56:36 PET" duration-ms="124" status="PASS">
          <reporter-output>
          </reporter-output>
        </test-method> <!-- testCase1 -->
        <test-method signature="testCase1()[pri:0, instance:cs.lab.RegistraAppTest@140d1230]" started-at="2020-10-08T09:56:36 PET" name="testCase1" finished-at="2020-10-08T09:56:36 PET" duration-ms="123" status="PASS">
          <reporter-output>
          </reporter-output>
        </test-method> <!-- testCase1 -->
        <test-method signature="testCase1()[pri:0, instance:cs.lab.RegistraAppTest@140d1230]" started-at="2020-10-08T09:56:36 PET" name="testCase1" finished-at="2020-10-08T09:56:36 PET" duration-ms="123" status="PASS">
          <reporter-output>
          </reporter-output>
        </test-method> <!-- testCase1 -->
        <test-method signature="testCase1()[pri:0, instance:cs.lab.RegistraAppTest@140d1230]" started-at="2020-10-08T09:56:36 PET" name="testCase1" finished-at="2020-10-08T09:56:36 PET" duration-ms="123" status="PASS">
          <reporter-output>
          </reporter-output>
        </test-method> <!-- testCase1 -->
        <test-method signature="testCase1()[pri:0, instance:cs.lab.RegistraAppTest@140d1230]" started-at="2020-10-08T09:56:36 PET" name="testCase1" finished-at="2020-10-08T09:56:36 PET" duration-ms="2" status="PASS">
          <reporter-output>
          </reporter-output>
        </test-method> <!-- testCase1 -->
        <test-method signature="testCase1()[pri:0, instance:cs.lab.RegistraAppTest@140d1230]" started-at="2020-10-08T09:56:36 PET" name="testCase1" finished-at="2020-10-08T09:56:36 PET" duration-ms="108" status="PASS">
          <reporter-output>
          </reporter-output>
        </test-method> <!-- testCase1 -->
        <test-method signature="testCase1()[pri:0, instance:cs.lab.RegistraAppTest@140d1230]" started-at="2020-10-08T09:56:36 PET" name="testCase1" finished-at="2020-10-08T09:56:36 PET" duration-ms="121" status="PASS">
          <reporter-output>
          </reporter-output>
        </test-method> <!-- testCase1 -->
        <test-method signature="testCase1()[pri:0, instance:cs.lab.RegistraAppTest@140d1230]" started-at="2020-10-08T09:56:36 PET" name="testCase1" finished-at="2020-10-08T09:56:36 PET" duration-ms="120" status="PASS">
          <reporter-output>
          </reporter-output>
        </test-method> <!-- testCase1 -->
        <test-method signature="testCase1()[pri:0, instance:cs.lab.RegistraAppTest@140d1230]" started-at="2020-10-08T09:56:36 PET" name="testCase1" finished-at="2020-10-08T09:56:36 PET" duration-ms="120" status="PASS">
          <reporter-output>
          </reporter-output>
        </test-method> <!-- testCase1 -->
        <test-method signature="testCase1()[pri:0, instance:cs.lab.RegistraAppTest@140d1230]" started-at="2020-10-08T09:56:36 PET" name="testCase1" finished-at="2020-10-08T09:56:36 PET" duration-ms="119" status="PASS">
          <reporter-output>
          </reporter-output>
        </test-method> <!-- testCase1 -->
        <test-method signature="testCase1()[pri:0, instance:cs.lab.RegistraAppTest@140d1230]" started-at="2020-10-08T09:56:36 PET" name="testCase1" finished-at="2020-10-08T09:56:36 PET" duration-ms="71" status="PASS">
          <reporter-output>
          </reporter-output>
        </test-method> <!-- testCase1 -->
        <test-method signature="testCase1()[pri:0, instance:cs.lab.RegistraAppTest@140d1230]" started-at="2020-10-08T09:56:36 PET" name="testCase1" finished-at="2020-10-08T09:56:36 PET" duration-ms="98" status="PASS">
          <reporter-output>
          </reporter-output>
        </test-method> <!-- testCase1 -->
        <test-method signature="testCase1()[pri:0, instance:cs.lab.RegistraAppTest@140d1230]" started-at="2020-10-08T09:56:36 PET" name="testCase1" finished-at="2020-10-08T09:56:36 PET" duration-ms="119" status="PASS">
          <reporter-output>
          </reporter-output>
        </test-method> <!-- testCase1 -->
        <test-method signature="testCase1()[pri:0, instance:cs.lab.RegistraAppTest@140d1230]" started-at="2020-10-08T09:56:36 PET" name="testCase1" finished-at="2020-10-08T09:56:36 PET" duration-ms="118" status="PASS">
          <reporter-output>
          </reporter-output>
        </test-method> <!-- testCase1 -->
        <test-method signature="testCase1()[pri:0, instance:cs.lab.RegistraAppTest@140d1230]" started-at="2020-10-08T09:56:36 PET" name="testCase1" finished-at="2020-10-08T09:56:36 PET" duration-ms="96" status="PASS">
          <reporter-output>
          </reporter-output>
        </test-method> <!-- testCase1 -->
        <test-method signature="testCase1()[pri:0, instance:cs.lab.RegistraAppTest@140d1230]" started-at="2020-10-08T09:56:36 PET" name="testCase1" finished-at="2020-10-08T09:56:36 PET" duration-ms="117" status="PASS">
          <reporter-output>
          </reporter-output>
        </test-method> <!-- testCase1 -->
        <test-method signature="testCase1()[pri:0, instance:cs.lab.RegistraAppTest@140d1230]" started-at="2020-10-08T09:56:36 PET" name="testCase1" finished-at="2020-10-08T09:56:36 PET" duration-ms="117" status="PASS">
          <reporter-output>
          </reporter-output>
        </test-method> <!-- testCase1 -->
        <test-method signature="testCase1()[pri:0, instance:cs.lab.RegistraAppTest@140d1230]" started-at="2020-10-08T09:56:36 PET" name="testCase1" finished-at="2020-10-08T09:56:36 PET" duration-ms="118" status="PASS">
          <reporter-output>
          </reporter-output>
        </test-method> <!-- testCase1 -->
        <test-method signature="testCase1()[pri:0, instance:cs.lab.RegistraAppTest@140d1230]" started-at="2020-10-08T09:56:36 PET" name="testCase1" finished-at="2020-10-08T09:56:36 PET" duration-ms="117" status="PASS">
          <reporter-output>
          </reporter-output>
        </test-method> <!-- testCase1 -->
        <test-method signature="testCase1()[pri:0, instance:cs.lab.RegistraAppTest@140d1230]" started-at="2020-10-08T09:56:36 PET" name="testCase1" finished-at="2020-10-08T09:56:36 PET" duration-ms="116" status="PASS">
          <reporter-output>
          </reporter-output>
        </test-method> <!-- testCase1 -->
        <test-method signature="testCase1()[pri:0, instance:cs.lab.RegistraAppTest@140d1230]" started-at="2020-10-08T09:56:36 PET" name="testCase1" finished-at="2020-10-08T09:56:36 PET" duration-ms="1" status="PASS">
          <reporter-output>
          </reporter-output>
        </test-method> <!-- testCase1 -->
        <test-method signature="testCase1()[pri:0, instance:cs.lab.RegistraAppTest@140d1230]" started-at="2020-10-08T09:56:36 PET" name="testCase1" finished-at="2020-10-08T09:56:36 PET" duration-ms="115" status="PASS">
          <reporter-output>
          </reporter-output>
        </test-method> <!-- testCase1 -->
        <test-method signature="testCase1()[pri:0, instance:cs.lab.RegistraAppTest@140d1230]" started-at="2020-10-08T09:56:36 PET" name="testCase1" finished-at="2020-10-08T09:56:36 PET" duration-ms="113" status="PASS">
          <reporter-output>
          </reporter-output>
        </test-method> <!-- testCase1 -->
        <test-method signature="testCase1()[pri:0, instance:cs.lab.RegistraAppTest@140d1230]" started-at="2020-10-08T09:56:36 PET" name="testCase1" finished-at="2020-10-08T09:56:36 PET" duration-ms="28" status="PASS">
          <reporter-output>
          </reporter-output>
        </test-method> <!-- testCase1 -->
        <test-method signature="testCase1()[pri:0, instance:cs.lab.RegistraAppTest@140d1230]" started-at="2020-10-08T09:56:36 PET" name="testCase1" finished-at="2020-10-08T09:56:36 PET" duration-ms="112" status="PASS">
          <reporter-output>
          </reporter-output>
        </test-method> <!-- testCase1 -->
        <test-method signature="testCase1()[pri:0, instance:cs.lab.RegistraAppTest@140d1230]" started-at="2020-10-08T09:56:36 PET" name="testCase1" finished-at="2020-10-08T09:56:36 PET" duration-ms="111" status="PASS">
          <reporter-output>
          </reporter-output>
        </test-method> <!-- testCase1 -->
        <test-method signature="testCase1()[pri:0, instance:cs.lab.RegistraAppTest@140d1230]" started-at="2020-10-08T09:56:36 PET" name="testCase1" finished-at="2020-10-08T09:56:36 PET" duration-ms="82" status="PASS">
          <reporter-output>
          </reporter-output>
        </test-method> <!-- testCase1 -->
        <test-method signature="testCase1()[pri:0, instance:cs.lab.RegistraAppTest@140d1230]" started-at="2020-10-08T09:56:36 PET" name="testCase1" finished-at="2020-10-08T09:56:36 PET" duration-ms="108" status="PASS">
          <reporter-output>
          </reporter-output>
        </test-method> <!-- testCase1 -->
        <test-method signature="testCase1()[pri:0, instance:cs.lab.RegistraAppTest@140d1230]" started-at="2020-10-08T09:56:36 PET" name="testCase1" finished-at="2020-10-08T09:56:36 PET" duration-ms="3" status="PASS">
          <reporter-output>
          </reporter-output>
        </test-method> <!-- testCase1 -->
        <test-method signature="testCase1()[pri:0, instance:cs.lab.RegistraAppTest@140d1230]" started-at="2020-10-08T09:56:36 PET" name="testCase1" finished-at="2020-10-08T09:56:36 PET" duration-ms="107" status="PASS">
          <reporter-output>
          </reporter-output>
        </test-method> <!-- testCase1 -->
        <test-method signature="testCase1()[pri:0, instance:cs.lab.RegistraAppTest@140d1230]" started-at="2020-10-08T09:56:36 PET" name="testCase1" finished-at="2020-10-08T09:56:36 PET" duration-ms="106" status="PASS">
          <reporter-output>
          </reporter-output>
        </test-method> <!-- testCase1 -->
        <test-method signature="testCase1()[pri:0, instance:cs.lab.RegistraAppTest@140d1230]" started-at="2020-10-08T09:56:36 PET" name="testCase1" finished-at="2020-10-08T09:56:36 PET" duration-ms="105" status="PASS">
          <reporter-output>
          </reporter-output>
        </test-method> <!-- testCase1 -->
        <test-method signature="testCase1()[pri:0, instance:cs.lab.RegistraAppTest@140d1230]" started-at="2020-10-08T09:56:36 PET" name="testCase1" finished-at="2020-10-08T09:56:36 PET" duration-ms="76" status="PASS">
          <reporter-output>
          </reporter-output>
        </test-method> <!-- testCase1 -->
        <test-method signature="testCase1()[pri:0, instance:cs.lab.RegistraAppTest@140d1230]" started-at="2020-10-08T09:56:36 PET" name="testCase1" finished-at="2020-10-08T09:56:36 PET" duration-ms="104" status="PASS">
          <reporter-output>
          </reporter-output>
        </test-method> <!-- testCase1 -->
      </class> <!-- cs.lab.RegistraAppTest -->
    </test> <!-- Surefire test -->
  </suite> <!-- Surefire suite -->
</testng-results>
