<?xml version="1.0" encoding="UTF-8"?>
<testng-results ignored="0" total="103" passed="103" failed="0" skipped="0">
  <reporter-output>
  </reporter-output>
  <suite started-at="2020-10-08T10:18:10 PET" name="Surefire suite" finished-at="2020-10-08T10:18:10 PET" duration-ms="285">
    <groups>
    </groups>
    <test started-at="2020-10-08T10:18:10 PET" name="Surefire test" finished-at="2020-10-08T10:18:10 PET" duration-ms="285">
      <class name="cs.lab.RegistraAppTest">
        <test-method signature="testCase0()[pri:0, instance:cs.lab.RegistraAppTest@34acbc60]" started-at="2020-10-08T10:18:10 PET" name="testCase0" finished-at="2020-10-08T10:18:10 PET" duration-ms="45" status="PASS">
          <reporter-output>
          </reporter-output>
        </test-method> <!-- testCase0 -->
        <test-method signature="testCase1()[pri:0, instance:cs.lab.RegistraAppTest@34acbc60]" started-at="2020-10-08T10:18:10 PET" name="testCase1" finished-at="2020-10-08T10:18:10 PET" duration-ms="20" status="PASS">
          <reporter-output>
          </reporter-output>
        </test-method> <!-- testCase1 -->
        <test-method signature="testCase1()[pri:0, instance:cs.lab.RegistraAppTest@34acbc60]" started-at="2020-10-08T10:18:10 PET" name="testCase1" finished-at="2020-10-08T10:18:10 PET" duration-ms="17" status="PASS">
          <reporter-output>
          </reporter-output>
        </test-method> <!-- testCase1 -->
        <test-method signature="testCase1()[pri:0, instance:cs.lab.RegistraAppTest@34acbc60]" started-at="2020-10-08T10:18:10 PET" name="testCase1" finished-at="2020-10-08T10:18:10 PET" duration-ms="165" status="PASS">
          <reporter-output>
          </reporter-output>
        </test-method> <!-- testCase1 -->
        <test-method signature="testCase1()[pri:0, instance:cs.lab.RegistraAppTest@34acbc60]" started-at="2020-10-08T10:18:10 PET" name="testCase1" finished-at="2020-10-08T10:18:10 PET" duration-ms="13" status="PASS">
          <reporter-output>
          </reporter-output>
        </test-method> <!-- testCase1 -->
        <test-method signature="testCase1()[pri:0, instance:cs.lab.RegistraAppTest@34acbc60]" started-at="2020-10-08T10:18:10 PET" name="testCase1" finished-at="2020-10-08T10:18:10 PET" duration-ms="22" status="PASS">
          <reporter-output>
          </reporter-output>
        </test-method> <!-- testCase1 -->
        <test-method signature="testCase1()[pri:0, instance:cs.lab.RegistraAppTest@34acbc60]" started-at="2020-10-08T10:18:10 PET" name="testCase1" finished-at="2020-10-08T10:18:10 PET" duration-ms="28" status="PASS">
          <reporter-output>
          </reporter-output>
        </test-method> <!-- testCase1 -->
        <test-method signature="testCase1()[pri:0, instance:cs.lab.RegistraAppTest@34acbc60]" started-at="2020-10-08T10:18:10 PET" name="testCase1" finished-at="2020-10-08T10:18:10 PET" duration-ms="61" status="PASS">
          <reporter-output>
          </reporter-output>
        </test-method> <!-- testCase1 -->
        <test-method signature="testCase1()[pri:0, instance:cs.lab.RegistraAppTest@34acbc60]" started-at="2020-10-08T10:18:10 PET" name="testCase1" finished-at="2020-10-08T10:18:10 PET" duration-ms="130" status="PASS">
          <reporter-output>
          </reporter-output>
        </test-method> <!-- testCase1 -->
        <test-method signature="testCase1()[pri:0, instance:cs.lab.RegistraAppTest@34acbc60]" started-at="2020-10-08T10:18:10 PET" name="testCase1" finished-at="2020-10-08T10:18:10 PET" duration-ms="63" status="PASS">
          <reporter-output>
          </reporter-output>
        </test-method> <!-- testCase1 -->
        <test-method signature="testCase1()[pri:0, instance:cs.lab.RegistraAppTest@34acbc60]" started-at="2020-10-08T10:18:10 PET" name="testCase1" finished-at="2020-10-08T10:18:10 PET" duration-ms="61" status="PASS">
          <reporter-output>
          </reporter-output>
        </test-method> <!-- testCase1 -->
        <test-method signature="testCase1()[pri:0, instance:cs.lab.RegistraAppTest@34acbc60]" started-at="2020-10-08T10:18:10 PET" name="testCase1" finished-at="2020-10-08T10:18:10 PET" duration-ms="155" status="PASS">
          <reporter-output>
          </reporter-output>
        </test-method> <!-- testCase1 -->
        <test-method signature="testCase1()[pri:0, instance:cs.lab.RegistraAppTest@34acbc60]" started-at="2020-10-08T10:18:10 PET" name="testCase1" finished-at="2020-10-08T10:18:10 PET" duration-ms="123" status="PASS">
          <reporter-output>
          </reporter-output>
        </test-method> <!-- testCase1 -->
        <test-method signature="testCase1()[pri:0, instance:cs.lab.RegistraAppTest@34acbc60]" started-at="2020-10-08T10:18:10 PET" name="testCase1" finished-at="2020-10-08T10:18:10 PET" duration-ms="54" status="PASS">
          <reporter-output>
          </reporter-output>
        </test-method> <!-- testCase1 -->
        <test-method signature="testCase1()[pri:0, instance:cs.lab.RegistraAppTest@34acbc60]" started-at="2020-10-08T10:18:10 PET" name="testCase1" finished-at="2020-10-08T10:18:10 PET" duration-ms="30" status="PASS">
          <reporter-output>
          </reporter-output>
        </test-method> <!-- testCase1 -->
        <test-method signature="testCase1()[pri:0, instance:cs.lab.RegistraAppTest@34acbc60]" started-at="2020-10-08T10:18:10 PET" name="testCase1" finished-at="2020-10-08T10:18:10 PET" duration-ms="100" status="PASS">
          <reporter-output>
          </reporter-output>
        </test-method> <!-- testCase1 -->
        <test-method signature="testCase1()[pri:0, instance:cs.lab.RegistraAppTest@34acbc60]" started-at="2020-10-08T10:18:10 PET" name="testCase1" finished-at="2020-10-08T10:18:10 PET" duration-ms="26" status="PASS">
          <reporter-output>
          </reporter-output>
        </test-method> <!-- testCase1 -->
        <test-method signature="testCase1()[pri:0, instance:cs.lab.RegistraAppTest@34acbc60]" started-at="2020-10-08T10:18:10 PET" name="testCase1" finished-at="2020-10-08T10:18:10 PET" duration-ms="128" status="PASS">
          <reporter-output>
          </reporter-output>
        </test-method> <!-- testCase1 -->
        <test-method signature="testCase1()[pri:0, instance:cs.lab.RegistraAppTest@34acbc60]" started-at="2020-10-08T10:18:10 PET" name="testCase1" finished-at="2020-10-08T10:18:10 PET" duration-ms="146" status="PASS">
          <reporter-output>
          </reporter-output>
        </test-method> <!-- testCase1 -->
        <test-method signature="testCase1()[pri:0, instance:cs.lab.RegistraAppTest@34acbc60]" started-at="2020-10-08T10:18:10 PET" name="testCase1" finished-at="2020-10-08T10:18:10 PET" duration-ms="123" status="PASS">
          <reporter-output>
          </reporter-output>
        </test-method> <!-- testCase1 -->
        <test-method signature="testCase1()[pri:0, instance:cs.lab.RegistraAppTest@34acbc60]" started-at="2020-10-08T10:18:10 PET" name="testCase1" finished-at="2020-10-08T10:18:10 PET" duration-ms="124" status="PASS">
          <reporter-output>
          </reporter-output>
        </test-method> <!-- testCase1 -->
        <test-method signature="testCase1()[pri:0, instance:cs.lab.RegistraAppTest@34acbc60]" started-at="2020-10-08T10:18:10 PET" name="testCase1" finished-at="2020-10-08T10:18:10 PET" duration-ms="122" status="PASS">
          <reporter-output>
          </reporter-output>
        </test-method> <!-- testCase1 -->
        <test-method signature="testCase1()[pri:0, instance:cs.lab.RegistraAppTest@34acbc60]" started-at="2020-10-08T10:18:10 PET" name="testCase1" finished-at="2020-10-08T10:18:10 PET" duration-ms="123" status="PASS">
          <reporter-output>
          </reporter-output>
        </test-method> <!-- testCase1 -->
        <test-method signature="testCase1()[pri:0, instance:cs.lab.RegistraAppTest@34acbc60]" started-at="2020-10-08T10:18:10 PET" name="testCase1" finished-at="2020-10-08T10:18:10 PET" duration-ms="122" status="PASS">
          <reporter-output>
          </reporter-output>
        </test-method> <!-- testCase1 -->
        <test-method signature="testCase1()[pri:0, instance:cs.lab.RegistraAppTest@34acbc60]" started-at="2020-10-08T10:18:10 PET" name="testCase1" finished-at="2020-10-08T10:18:10 PET" duration-ms="144" status="PASS">
          <reporter-output>
          </reporter-output>
        </test-method> <!-- testCase1 -->
        <test-method signature="testCase1()[pri:0, instance:cs.lab.RegistraAppTest@34acbc60]" started-at="2020-10-08T10:18:10 PET" name="testCase1" finished-at="2020-10-08T10:18:10 PET" duration-ms="123" status="PASS">
          <reporter-output>
          </reporter-output>
        </test-method> <!-- testCase1 -->
        <test-method signature="testCase1()[pri:0, instance:cs.lab.RegistraAppTest@34acbc60]" started-at="2020-10-08T10:18:10 PET" name="testCase1" finished-at="2020-10-08T10:18:10 PET" duration-ms="123" status="PASS">
          <reporter-output>
          </reporter-output>
        </test-method> <!-- testCase1 -->
        <test-method signature="testCase1()[pri:0, instance:cs.lab.RegistraAppTest@34acbc60]" started-at="2020-10-08T10:18:10 PET" name="testCase1" finished-at="2020-10-08T10:18:10 PET" duration-ms="118" status="PASS">
          <reporter-output>
          </reporter-output>
        </test-method> <!-- testCase1 -->
        <test-method signature="testCase1()[pri:0, instance:cs.lab.RegistraAppTest@34acbc60]" started-at="2020-10-08T10:18:10 PET" name="testCase1" finished-at="2020-10-08T10:18:10 PET" duration-ms="123" status="PASS">
          <reporter-output>
          </reporter-output>
        </test-method> <!-- testCase1 -->
        <test-method signature="testCase1()[pri:0, instance:cs.lab.RegistraAppTest@34acbc60]" started-at="2020-10-08T10:18:10 PET" name="testCase1" finished-at="2020-10-08T10:18:10 PET" duration-ms="143" status="PASS">
          <reporter-output>
          </reporter-output>
        </test-method> <!-- testCase1 -->
        <test-method signature="testCase1()[pri:0, instance:cs.lab.RegistraAppTest@34acbc60]" started-at="2020-10-08T10:18:10 PET" name="testCase1" finished-at="2020-10-08T10:18:10 PET" duration-ms="123" status="PASS">
          <reporter-output>
          </reporter-output>
        </test-method> <!-- testCase1 -->
        <test-method signature="testCase1()[pri:0, instance:cs.lab.RegistraAppTest@34acbc60]" started-at="2020-10-08T10:18:10 PET" name="testCase1" finished-at="2020-10-08T10:18:10 PET" duration-ms="124" status="PASS">
          <reporter-output>
          </reporter-output>
        </test-method> <!-- testCase1 -->
        <test-method signature="testCase1()[pri:0, instance:cs.lab.RegistraAppTest@34acbc60]" started-at="2020-10-08T10:18:10 PET" name="testCase1" finished-at="2020-10-08T10:18:10 PET" duration-ms="5" status="PASS">
          <reporter-output>
          </reporter-output>
        </test-method> <!-- testCase1 -->
        <test-method signature="testCase1()[pri:0, instance:cs.lab.RegistraAppTest@34acbc60]" started-at="2020-10-08T10:18:10 PET" name="testCase1" finished-at="2020-10-08T10:18:10 PET" duration-ms="124" status="PASS">
          <reporter-output>
          </reporter-output>
        </test-method> <!-- testCase1 -->
        <test-method signature="testCase1()[pri:0, instance:cs.lab.RegistraAppTest@34acbc60]" started-at="2020-10-08T10:18:10 PET" name="testCase1" finished-at="2020-10-08T10:18:10 PET" duration-ms="124" status="PASS">
          <reporter-output>
          </reporter-output>
        </test-method> <!-- testCase1 -->
        <test-method signature="testCase1()[pri:0, instance:cs.lab.RegistraAppTest@34acbc60]" started-at="2020-10-08T10:18:10 PET" name="testCase1" finished-at="2020-10-08T10:18:10 PET" duration-ms="123" status="PASS">
          <reporter-output>
          </reporter-output>
        </test-method> <!-- testCase1 -->
        <test-method signature="testCase1()[pri:0, instance:cs.lab.RegistraAppTest@34acbc60]" started-at="2020-10-08T10:18:10 PET" name="testCase1" finished-at="2020-10-08T10:18:10 PET" duration-ms="124" status="PASS">
          <reporter-output>
          </reporter-output>
        </test-method> <!-- testCase1 -->
        <test-method signature="testCase1()[pri:0, instance:cs.lab.RegistraAppTest@34acbc60]" started-at="2020-10-08T10:18:10 PET" name="testCase1" finished-at="2020-10-08T10:18:10 PET" duration-ms="120" status="PASS">
          <reporter-output>
          </reporter-output>
        </test-method> <!-- testCase1 -->
        <test-method signature="testCase1()[pri:0, instance:cs.lab.RegistraAppTest@34acbc60]" started-at="2020-10-08T10:18:10 PET" name="testCase1" finished-at="2020-10-08T10:18:10 PET" duration-ms="119" status="PASS">
          <reporter-output>
          </reporter-output>
        </test-method> <!-- testCase1 -->
        <test-method signature="testCase1()[pri:0, instance:cs.lab.RegistraAppTest@34acbc60]" started-at="2020-10-08T10:18:10 PET" name="testCase1" finished-at="2020-10-08T10:18:10 PET" duration-ms="119" status="PASS">
          <reporter-output>
          </reporter-output>
        </test-method> <!-- testCase1 -->
        <test-method signature="testCase1()[pri:0, instance:cs.lab.RegistraAppTest@34acbc60]" started-at="2020-10-08T10:18:10 PET" name="testCase1" finished-at="2020-10-08T10:18:10 PET" duration-ms="118" status="PASS">
          <reporter-output>
          </reporter-output>
        </test-method> <!-- testCase1 -->
        <test-method signature="testCase1()[pri:0, instance:cs.lab.RegistraAppTest@34acbc60]" started-at="2020-10-08T10:18:10 PET" name="testCase1" finished-at="2020-10-08T10:18:10 PET" duration-ms="114" status="PASS">
          <reporter-output>
          </reporter-output>
        </test-method> <!-- testCase1 -->
        <test-method signature="testCase1()[pri:0, instance:cs.lab.RegistraAppTest@34acbc60]" started-at="2020-10-08T10:18:10 PET" name="testCase1" finished-at="2020-10-08T10:18:10 PET" duration-ms="115" status="PASS">
          <reporter-output>
          </reporter-output>
        </test-method> <!-- testCase1 -->
        <test-method signature="testCase1()[pri:0, instance:cs.lab.RegistraAppTest@34acbc60]" started-at="2020-10-08T10:18:10 PET" name="testCase1" finished-at="2020-10-08T10:18:10 PET" duration-ms="115" status="PASS">
          <reporter-output>
          </reporter-output>
        </test-method> <!-- testCase1 -->
        <test-method signature="testCase1()[pri:0, instance:cs.lab.RegistraAppTest@34acbc60]" started-at="2020-10-08T10:18:10 PET" name="testCase1" finished-at="2020-10-08T10:18:10 PET" duration-ms="114" status="PASS">
          <reporter-output>
          </reporter-output>
        </test-method> <!-- testCase1 -->
        <test-method signature="testCase1()[pri:0, instance:cs.lab.RegistraAppTest@34acbc60]" started-at="2020-10-08T10:18:10 PET" name="testCase1" finished-at="2020-10-08T10:18:10 PET" duration-ms="3" status="PASS">
          <reporter-output>
          </reporter-output>
        </test-method> <!-- testCase1 -->
        <test-method signature="testCase1()[pri:0, instance:cs.lab.RegistraAppTest@34acbc60]" started-at="2020-10-08T10:18:10 PET" name="testCase1" finished-at="2020-10-08T10:18:10 PET" duration-ms="115" status="PASS">
          <reporter-output>
          </reporter-output>
        </test-method> <!-- testCase1 -->
        <test-method signature="testCase1()[pri:0, instance:cs.lab.RegistraAppTest@34acbc60]" started-at="2020-10-08T10:18:10 PET" name="testCase1" finished-at="2020-10-08T10:18:10 PET" duration-ms="118" status="PASS">
          <reporter-output>
          </reporter-output>
        </test-method> <!-- testCase1 -->
        <test-method signature="testCase1()[pri:0, instance:cs.lab.RegistraAppTest@34acbc60]" started-at="2020-10-08T10:18:10 PET" name="testCase1" finished-at="2020-10-08T10:18:10 PET" duration-ms="119" status="PASS">
          <reporter-output>
          </reporter-output>
        </test-method> <!-- testCase1 -->
        <test-method signature="testCase1()[pri:0, instance:cs.lab.RegistraAppTest@34acbc60]" started-at="2020-10-08T10:18:10 PET" name="testCase1" finished-at="2020-10-08T10:18:10 PET" duration-ms="115" status="PASS">
          <reporter-output>
          </reporter-output>
        </test-method> <!-- testCase1 -->
        <test-method signature="testCase1()[pri:0, instance:cs.lab.RegistraAppTest@34acbc60]" started-at="2020-10-08T10:18:10 PET" name="testCase1" finished-at="2020-10-08T10:18:10 PET" duration-ms="118" status="PASS">
          <reporter-output>
          </reporter-output>
        </test-method> <!-- testCase1 -->
        <test-method signature="testCase1()[pri:0, instance:cs.lab.RegistraAppTest@34acbc60]" started-at="2020-10-08T10:18:10 PET" name="testCase1" finished-at="2020-10-08T10:18:10 PET" duration-ms="117" status="PASS">
          <reporter-output>
          </reporter-output>
        </test-method> <!-- testCase1 -->
        <test-method signature="testCase1()[pri:0, instance:cs.lab.RegistraAppTest@34acbc60]" started-at="2020-10-08T10:18:10 PET" name="testCase1" finished-at="2020-10-08T10:18:10 PET" duration-ms="3" status="PASS">
          <reporter-output>
          </reporter-output>
        </test-method> <!-- testCase1 -->
        <test-method signature="testCase1()[pri:0, instance:cs.lab.RegistraAppTest@34acbc60]" started-at="2020-10-08T10:18:10 PET" name="testCase1" finished-at="2020-10-08T10:18:10 PET" duration-ms="116" status="PASS">
          <reporter-output>
          </reporter-output>
        </test-method> <!-- testCase1 -->
        <test-method signature="testCase1()[pri:0, instance:cs.lab.RegistraAppTest@34acbc60]" started-at="2020-10-08T10:18:10 PET" name="testCase1" finished-at="2020-10-08T10:18:10 PET" duration-ms="116" status="PASS">
          <reporter-output>
          </reporter-output>
        </test-method> <!-- testCase1 -->
        <test-method signature="testCase1()[pri:0, instance:cs.lab.RegistraAppTest@34acbc60]" started-at="2020-10-08T10:18:10 PET" name="testCase1" finished-at="2020-10-08T10:18:10 PET" duration-ms="115" status="PASS">
          <reporter-output>
          </reporter-output>
        </test-method> <!-- testCase1 -->
        <test-method signature="testCase1()[pri:0, instance:cs.lab.RegistraAppTest@34acbc60]" started-at="2020-10-08T10:18:10 PET" name="testCase1" finished-at="2020-10-08T10:18:10 PET" duration-ms="116" status="PASS">
          <reporter-output>
          </reporter-output>
        </test-method> <!-- testCase1 -->
        <test-method signature="testCase1()[pri:0, instance:cs.lab.RegistraAppTest@34acbc60]" started-at="2020-10-08T10:18:10 PET" name="testCase1" finished-at="2020-10-08T10:18:10 PET" duration-ms="115" status="PASS">
          <reporter-output>
          </reporter-output>
        </test-method> <!-- testCase1 -->
        <test-method signature="testCase1()[pri:0, instance:cs.lab.RegistraAppTest@34acbc60]" started-at="2020-10-08T10:18:10 PET" name="testCase1" finished-at="2020-10-08T10:18:10 PET" duration-ms="3" status="PASS">
          <reporter-output>
          </reporter-output>
        </test-method> <!-- testCase1 -->
        <test-method signature="testCase1()[pri:0, instance:cs.lab.RegistraAppTest@34acbc60]" started-at="2020-10-08T10:18:10 PET" name="testCase1" finished-at="2020-10-08T10:18:10 PET" duration-ms="114" status="PASS">
          <reporter-output>
          </reporter-output>
        </test-method> <!-- testCase1 -->
        <test-method signature="testCase1()[pri:0, instance:cs.lab.RegistraAppTest@34acbc60]" started-at="2020-10-08T10:18:10 PET" name="testCase1" finished-at="2020-10-08T10:18:10 PET" duration-ms="113" status="PASS">
          <reporter-output>
          </reporter-output>
        </test-method> <!-- testCase1 -->
        <test-method signature="testCase1()[pri:0, instance:cs.lab.RegistraAppTest@34acbc60]" started-at="2020-10-08T10:18:10 PET" name="testCase1" finished-at="2020-10-08T10:18:10 PET" duration-ms="114" status="PASS">
          <reporter-output>
          </reporter-output>
        </test-method> <!-- testCase1 -->
        <test-method signature="testCase1()[pri:0, instance:cs.lab.RegistraAppTest@34acbc60]" started-at="2020-10-08T10:18:10 PET" name="testCase1" finished-at="2020-10-08T10:18:10 PET" duration-ms="113" status="PASS">
          <reporter-output>
          </reporter-output>
        </test-method> <!-- testCase1 -->
        <test-method signature="testCase1()[pri:0, instance:cs.lab.RegistraAppTest@34acbc60]" started-at="2020-10-08T10:18:10 PET" name="testCase1" finished-at="2020-10-08T10:18:10 PET" duration-ms="113" status="PASS">
          <reporter-output>
          </reporter-output>
        </test-method> <!-- testCase1 -->
        <test-method signature="testCase1()[pri:0, instance:cs.lab.RegistraAppTest@34acbc60]" started-at="2020-10-08T10:18:10 PET" name="testCase1" finished-at="2020-10-08T10:18:10 PET" duration-ms="35" status="PASS">
          <reporter-output>
          </reporter-output>
        </test-method> <!-- testCase1 -->
        <test-method signature="testCase1()[pri:0, instance:cs.lab.RegistraAppTest@34acbc60]" started-at="2020-10-08T10:18:10 PET" name="testCase1" finished-at="2020-10-08T10:18:10 PET" duration-ms="111" status="PASS">
          <reporter-output>
          </reporter-output>
        </test-method> <!-- testCase1 -->
        <test-method signature="testCase1()[pri:0, instance:cs.lab.RegistraAppTest@34acbc60]" started-at="2020-10-08T10:18:10 PET" name="testCase1" finished-at="2020-10-08T10:18:10 PET" duration-ms="111" status="PASS">
          <reporter-output>
          </reporter-output>
        </test-method> <!-- testCase1 -->
        <test-method signature="testCase1()[pri:0, instance:cs.lab.RegistraAppTest@34acbc60]" started-at="2020-10-08T10:18:10 PET" name="testCase1" finished-at="2020-10-08T10:18:10 PET" duration-ms="10" status="PASS">
          <reporter-output>
          </reporter-output>
        </test-method> <!-- testCase1 -->
        <test-method signature="testCase1()[pri:0, instance:cs.lab.RegistraAppTest@34acbc60]" started-at="2020-10-08T10:18:10 PET" name="testCase1" finished-at="2020-10-08T10:18:10 PET" duration-ms="111" status="PASS">
          <reporter-output>
          </reporter-output>
        </test-method> <!-- testCase1 -->
        <test-method signature="testCase1()[pri:0, instance:cs.lab.RegistraAppTest@34acbc60]" started-at="2020-10-08T10:18:10 PET" name="testCase1" finished-at="2020-10-08T10:18:10 PET" duration-ms="110" status="PASS">
          <reporter-output>
          </reporter-output>
        </test-method> <!-- testCase1 -->
        <test-method signature="testCase1()[pri:0, instance:cs.lab.RegistraAppTest@34acbc60]" started-at="2020-10-08T10:18:10 PET" name="testCase1" finished-at="2020-10-08T10:18:10 PET" duration-ms="103" status="PASS">
          <reporter-output>
          </reporter-output>
        </test-method> <!-- testCase1 -->
        <test-method signature="testCase1()[pri:0, instance:cs.lab.RegistraAppTest@34acbc60]" started-at="2020-10-08T10:18:10 PET" name="testCase1" finished-at="2020-10-08T10:18:10 PET" duration-ms="103" status="PASS">
          <reporter-output>
          </reporter-output>
        </test-method> <!-- testCase1 -->
        <test-method signature="testCase1()[pri:0, instance:cs.lab.RegistraAppTest@34acbc60]" started-at="2020-10-08T10:18:10 PET" name="testCase1" finished-at="2020-10-08T10:18:10 PET" duration-ms="102" status="PASS">
          <reporter-output>
          </reporter-output>
        </test-method> <!-- testCase1 -->
        <test-method signature="testCase1()[pri:0, instance:cs.lab.RegistraAppTest@34acbc60]" started-at="2020-10-08T10:18:10 PET" name="testCase1" finished-at="2020-10-08T10:18:10 PET" duration-ms="101" status="PASS">
          <reporter-output>
          </reporter-output>
        </test-method> <!-- testCase1 -->
        <test-method signature="testCase1()[pri:0, instance:cs.lab.RegistraAppTest@34acbc60]" started-at="2020-10-08T10:18:10 PET" name="testCase1" finished-at="2020-10-08T10:18:10 PET" duration-ms="101" status="PASS">
          <reporter-output>
          </reporter-output>
        </test-method> <!-- testCase1 -->
        <test-method signature="testCase1()[pri:0, instance:cs.lab.RegistraAppTest@34acbc60]" started-at="2020-10-08T10:18:10 PET" name="testCase1" finished-at="2020-10-08T10:18:10 PET" duration-ms="100" status="PASS">
          <reporter-output>
          </reporter-output>
        </test-method> <!-- testCase1 -->
        <test-method signature="testCase1()[pri:0, instance:cs.lab.RegistraAppTest@34acbc60]" started-at="2020-10-08T10:18:10 PET" name="testCase1" finished-at="2020-10-08T10:18:10 PET" duration-ms="101" status="PASS">
          <reporter-output>
          </reporter-output>
        </test-method> <!-- testCase1 -->
        <test-method signature="testCase1()[pri:0, instance:cs.lab.RegistraAppTest@34acbc60]" started-at="2020-10-08T10:18:10 PET" name="testCase1" finished-at="2020-10-08T10:18:10 PET" duration-ms="100" status="PASS">
          <reporter-output>
          </reporter-output>
        </test-method> <!-- testCase1 -->
        <test-method signature="testCase1()[pri:0, instance:cs.lab.RegistraAppTest@34acbc60]" started-at="2020-10-08T10:18:10 PET" name="testCase1" finished-at="2020-10-08T10:18:10 PET" duration-ms="2" status="PASS">
          <reporter-output>
          </reporter-output>
        </test-method> <!-- testCase1 -->
        <test-method signature="testCase1()[pri:0, instance:cs.lab.RegistraAppTest@34acbc60]" started-at="2020-10-08T10:18:10 PET" name="testCase1" finished-at="2020-10-08T10:18:10 PET" duration-ms="100" status="PASS">
          <reporter-output>
          </reporter-output>
        </test-method> <!-- testCase1 -->
        <test-method signature="testCase1()[pri:0, instance:cs.lab.RegistraAppTest@34acbc60]" started-at="2020-10-08T10:18:10 PET" name="testCase1" finished-at="2020-10-08T10:18:10 PET" duration-ms="100" status="PASS">
          <reporter-output>
          </reporter-output>
        </test-method> <!-- testCase1 -->
        <test-method signature="testCase1()[pri:0, instance:cs.lab.RegistraAppTest@34acbc60]" started-at="2020-10-08T10:18:10 PET" name="testCase1" finished-at="2020-10-08T10:18:10 PET" duration-ms="99" status="PASS">
          <reporter-output>
          </reporter-output>
        </test-method> <!-- testCase1 -->
        <test-method signature="testCase1()[pri:0, instance:cs.lab.RegistraAppTest@34acbc60]" started-at="2020-10-08T10:18:10 PET" name="testCase1" finished-at="2020-10-08T10:18:10 PET" duration-ms="100" status="PASS">
          <reporter-output>
          </reporter-output>
        </test-method> <!-- testCase1 -->
        <test-method signature="testCase1()[pri:0, instance:cs.lab.RegistraAppTest@34acbc60]" started-at="2020-10-08T10:18:10 PET" name="testCase1" finished-at="2020-10-08T10:18:10 PET" duration-ms="99" status="PASS">
          <reporter-output>
          </reporter-output>
        </test-method> <!-- testCase1 -->
        <test-method signature="testCase1()[pri:0, instance:cs.lab.RegistraAppTest@34acbc60]" started-at="2020-10-08T10:18:10 PET" name="testCase1" finished-at="2020-10-08T10:18:10 PET" duration-ms="100" status="PASS">
          <reporter-output>
          </reporter-output>
        </test-method> <!-- testCase1 -->
        <test-method signature="testCase1()[pri:0, instance:cs.lab.RegistraAppTest@34acbc60]" started-at="2020-10-08T10:18:10 PET" name="testCase1" finished-at="2020-10-08T10:18:10 PET" duration-ms="99" status="PASS">
          <reporter-output>
          </reporter-output>
        </test-method> <!-- testCase1 -->
        <test-method signature="testCase1()[pri:0, instance:cs.lab.RegistraAppTest@34acbc60]" started-at="2020-10-08T10:18:10 PET" name="testCase1" finished-at="2020-10-08T10:18:10 PET" duration-ms="99" status="PASS">
          <reporter-output>
          </reporter-output>
        </test-method> <!-- testCase1 -->
        <test-method signature="testCase1()[pri:0, instance:cs.lab.RegistraAppTest@34acbc60]" started-at="2020-10-08T10:18:10 PET" name="testCase1" finished-at="2020-10-08T10:18:10 PET" duration-ms="99" status="PASS">
          <reporter-output>
          </reporter-output>
        </test-method> <!-- testCase1 -->
        <test-method signature="testCase1()[pri:0, instance:cs.lab.RegistraAppTest@34acbc60]" started-at="2020-10-08T10:18:10 PET" name="testCase1" finished-at="2020-10-08T10:18:10 PET" duration-ms="98" status="PASS">
          <reporter-output>
          </reporter-output>
        </test-method> <!-- testCase1 -->
        <test-method signature="testCase1()[pri:0, instance:cs.lab.RegistraAppTest@34acbc60]" started-at="2020-10-08T10:18:10 PET" name="testCase1" finished-at="2020-10-08T10:18:10 PET" duration-ms="97" status="PASS">
          <reporter-output>
          </reporter-output>
        </test-method> <!-- testCase1 -->
        <test-method signature="testCase1()[pri:0, instance:cs.lab.RegistraAppTest@34acbc60]" started-at="2020-10-08T10:18:10 PET" name="testCase1" finished-at="2020-10-08T10:18:10 PET" duration-ms="97" status="PASS">
          <reporter-output>
          </reporter-output>
        </test-method> <!-- testCase1 -->
        <test-method signature="testCase1()[pri:0, instance:cs.lab.RegistraAppTest@34acbc60]" started-at="2020-10-08T10:18:10 PET" name="testCase1" finished-at="2020-10-08T10:18:10 PET" duration-ms="97" status="PASS">
          <reporter-output>
          </reporter-output>
        </test-method> <!-- testCase1 -->
        <test-method signature="testCase1()[pri:0, instance:cs.lab.RegistraAppTest@34acbc60]" started-at="2020-10-08T10:18:10 PET" name="testCase1" finished-at="2020-10-08T10:18:10 PET" duration-ms="97" status="PASS">
          <reporter-output>
          </reporter-output>
        </test-method> <!-- testCase1 -->
        <test-method signature="testCase1()[pri:0, instance:cs.lab.RegistraAppTest@34acbc60]" started-at="2020-10-08T10:18:10 PET" name="testCase1" finished-at="2020-10-08T10:18:10 PET" duration-ms="97" status="PASS">
          <reporter-output>
          </reporter-output>
        </test-method> <!-- testCase1 -->
        <test-method signature="testCase1()[pri:0, instance:cs.lab.RegistraAppTest@34acbc60]" started-at="2020-10-08T10:18:10 PET" name="testCase1" finished-at="2020-10-08T10:18:10 PET" duration-ms="57" status="PASS">
          <reporter-output>
          </reporter-output>
        </test-method> <!-- testCase1 -->
        <test-method signature="testCase1()[pri:0, instance:cs.lab.RegistraAppTest@34acbc60]" started-at="2020-10-08T10:18:10 PET" name="testCase1" finished-at="2020-10-08T10:18:10 PET" duration-ms="96" status="PASS">
          <reporter-output>
          </reporter-output>
        </test-method> <!-- testCase1 -->
        <test-method signature="testCase1()[pri:0, instance:cs.lab.RegistraAppTest@34acbc60]" started-at="2020-10-08T10:18:10 PET" name="testCase1" finished-at="2020-10-08T10:18:10 PET" duration-ms="98" status="PASS">
          <reporter-output>
          </reporter-output>
        </test-method> <!-- testCase1 -->
        <test-method signature="testCase1()[pri:0, instance:cs.lab.RegistraAppTest@34acbc60]" started-at="2020-10-08T10:18:10 PET" name="testCase1" finished-at="2020-10-08T10:18:10 PET" duration-ms="98" status="PASS">
          <reporter-output>
          </reporter-output>
        </test-method> <!-- testCase1 -->
        <test-method signature="testCase1()[pri:0, instance:cs.lab.RegistraAppTest@34acbc60]" started-at="2020-10-08T10:18:10 PET" name="testCase1" finished-at="2020-10-08T10:18:10 PET" duration-ms="98" status="PASS">
          <reporter-output>
          </reporter-output>
        </test-method> <!-- testCase1 -->
        <test-method signature="testCase1()[pri:0, instance:cs.lab.RegistraAppTest@34acbc60]" started-at="2020-10-08T10:18:10 PET" name="testCase1" finished-at="2020-10-08T10:18:10 PET" duration-ms="97" status="PASS">
          <reporter-output>
          </reporter-output>
        </test-method> <!-- testCase1 -->
        <test-method signature="testCase1()[pri:0, instance:cs.lab.RegistraAppTest@34acbc60]" started-at="2020-10-08T10:18:10 PET" name="testCase1" finished-at="2020-10-08T10:18:10 PET" duration-ms="97" status="PASS">
          <reporter-output>
          </reporter-output>
        </test-method> <!-- testCase1 -->
        <test-method signature="testCase2()[pri:0, instance:cs.lab.RegistraAppTest@34acbc60]" started-at="2020-10-08T10:18:10 PET" name="testCase2" finished-at="2020-10-08T10:18:10 PET" duration-ms="1" status="PASS">
          <exception class="cs.lab.InvalidCourseFormatException">
            <message>
              <![CDATA[El idioma no es v치lido]]>
            </message>
            <full-stacktrace>
              <![CDATA[cs.lab.InvalidCourseFormatException: El idioma no es v치lido
at cs.lab.Clase.checkIdioma(Clase.java:65)
at cs.lab.Clase.<init>(Clase.java:20)
at cs.lab.RegistraAppTest.testCase2(RegistraAppTest.java:60)
at java.base/jdk.internal.reflect.NativeMethodAccessorImpl.invoke0(Native Method)
at java.base/jdk.internal.reflect.NativeMethodAccessorImpl.invoke(NativeMethodAccessorImpl.java:62)
at java.base/jdk.internal.reflect.DelegatingMethodAccessorImpl.invoke(DelegatingMethodAccessorImpl.java:43)
at java.base/java.lang.reflect.Method.invoke(Method.java:567)
at org.testng.internal.MethodInvocationHelper.invokeMethod(MethodInvocationHelper.java:132)
at org.testng.internal.TestInvoker.invokeMethod(TestInvoker.java:599)
at org.testng.internal.TestInvoker.invokeTestMethod(TestInvoker.java:174)
at org.testng.internal.MethodRunner.runInSequence(MethodRunner.java:46)
at org.testng.internal.TestInvoker$MethodInvocationAgent.invoke(TestInvoker.java:822)
at org.testng.internal.TestInvoker.invokeTestMethods(TestInvoker.java:147)
at org.testng.internal.TestMethodWorker.invokeTestMethods(TestMethodWorker.java:146)
at org.testng.internal.TestMethodWorker.run(TestMethodWorker.java:128)
at java.base/java.util.ArrayList.forEach(ArrayList.java:1507)
at org.testng.TestRunner.privateRun(TestRunner.java:764)
at org.testng.TestRunner.run(TestRunner.java:585)
at org.testng.SuiteRunner.runTest(SuiteRunner.java:384)
at org.testng.SuiteRunner.runSequentially(SuiteRunner.java:378)
at org.testng.SuiteRunner.privateRun(SuiteRunner.java:337)
at org.testng.SuiteRunner.run(SuiteRunner.java:286)
at org.testng.SuiteRunnerWorker.runSuite(SuiteRunnerWorker.java:53)
at org.testng.SuiteRunnerWorker.run(SuiteRunnerWorker.java:96)
at org.testng.TestNG.runSuitesSequentially(TestNG.java:1218)
at org.testng.TestNG.runSuitesLocally(TestNG.java:1140)
at org.testng.TestNG.runSuites(TestNG.java:1069)
at org.testng.TestNG.run(TestNG.java:1037)
at org.apache.maven.surefire.testng.TestNGExecutor.run(TestNGExecutor.java:135)
at org.apache.maven.surefire.testng.TestNGDirectoryTestSuite.executeSingleClass(TestNGDirectoryTestSuite.java:112)
at org.apache.maven.surefire.testng.TestNGDirectoryTestSuite.execute(TestNGDirectoryTestSuite.java:99)
at org.apache.maven.surefire.testng.TestNGProvider.invoke(TestNGProvider.java:146)
at org.apache.maven.surefire.booter.ForkedBooter.invokeProviderInSameClassLoader(ForkedBooter.java:384)
at org.apache.maven.surefire.booter.ForkedBooter.runSuitesInProcess(ForkedBooter.java:345)
at org.apache.maven.surefire.booter.ForkedBooter.execute(ForkedBooter.java:126)
at org.apache.maven.surefire.booter.ForkedBooter.main(ForkedBooter.java:418)
]]>
            </full-stacktrace>
          </exception> <!-- cs.lab.InvalidCourseFormatException -->
          <reporter-output>
          </reporter-output>
        </test-method> <!-- testCase2 -->
        <test-method signature="testCase3()[pri:0, instance:cs.lab.RegistraAppTest@34acbc60]" started-at="2020-10-08T10:18:10 PET" name="testCase3" finished-at="2020-10-08T10:18:10 PET" duration-ms="1" status="PASS">
          <exception class="cs.lab.InvalidCourseFormatException">
            <message>
              <![CDATA[El idioma no es v치lido]]>
            </message>
            <full-stacktrace>
              <![CDATA[cs.lab.InvalidCourseFormatException: El idioma no es v치lido
at cs.lab.Clase.checkIdioma(Clase.java:65)
at cs.lab.Clase.<init>(Clase.java:20)
at cs.lab.RegistraAppTest.testCase3(RegistraAppTest.java:80)
at java.base/jdk.internal.reflect.NativeMethodAccessorImpl.invoke0(Native Method)
at java.base/jdk.internal.reflect.NativeMethodAccessorImpl.invoke(NativeMethodAccessorImpl.java:62)
at java.base/jdk.internal.reflect.DelegatingMethodAccessorImpl.invoke(DelegatingMethodAccessorImpl.java:43)
at java.base/java.lang.reflect.Method.invoke(Method.java:567)
at org.testng.internal.MethodInvocationHelper.invokeMethod(MethodInvocationHelper.java:132)
at org.testng.internal.TestInvoker.invokeMethod(TestInvoker.java:599)
at org.testng.internal.TestInvoker.invokeTestMethod(TestInvoker.java:174)
at org.testng.internal.MethodRunner.runInSequence(MethodRunner.java:46)
at org.testng.internal.TestInvoker$MethodInvocationAgent.invoke(TestInvoker.java:822)
at org.testng.internal.TestInvoker.invokeTestMethods(TestInvoker.java:147)
at org.testng.internal.TestMethodWorker.invokeTestMethods(TestMethodWorker.java:146)
at org.testng.internal.TestMethodWorker.run(TestMethodWorker.java:128)
at java.base/java.util.ArrayList.forEach(ArrayList.java:1507)
at org.testng.TestRunner.privateRun(TestRunner.java:764)
at org.testng.TestRunner.run(TestRunner.java:585)
at org.testng.SuiteRunner.runTest(SuiteRunner.java:384)
at org.testng.SuiteRunner.runSequentially(SuiteRunner.java:378)
at org.testng.SuiteRunner.privateRun(SuiteRunner.java:337)
at org.testng.SuiteRunner.run(SuiteRunner.java:286)
at org.testng.SuiteRunnerWorker.runSuite(SuiteRunnerWorker.java:53)
at org.testng.SuiteRunnerWorker.run(SuiteRunnerWorker.java:96)
at org.testng.TestNG.runSuitesSequentially(TestNG.java:1218)
at org.testng.TestNG.runSuitesLocally(TestNG.java:1140)
at org.testng.TestNG.runSuites(TestNG.java:1069)
at org.testng.TestNG.run(TestNG.java:1037)
at org.apache.maven.surefire.testng.TestNGExecutor.run(TestNGExecutor.java:135)
at org.apache.maven.surefire.testng.TestNGDirectoryTestSuite.executeSingleClass(TestNGDirectoryTestSuite.java:112)
at org.apache.maven.surefire.testng.TestNGDirectoryTestSuite.execute(TestNGDirectoryTestSuite.java:99)
at org.apache.maven.surefire.testng.TestNGProvider.invoke(TestNGProvider.java:146)
at org.apache.maven.surefire.booter.ForkedBooter.invokeProviderInSameClassLoader(ForkedBooter.java:384)
at org.apache.maven.surefire.booter.ForkedBooter.runSuitesInProcess(ForkedBooter.java:345)
at org.apache.maven.surefire.booter.ForkedBooter.execute(ForkedBooter.java:126)
at org.apache.maven.surefire.booter.ForkedBooter.main(ForkedBooter.java:418)
]]>
            </full-stacktrace>
          </exception> <!-- cs.lab.InvalidCourseFormatException -->
          <reporter-output>
          </reporter-output>
        </test-method> <!-- testCase3 -->
      </class> <!-- cs.lab.RegistraAppTest -->
    </test> <!-- Surefire test -->
  </suite> <!-- Surefire suite -->
</testng-results>
