<?xml version="1.0" encoding="UTF-8"?>
<testng-results ignored="0" total="101" passed="101" failed="0" skipped="0">
  <reporter-output>
  </reporter-output>
  <suite started-at="2020-10-08T09:57:40 PET" name="Surefire suite" finished-at="2020-10-08T09:57:41 PET" duration-ms="304">
    <groups>
    </groups>
    <test started-at="2020-10-08T09:57:40 PET" name="Surefire test" finished-at="2020-10-08T09:57:41 PET" duration-ms="304">
      <class name="cs.lab.RegistraAppTest">
        <test-method signature="testCase0()[pri:0, instance:cs.lab.RegistraAppTest@140d1230]" started-at="2020-10-08T09:57:40 PET" name="testCase0" finished-at="2020-10-08T09:57:40 PET" duration-ms="49" status="PASS">
          <reporter-output>
          </reporter-output>
        </test-method> <!-- testCase0 -->
        <test-method signature="testCase1()[pri:0, instance:cs.lab.RegistraAppTest@140d1230]" started-at="2020-10-08T09:57:40 PET" name="testCase1" finished-at="2020-10-08T09:57:40 PET" duration-ms="30" status="PASS">
          <reporter-output>
          </reporter-output>
        </test-method> <!-- testCase1 -->
        <test-method signature="testCase1()[pri:0, instance:cs.lab.RegistraAppTest@140d1230]" started-at="2020-10-08T09:57:40 PET" name="testCase1" finished-at="2020-10-08T09:57:40 PET" duration-ms="45" status="PASS">
          <reporter-output>
          </reporter-output>
        </test-method> <!-- testCase1 -->
        <test-method signature="testCase1()[pri:0, instance:cs.lab.RegistraAppTest@140d1230]" started-at="2020-10-08T09:57:40 PET" name="testCase1" finished-at="2020-10-08T09:57:40 PET" duration-ms="31" status="PASS">
          <reporter-output>
          </reporter-output>
        </test-method> <!-- testCase1 -->
        <test-method signature="testCase1()[pri:0, instance:cs.lab.RegistraAppTest@140d1230]" started-at="2020-10-08T09:57:40 PET" name="testCase1" finished-at="2020-10-08T09:57:41 PET" duration-ms="184" status="PASS">
          <reporter-output>
          </reporter-output>
        </test-method> <!-- testCase1 -->
        <test-method signature="testCase1()[pri:0, instance:cs.lab.RegistraAppTest@140d1230]" started-at="2020-10-08T09:57:40 PET" name="testCase1" finished-at="2020-10-08T09:57:40 PET" duration-ms="45" status="PASS">
          <reporter-output>
          </reporter-output>
        </test-method> <!-- testCase1 -->
        <test-method signature="testCase1()[pri:0, instance:cs.lab.RegistraAppTest@140d1230]" started-at="2020-10-08T09:57:40 PET" name="testCase1" finished-at="2020-10-08T09:57:40 PET" duration-ms="105" status="PASS">
          <reporter-output>
          </reporter-output>
        </test-method> <!-- testCase1 -->
        <test-method signature="testCase1()[pri:0, instance:cs.lab.RegistraAppTest@140d1230]" started-at="2020-10-08T09:57:40 PET" name="testCase1" finished-at="2020-10-08T09:57:40 PET" duration-ms="102" status="PASS">
          <reporter-output>
          </reporter-output>
        </test-method> <!-- testCase1 -->
        <test-method signature="testCase1()[pri:0, instance:cs.lab.RegistraAppTest@140d1230]" started-at="2020-10-08T09:57:40 PET" name="testCase1" finished-at="2020-10-08T09:57:41 PET" duration-ms="157" status="PASS">
          <reporter-output>
          </reporter-output>
        </test-method> <!-- testCase1 -->
        <test-method signature="testCase1()[pri:0, instance:cs.lab.RegistraAppTest@140d1230]" started-at="2020-10-08T09:57:40 PET" name="testCase1" finished-at="2020-10-08T09:57:40 PET" duration-ms="9" status="PASS">
          <reporter-output>
          </reporter-output>
        </test-method> <!-- testCase1 -->
        <test-method signature="testCase1()[pri:0, instance:cs.lab.RegistraAppTest@140d1230]" started-at="2020-10-08T09:57:40 PET" name="testCase1" finished-at="2020-10-08T09:57:40 PET" duration-ms="6" status="PASS">
          <reporter-output>
          </reporter-output>
        </test-method> <!-- testCase1 -->
        <test-method signature="testCase1()[pri:0, instance:cs.lab.RegistraAppTest@140d1230]" started-at="2020-10-08T09:57:40 PET" name="testCase1" finished-at="2020-10-08T09:57:40 PET" duration-ms="94" status="PASS">
          <reporter-output>
          </reporter-output>
        </test-method> <!-- testCase1 -->
        <test-method signature="testCase1()[pri:0, instance:cs.lab.RegistraAppTest@140d1230]" started-at="2020-10-08T09:57:40 PET" name="testCase1" finished-at="2020-10-08T09:57:40 PET" duration-ms="90" status="PASS">
          <reporter-output>
          </reporter-output>
        </test-method> <!-- testCase1 -->
        <test-method signature="testCase1()[pri:0, instance:cs.lab.RegistraAppTest@140d1230]" started-at="2020-10-08T09:57:40 PET" name="testCase1" finished-at="2020-10-08T09:57:41 PET" duration-ms="158" status="PASS">
          <reporter-output>
          </reporter-output>
        </test-method> <!-- testCase1 -->
        <test-method signature="testCase1()[pri:0, instance:cs.lab.RegistraAppTest@140d1230]" started-at="2020-10-08T09:57:40 PET" name="testCase1" finished-at="2020-10-08T09:57:40 PET" duration-ms="92" status="PASS">
          <reporter-output>
          </reporter-output>
        </test-method> <!-- testCase1 -->
        <test-method signature="testCase1()[pri:0, instance:cs.lab.RegistraAppTest@140d1230]" started-at="2020-10-08T09:57:40 PET" name="testCase1" finished-at="2020-10-08T09:57:40 PET" duration-ms="93" status="PASS">
          <reporter-output>
          </reporter-output>
        </test-method> <!-- testCase1 -->
        <test-method signature="testCase1()[pri:0, instance:cs.lab.RegistraAppTest@140d1230]" started-at="2020-10-08T09:57:40 PET" name="testCase1" finished-at="2020-10-08T09:57:41 PET" duration-ms="156" status="PASS">
          <reporter-output>
          </reporter-output>
        </test-method> <!-- testCase1 -->
        <test-method signature="testCase1()[pri:0, instance:cs.lab.RegistraAppTest@140d1230]" started-at="2020-10-08T09:57:40 PET" name="testCase1" finished-at="2020-10-08T09:57:41 PET" duration-ms="156" status="PASS">
          <reporter-output>
          </reporter-output>
        </test-method> <!-- testCase1 -->
        <test-method signature="testCase1()[pri:0, instance:cs.lab.RegistraAppTest@140d1230]" started-at="2020-10-08T09:57:40 PET" name="testCase1" finished-at="2020-10-08T09:57:41 PET" duration-ms="154" status="PASS">
          <reporter-output>
          </reporter-output>
        </test-method> <!-- testCase1 -->
        <test-method signature="testCase1()[pri:0, instance:cs.lab.RegistraAppTest@140d1230]" started-at="2020-10-08T09:57:40 PET" name="testCase1" finished-at="2020-10-08T09:57:41 PET" duration-ms="156" status="PASS">
          <reporter-output>
          </reporter-output>
        </test-method> <!-- testCase1 -->
        <test-method signature="testCase1()[pri:0, instance:cs.lab.RegistraAppTest@140d1230]" started-at="2020-10-08T09:57:40 PET" name="testCase1" finished-at="2020-10-08T09:57:40 PET" duration-ms="81" status="PASS">
          <reporter-output>
          </reporter-output>
        </test-method> <!-- testCase1 -->
        <test-method signature="testCase1()[pri:0, instance:cs.lab.RegistraAppTest@140d1230]" started-at="2020-10-08T09:57:40 PET" name="testCase1" finished-at="2020-10-08T09:57:41 PET" duration-ms="155" status="PASS">
          <reporter-output>
          </reporter-output>
        </test-method> <!-- testCase1 -->
        <test-method signature="testCase1()[pri:0, instance:cs.lab.RegistraAppTest@140d1230]" started-at="2020-10-08T09:57:40 PET" name="testCase1" finished-at="2020-10-08T09:57:41 PET" duration-ms="177" status="PASS">
          <reporter-output>
          </reporter-output>
        </test-method> <!-- testCase1 -->
        <test-method signature="testCase1()[pri:0, instance:cs.lab.RegistraAppTest@140d1230]" started-at="2020-10-08T09:57:40 PET" name="testCase1" finished-at="2020-10-08T09:57:41 PET" duration-ms="154" status="PASS">
          <reporter-output>
          </reporter-output>
        </test-method> <!-- testCase1 -->
        <test-method signature="testCase1()[pri:0, instance:cs.lab.RegistraAppTest@140d1230]" started-at="2020-10-08T09:57:40 PET" name="testCase1" finished-at="2020-10-08T09:57:41 PET" duration-ms="175" status="PASS">
          <reporter-output>
          </reporter-output>
        </test-method> <!-- testCase1 -->
        <test-method signature="testCase1()[pri:0, instance:cs.lab.RegistraAppTest@140d1230]" started-at="2020-10-08T09:57:40 PET" name="testCase1" finished-at="2020-10-08T09:57:41 PET" duration-ms="150" status="PASS">
          <reporter-output>
          </reporter-output>
        </test-method> <!-- testCase1 -->
        <test-method signature="testCase1()[pri:0, instance:cs.lab.RegistraAppTest@140d1230]" started-at="2020-10-08T09:57:40 PET" name="testCase1" finished-at="2020-10-08T09:57:41 PET" duration-ms="154" status="PASS">
          <reporter-output>
          </reporter-output>
        </test-method> <!-- testCase1 -->
        <test-method signature="testCase1()[pri:0, instance:cs.lab.RegistraAppTest@140d1230]" started-at="2020-10-08T09:57:40 PET" name="testCase1" finished-at="2020-10-08T09:57:41 PET" duration-ms="152" status="PASS">
          <reporter-output>
          </reporter-output>
        </test-method> <!-- testCase1 -->
        <test-method signature="testCase1()[pri:0, instance:cs.lab.RegistraAppTest@140d1230]" started-at="2020-10-08T09:57:40 PET" name="testCase1" finished-at="2020-10-08T09:57:41 PET" duration-ms="152" status="PASS">
          <reporter-output>
          </reporter-output>
        </test-method> <!-- testCase1 -->
        <test-method signature="testCase1()[pri:0, instance:cs.lab.RegistraAppTest@140d1230]" started-at="2020-10-08T09:57:40 PET" name="testCase1" finished-at="2020-10-08T09:57:41 PET" duration-ms="152" status="PASS">
          <reporter-output>
          </reporter-output>
        </test-method> <!-- testCase1 -->
        <test-method signature="testCase1()[pri:0, instance:cs.lab.RegistraAppTest@140d1230]" started-at="2020-10-08T09:57:40 PET" name="testCase1" finished-at="2020-10-08T09:57:41 PET" duration-ms="152" status="PASS">
          <reporter-output>
          </reporter-output>
        </test-method> <!-- testCase1 -->
        <test-method signature="testCase1()[pri:0, instance:cs.lab.RegistraAppTest@140d1230]" started-at="2020-10-08T09:57:40 PET" name="testCase1" finished-at="2020-10-08T09:57:40 PET" duration-ms="90" status="PASS">
          <reporter-output>
          </reporter-output>
        </test-method> <!-- testCase1 -->
        <test-method signature="testCase1()[pri:0, instance:cs.lab.RegistraAppTest@140d1230]" started-at="2020-10-08T09:57:40 PET" name="testCase1" finished-at="2020-10-08T09:57:41 PET" duration-ms="150" status="PASS">
          <reporter-output>
          </reporter-output>
        </test-method> <!-- testCase1 -->
        <test-method signature="testCase1()[pri:0, instance:cs.lab.RegistraAppTest@140d1230]" started-at="2020-10-08T09:57:40 PET" name="testCase1" finished-at="2020-10-08T09:57:41 PET" duration-ms="150" status="PASS">
          <reporter-output>
          </reporter-output>
        </test-method> <!-- testCase1 -->
        <test-method signature="testCase1()[pri:0, instance:cs.lab.RegistraAppTest@140d1230]" started-at="2020-10-08T09:57:40 PET" name="testCase1" finished-at="2020-10-08T09:57:41 PET" duration-ms="150" status="PASS">
          <reporter-output>
          </reporter-output>
        </test-method> <!-- testCase1 -->
        <test-method signature="testCase1()[pri:0, instance:cs.lab.RegistraAppTest@140d1230]" started-at="2020-10-08T09:57:40 PET" name="testCase1" finished-at="2020-10-08T09:57:41 PET" duration-ms="150" status="PASS">
          <reporter-output>
          </reporter-output>
        </test-method> <!-- testCase1 -->
        <test-method signature="testCase1()[pri:0, instance:cs.lab.RegistraAppTest@140d1230]" started-at="2020-10-08T09:57:40 PET" name="testCase1" finished-at="2020-10-08T09:57:41 PET" duration-ms="168" status="PASS">
          <reporter-output>
          </reporter-output>
        </test-method> <!-- testCase1 -->
        <test-method signature="testCase1()[pri:0, instance:cs.lab.RegistraAppTest@140d1230]" started-at="2020-10-08T09:57:40 PET" name="testCase1" finished-at="2020-10-08T09:57:41 PET" duration-ms="142" status="PASS">
          <reporter-output>
          </reporter-output>
        </test-method> <!-- testCase1 -->
        <test-method signature="testCase1()[pri:0, instance:cs.lab.RegistraAppTest@140d1230]" started-at="2020-10-08T09:57:40 PET" name="testCase1" finished-at="2020-10-08T09:57:41 PET" duration-ms="167" status="PASS">
          <reporter-output>
          </reporter-output>
        </test-method> <!-- testCase1 -->
        <test-method signature="testCase1()[pri:0, instance:cs.lab.RegistraAppTest@140d1230]" started-at="2020-10-08T09:57:40 PET" name="testCase1" finished-at="2020-10-08T09:57:41 PET" duration-ms="149" status="PASS">
          <reporter-output>
          </reporter-output>
        </test-method> <!-- testCase1 -->
        <test-method signature="testCase1()[pri:0, instance:cs.lab.RegistraAppTest@140d1230]" started-at="2020-10-08T09:57:40 PET" name="testCase1" finished-at="2020-10-08T09:57:41 PET" duration-ms="148" status="PASS">
          <reporter-output>
          </reporter-output>
        </test-method> <!-- testCase1 -->
        <test-method signature="testCase1()[pri:0, instance:cs.lab.RegistraAppTest@140d1230]" started-at="2020-10-08T09:57:40 PET" name="testCase1" finished-at="2020-10-08T09:57:41 PET" duration-ms="148" status="PASS">
          <reporter-output>
          </reporter-output>
        </test-method> <!-- testCase1 -->
        <test-method signature="testCase1()[pri:0, instance:cs.lab.RegistraAppTest@140d1230]" started-at="2020-10-08T09:57:40 PET" name="testCase1" finished-at="2020-10-08T09:57:41 PET" duration-ms="137" status="PASS">
          <reporter-output>
          </reporter-output>
        </test-method> <!-- testCase1 -->
        <test-method signature="testCase1()[pri:0, instance:cs.lab.RegistraAppTest@140d1230]" started-at="2020-10-08T09:57:40 PET" name="testCase1" finished-at="2020-10-08T09:57:40 PET" duration-ms="54" status="PASS">
          <reporter-output>
          </reporter-output>
        </test-method> <!-- testCase1 -->
        <test-method signature="testCase1()[pri:0, instance:cs.lab.RegistraAppTest@140d1230]" started-at="2020-10-08T09:57:40 PET" name="testCase1" finished-at="2020-10-08T09:57:40 PET" duration-ms="53" status="PASS">
          <reporter-output>
          </reporter-output>
        </test-method> <!-- testCase1 -->
        <test-method signature="testCase1()[pri:0, instance:cs.lab.RegistraAppTest@140d1230]" started-at="2020-10-08T09:57:40 PET" name="testCase1" finished-at="2020-10-08T09:57:40 PET" duration-ms="87" status="PASS">
          <reporter-output>
          </reporter-output>
        </test-method> <!-- testCase1 -->
        <test-method signature="testCase1()[pri:0, instance:cs.lab.RegistraAppTest@140d1230]" started-at="2020-10-08T09:57:40 PET" name="testCase1" finished-at="2020-10-08T09:57:40 PET" duration-ms="49" status="PASS">
          <reporter-output>
          </reporter-output>
        </test-method> <!-- testCase1 -->
        <test-method signature="testCase1()[pri:0, instance:cs.lab.RegistraAppTest@140d1230]" started-at="2020-10-08T09:57:40 PET" name="testCase1" finished-at="2020-10-08T09:57:41 PET" duration-ms="147" status="PASS">
          <reporter-output>
          </reporter-output>
        </test-method> <!-- testCase1 -->
        <test-method signature="testCase1()[pri:0, instance:cs.lab.RegistraAppTest@140d1230]" started-at="2020-10-08T09:57:40 PET" name="testCase1" finished-at="2020-10-08T09:57:41 PET" duration-ms="147" status="PASS">
          <reporter-output>
          </reporter-output>
        </test-method> <!-- testCase1 -->
        <test-method signature="testCase1()[pri:0, instance:cs.lab.RegistraAppTest@140d1230]" started-at="2020-10-08T09:57:40 PET" name="testCase1" finished-at="2020-10-08T09:57:41 PET" duration-ms="131" status="PASS">
          <reporter-output>
          </reporter-output>
        </test-method> <!-- testCase1 -->
        <test-method signature="testCase1()[pri:0, instance:cs.lab.RegistraAppTest@140d1230]" started-at="2020-10-08T09:57:40 PET" name="testCase1" finished-at="2020-10-08T09:57:40 PET" duration-ms="4" status="PASS">
          <reporter-output>
          </reporter-output>
        </test-method> <!-- testCase1 -->
        <test-method signature="testCase1()[pri:0, instance:cs.lab.RegistraAppTest@140d1230]" started-at="2020-10-08T09:57:40 PET" name="testCase1" finished-at="2020-10-08T09:57:40 PET" duration-ms="86" status="PASS">
          <reporter-output>
          </reporter-output>
        </test-method> <!-- testCase1 -->
        <test-method signature="testCase1()[pri:0, instance:cs.lab.RegistraAppTest@140d1230]" started-at="2020-10-08T09:57:40 PET" name="testCase1" finished-at="2020-10-08T09:57:40 PET" duration-ms="87" status="PASS">
          <reporter-output>
          </reporter-output>
        </test-method> <!-- testCase1 -->
        <test-method signature="testCase1()[pri:0, instance:cs.lab.RegistraAppTest@140d1230]" started-at="2020-10-08T09:57:40 PET" name="testCase1" finished-at="2020-10-08T09:57:40 PET" duration-ms="85" status="PASS">
          <reporter-output>
          </reporter-output>
        </test-method> <!-- testCase1 -->
        <test-method signature="testCase1()[pri:0, instance:cs.lab.RegistraAppTest@140d1230]" started-at="2020-10-08T09:57:40 PET" name="testCase1" finished-at="2020-10-08T09:57:40 PET" duration-ms="86" status="PASS">
          <reporter-output>
          </reporter-output>
        </test-method> <!-- testCase1 -->
        <test-method signature="testCase1()[pri:0, instance:cs.lab.RegistraAppTest@140d1230]" started-at="2020-10-08T09:57:40 PET" name="testCase1" finished-at="2020-10-08T09:57:40 PET" duration-ms="87" status="PASS">
          <reporter-output>
          </reporter-output>
        </test-method> <!-- testCase1 -->
        <test-method signature="testCase1()[pri:0, instance:cs.lab.RegistraAppTest@140d1230]" started-at="2020-10-08T09:57:40 PET" name="testCase1" finished-at="2020-10-08T09:57:40 PET" duration-ms="86" status="PASS">
          <reporter-output>
          </reporter-output>
        </test-method> <!-- testCase1 -->
        <test-method signature="testCase1()[pri:0, instance:cs.lab.RegistraAppTest@140d1230]" started-at="2020-10-08T09:57:40 PET" name="testCase1" finished-at="2020-10-08T09:57:41 PET" duration-ms="121" status="PASS">
          <reporter-output>
          </reporter-output>
        </test-method> <!-- testCase1 -->
        <test-method signature="testCase1()[pri:0, instance:cs.lab.RegistraAppTest@140d1230]" started-at="2020-10-08T09:57:40 PET" name="testCase1" finished-at="2020-10-08T09:57:41 PET" duration-ms="139" status="PASS">
          <reporter-output>
          </reporter-output>
        </test-method> <!-- testCase1 -->
        <test-method signature="testCase1()[pri:0, instance:cs.lab.RegistraAppTest@140d1230]" started-at="2020-10-08T09:57:40 PET" name="testCase1" finished-at="2020-10-08T09:57:40 PET" duration-ms="88" status="PASS">
          <reporter-output>
          </reporter-output>
        </test-method> <!-- testCase1 -->
        <test-method signature="testCase1()[pri:0, instance:cs.lab.RegistraAppTest@140d1230]" started-at="2020-10-08T09:57:40 PET" name="testCase1" finished-at="2020-10-08T09:57:41 PET" duration-ms="153" status="PASS">
          <reporter-output>
          </reporter-output>
        </test-method> <!-- testCase1 -->
        <test-method signature="testCase1()[pri:0, instance:cs.lab.RegistraAppTest@140d1230]" started-at="2020-10-08T09:57:40 PET" name="testCase1" finished-at="2020-10-08T09:57:40 PET" duration-ms="89" status="PASS">
          <reporter-output>
          </reporter-output>
        </test-method> <!-- testCase1 -->
        <test-method signature="testCase1()[pri:0, instance:cs.lab.RegistraAppTest@140d1230]" started-at="2020-10-08T09:57:40 PET" name="testCase1" finished-at="2020-10-08T09:57:40 PET" duration-ms="83" status="PASS">
          <reporter-output>
          </reporter-output>
        </test-method> <!-- testCase1 -->
        <test-method signature="testCase1()[pri:0, instance:cs.lab.RegistraAppTest@140d1230]" started-at="2020-10-08T09:57:40 PET" name="testCase1" finished-at="2020-10-08T09:57:41 PET" duration-ms="111" status="PASS">
          <reporter-output>
          </reporter-output>
        </test-method> <!-- testCase1 -->
        <test-method signature="testCase1()[pri:0, instance:cs.lab.RegistraAppTest@140d1230]" started-at="2020-10-08T09:57:40 PET" name="testCase1" finished-at="2020-10-08T09:57:40 PET" duration-ms="81" status="PASS">
          <reporter-output>
          </reporter-output>
        </test-method> <!-- testCase1 -->
        <test-method signature="testCase1()[pri:0, instance:cs.lab.RegistraAppTest@140d1230]" started-at="2020-10-08T09:57:40 PET" name="testCase1" finished-at="2020-10-08T09:57:41 PET" duration-ms="139" status="PASS">
          <reporter-output>
          </reporter-output>
        </test-method> <!-- testCase1 -->
        <test-method signature="testCase1()[pri:0, instance:cs.lab.RegistraAppTest@140d1230]" started-at="2020-10-08T09:57:40 PET" name="testCase1" finished-at="2020-10-08T09:57:40 PET" duration-ms="84" status="PASS">
          <reporter-output>
          </reporter-output>
        </test-method> <!-- testCase1 -->
        <test-method signature="testCase1()[pri:0, instance:cs.lab.RegistraAppTest@140d1230]" started-at="2020-10-08T09:57:40 PET" name="testCase1" finished-at="2020-10-08T09:57:41 PET" duration-ms="142" status="PASS">
          <reporter-output>
          </reporter-output>
        </test-method> <!-- testCase1 -->
        <test-method signature="testCase1()[pri:0, instance:cs.lab.RegistraAppTest@140d1230]" started-at="2020-10-08T09:57:40 PET" name="testCase1" finished-at="2020-10-08T09:57:41 PET" duration-ms="141" status="PASS">
          <reporter-output>
          </reporter-output>
        </test-method> <!-- testCase1 -->
        <test-method signature="testCase1()[pri:0, instance:cs.lab.RegistraAppTest@140d1230]" started-at="2020-10-08T09:57:40 PET" name="testCase1" finished-at="2020-10-08T09:57:40 PET" duration-ms="7" status="PASS">
          <reporter-output>
          </reporter-output>
        </test-method> <!-- testCase1 -->
        <test-method signature="testCase1()[pri:0, instance:cs.lab.RegistraAppTest@140d1230]" started-at="2020-10-08T09:57:40 PET" name="testCase1" finished-at="2020-10-08T09:57:40 PET" duration-ms="92" status="PASS">
          <reporter-output>
          </reporter-output>
        </test-method> <!-- testCase1 -->
        <test-method signature="testCase1()[pri:0, instance:cs.lab.RegistraAppTest@140d1230]" started-at="2020-10-08T09:57:40 PET" name="testCase1" finished-at="2020-10-08T09:57:40 PET" duration-ms="91" status="PASS">
          <reporter-output>
          </reporter-output>
        </test-method> <!-- testCase1 -->
        <test-method signature="testCase1()[pri:0, instance:cs.lab.RegistraAppTest@140d1230]" started-at="2020-10-08T09:57:40 PET" name="testCase1" finished-at="2020-10-08T09:57:40 PET" duration-ms="93" status="PASS">
          <reporter-output>
          </reporter-output>
        </test-method> <!-- testCase1 -->
        <test-method signature="testCase1()[pri:0, instance:cs.lab.RegistraAppTest@140d1230]" started-at="2020-10-08T09:57:40 PET" name="testCase1" finished-at="2020-10-08T09:57:40 PET" duration-ms="93" status="PASS">
          <reporter-output>
          </reporter-output>
        </test-method> <!-- testCase1 -->
        <test-method signature="testCase1()[pri:0, instance:cs.lab.RegistraAppTest@140d1230]" started-at="2020-10-08T09:57:40 PET" name="testCase1" finished-at="2020-10-08T09:57:40 PET" duration-ms="94" status="PASS">
          <reporter-output>
          </reporter-output>
        </test-method> <!-- testCase1 -->
        <test-method signature="testCase1()[pri:0, instance:cs.lab.RegistraAppTest@140d1230]" started-at="2020-10-08T09:57:40 PET" name="testCase1" finished-at="2020-10-08T09:57:40 PET" duration-ms="94" status="PASS">
          <reporter-output>
          </reporter-output>
        </test-method> <!-- testCase1 -->
        <test-method signature="testCase1()[pri:0, instance:cs.lab.RegistraAppTest@140d1230]" started-at="2020-10-08T09:57:40 PET" name="testCase1" finished-at="2020-10-08T09:57:41 PET" duration-ms="136" status="PASS">
          <reporter-output>
          </reporter-output>
        </test-method> <!-- testCase1 -->
        <test-method signature="testCase1()[pri:0, instance:cs.lab.RegistraAppTest@140d1230]" started-at="2020-10-08T09:57:40 PET" name="testCase1" finished-at="2020-10-08T09:57:40 PET" duration-ms="92" status="PASS">
          <reporter-output>
          </reporter-output>
        </test-method> <!-- testCase1 -->
        <test-method signature="testCase1()[pri:0, instance:cs.lab.RegistraAppTest@140d1230]" started-at="2020-10-08T09:57:40 PET" name="testCase1" finished-at="2020-10-08T09:57:41 PET" duration-ms="132" status="PASS">
          <reporter-output>
          </reporter-output>
        </test-method> <!-- testCase1 -->
        <test-method signature="testCase1()[pri:0, instance:cs.lab.RegistraAppTest@140d1230]" started-at="2020-10-08T09:57:40 PET" name="testCase1" finished-at="2020-10-08T09:57:41 PET" duration-ms="132" status="PASS">
          <reporter-output>
          </reporter-output>
        </test-method> <!-- testCase1 -->
        <test-method signature="testCase1()[pri:0, instance:cs.lab.RegistraAppTest@140d1230]" started-at="2020-10-08T09:57:40 PET" name="testCase1" finished-at="2020-10-08T09:57:40 PET" duration-ms="2" status="PASS">
          <reporter-output>
          </reporter-output>
        </test-method> <!-- testCase1 -->
        <test-method signature="testCase1()[pri:0, instance:cs.lab.RegistraAppTest@140d1230]" started-at="2020-10-08T09:57:40 PET" name="testCase1" finished-at="2020-10-08T09:57:41 PET" duration-ms="127" status="PASS">
          <reporter-output>
          </reporter-output>
        </test-method> <!-- testCase1 -->
        <test-method signature="testCase1()[pri:0, instance:cs.lab.RegistraAppTest@140d1230]" started-at="2020-10-08T09:57:40 PET" name="testCase1" finished-at="2020-10-08T09:57:41 PET" duration-ms="131" status="PASS">
          <reporter-output>
          </reporter-output>
        </test-method> <!-- testCase1 -->
        <test-method signature="testCase1()[pri:0, instance:cs.lab.RegistraAppTest@140d1230]" started-at="2020-10-08T09:57:40 PET" name="testCase1" finished-at="2020-10-08T09:57:40 PET" duration-ms="91" status="PASS">
          <reporter-output>
          </reporter-output>
        </test-method> <!-- testCase1 -->
        <test-method signature="testCase1()[pri:0, instance:cs.lab.RegistraAppTest@140d1230]" started-at="2020-10-08T09:57:40 PET" name="testCase1" finished-at="2020-10-08T09:57:41 PET" duration-ms="124" status="PASS">
          <reporter-output>
          </reporter-output>
        </test-method> <!-- testCase1 -->
        <test-method signature="testCase1()[pri:0, instance:cs.lab.RegistraAppTest@140d1230]" started-at="2020-10-08T09:57:40 PET" name="testCase1" finished-at="2020-10-08T09:57:41 PET" duration-ms="125" status="PASS">
          <reporter-output>
          </reporter-output>
        </test-method> <!-- testCase1 -->
        <test-method signature="testCase1()[pri:0, instance:cs.lab.RegistraAppTest@140d1230]" started-at="2020-10-08T09:57:40 PET" name="testCase1" finished-at="2020-10-08T09:57:41 PET" duration-ms="121" status="PASS">
          <reporter-output>
          </reporter-output>
        </test-method> <!-- testCase1 -->
        <test-method signature="testCase1()[pri:0, instance:cs.lab.RegistraAppTest@140d1230]" started-at="2020-10-08T09:57:40 PET" name="testCase1" finished-at="2020-10-08T09:57:40 PET" duration-ms="73" status="PASS">
          <reporter-output>
          </reporter-output>
        </test-method> <!-- testCase1 -->
        <test-method signature="testCase1()[pri:0, instance:cs.lab.RegistraAppTest@140d1230]" started-at="2020-10-08T09:57:40 PET" name="testCase1" finished-at="2020-10-08T09:57:41 PET" duration-ms="121" status="PASS">
          <reporter-output>
          </reporter-output>
        </test-method> <!-- testCase1 -->
        <test-method signature="testCase1()[pri:0, instance:cs.lab.RegistraAppTest@140d1230]" started-at="2020-10-08T09:57:40 PET" name="testCase1" finished-at="2020-10-08T09:57:41 PET" duration-ms="128" status="PASS">
          <reporter-output>
          </reporter-output>
        </test-method> <!-- testCase1 -->
        <test-method signature="testCase1()[pri:0, instance:cs.lab.RegistraAppTest@140d1230]" started-at="2020-10-08T09:57:40 PET" name="testCase1" finished-at="2020-10-08T09:57:41 PET" duration-ms="129" status="PASS">
          <reporter-output>
          </reporter-output>
        </test-method> <!-- testCase1 -->
        <test-method signature="testCase1()[pri:0, instance:cs.lab.RegistraAppTest@140d1230]" started-at="2020-10-08T09:57:40 PET" name="testCase1" finished-at="2020-10-08T09:57:40 PET" duration-ms="2" status="PASS">
          <reporter-output>
          </reporter-output>
        </test-method> <!-- testCase1 -->
        <test-method signature="testCase1()[pri:0, instance:cs.lab.RegistraAppTest@140d1230]" started-at="2020-10-08T09:57:40 PET" name="testCase1" finished-at="2020-10-08T09:57:41 PET" duration-ms="119" status="PASS">
          <reporter-output>
          </reporter-output>
        </test-method> <!-- testCase1 -->
        <test-method signature="testCase1()[pri:0, instance:cs.lab.RegistraAppTest@140d1230]" started-at="2020-10-08T09:57:40 PET" name="testCase1" finished-at="2020-10-08T09:57:41 PET" duration-ms="116" status="PASS">
          <reporter-output>
          </reporter-output>
        </test-method> <!-- testCase1 -->
        <test-method signature="testCase1()[pri:0, instance:cs.lab.RegistraAppTest@140d1230]" started-at="2020-10-08T09:57:40 PET" name="testCase1" finished-at="2020-10-08T09:57:41 PET" duration-ms="127" status="PASS">
          <reporter-output>
          </reporter-output>
        </test-method> <!-- testCase1 -->
        <test-method signature="testCase1()[pri:0, instance:cs.lab.RegistraAppTest@140d1230]" started-at="2020-10-08T09:57:40 PET" name="testCase1" finished-at="2020-10-08T09:57:41 PET" duration-ms="115" status="PASS">
          <reporter-output>
          </reporter-output>
        </test-method> <!-- testCase1 -->
        <test-method signature="testCase1()[pri:0, instance:cs.lab.RegistraAppTest@140d1230]" started-at="2020-10-08T09:57:40 PET" name="testCase1" finished-at="2020-10-08T09:57:41 PET" duration-ms="113" status="PASS">
          <reporter-output>
          </reporter-output>
        </test-method> <!-- testCase1 -->
        <test-method signature="testCase1()[pri:0, instance:cs.lab.RegistraAppTest@140d1230]" started-at="2020-10-08T09:57:40 PET" name="testCase1" finished-at="2020-10-08T09:57:41 PET" duration-ms="89" status="PASS">
          <reporter-output>
          </reporter-output>
        </test-method> <!-- testCase1 -->
        <test-method signature="testCase1()[pri:0, instance:cs.lab.RegistraAppTest@140d1230]" started-at="2020-10-08T09:57:40 PET" name="testCase1" finished-at="2020-10-08T09:57:41 PET" duration-ms="113" status="PASS">
          <reporter-output>
          </reporter-output>
        </test-method> <!-- testCase1 -->
        <test-method signature="testCase1()[pri:0, instance:cs.lab.RegistraAppTest@140d1230]" started-at="2020-10-08T09:57:40 PET" name="testCase1" finished-at="2020-10-08T09:57:41 PET" duration-ms="91" status="PASS">
          <reporter-output>
          </reporter-output>
        </test-method> <!-- testCase1 -->
        <test-method signature="testCase1()[pri:0, instance:cs.lab.RegistraAppTest@140d1230]" started-at="2020-10-08T09:57:40 PET" name="testCase1" finished-at="2020-10-08T09:57:41 PET" duration-ms="89" status="PASS">
          <reporter-output>
          </reporter-output>
        </test-method> <!-- testCase1 -->
      </class> <!-- cs.lab.RegistraAppTest -->
    </test> <!-- Surefire test -->
  </suite> <!-- Surefire suite -->
</testng-results>
