<?xml version="1.0" encoding="UTF-8"?>
<testng-results ignored="0" total="101" passed="101" failed="0" skipped="0">
  <reporter-output>
  </reporter-output>
  <suite started-at="2020-10-08T09:55:10 PET" name="Surefire suite" finished-at="2020-10-08T09:55:10 PET" duration-ms="367">
    <groups>
    </groups>
    <test started-at="2020-10-08T09:55:10 PET" name="Surefire test" finished-at="2020-10-08T09:55:10 PET" duration-ms="367">
      <class name="cs.lab.RegistraAppTest">
        <test-method signature="testCase0()[pri:0, instance:cs.lab.RegistraAppTest@140d1230]" started-at="2020-10-08T09:55:10 PET" name="testCase0" finished-at="2020-10-08T09:55:10 PET" duration-ms="60" status="PASS">
          <reporter-output>
          </reporter-output>
        </test-method> <!-- testCase0 -->
        <test-method signature="testCase1()[pri:0, instance:cs.lab.RegistraAppTest@140d1230]" started-at="2020-10-08T09:55:10 PET" name="testCase1" finished-at="2020-10-08T09:55:10 PET" duration-ms="32" status="PASS">
          <reporter-output>
          </reporter-output>
        </test-method> <!-- testCase1 -->
        <test-method signature="testCase1()[pri:0, instance:cs.lab.RegistraAppTest@140d1230]" started-at="2020-10-08T09:55:10 PET" name="testCase1" finished-at="2020-10-08T09:55:10 PET" duration-ms="44" status="PASS">
          <reporter-output>
          </reporter-output>
        </test-method> <!-- testCase1 -->
        <test-method signature="testCase1()[pri:0, instance:cs.lab.RegistraAppTest@140d1230]" started-at="2020-10-08T09:55:10 PET" name="testCase1" finished-at="2020-10-08T09:55:10 PET" duration-ms="40" status="PASS">
          <reporter-output>
          </reporter-output>
        </test-method> <!-- testCase1 -->
        <test-method signature="testCase1()[pri:0, instance:cs.lab.RegistraAppTest@140d1230]" started-at="2020-10-08T09:55:10 PET" name="testCase1" finished-at="2020-10-08T09:55:10 PET" duration-ms="8" status="PASS">
          <reporter-output>
          </reporter-output>
        </test-method> <!-- testCase1 -->
        <test-method signature="testCase1()[pri:0, instance:cs.lab.RegistraAppTest@140d1230]" started-at="2020-10-08T09:55:10 PET" name="testCase1" finished-at="2020-10-08T09:55:10 PET" duration-ms="35" status="PASS">
          <reporter-output>
          </reporter-output>
        </test-method> <!-- testCase1 -->
        <test-method signature="testCase1()[pri:0, instance:cs.lab.RegistraAppTest@140d1230]" started-at="2020-10-08T09:55:10 PET" name="testCase1" finished-at="2020-10-08T09:55:10 PET" duration-ms="19" status="PASS">
          <reporter-output>
          </reporter-output>
        </test-method> <!-- testCase1 -->
        <test-method signature="testCase1()[pri:0, instance:cs.lab.RegistraAppTest@140d1230]" started-at="2020-10-08T09:55:10 PET" name="testCase1" finished-at="2020-10-08T09:55:10 PET" duration-ms="27" status="PASS">
          <reporter-output>
          </reporter-output>
        </test-method> <!-- testCase1 -->
        <test-method signature="testCase1()[pri:0, instance:cs.lab.RegistraAppTest@140d1230]" started-at="2020-10-08T09:55:10 PET" name="testCase1" finished-at="2020-10-08T09:55:10 PET" duration-ms="22" status="PASS">
          <reporter-output>
          </reporter-output>
        </test-method> <!-- testCase1 -->
        <test-method signature="testCase1()[pri:0, instance:cs.lab.RegistraAppTest@140d1230]" started-at="2020-10-08T09:55:10 PET" name="testCase1" finished-at="2020-10-08T09:55:10 PET" duration-ms="15" status="PASS">
          <reporter-output>
          </reporter-output>
        </test-method> <!-- testCase1 -->
        <test-method signature="testCase1()[pri:0, instance:cs.lab.RegistraAppTest@140d1230]" started-at="2020-10-08T09:55:10 PET" name="testCase1" finished-at="2020-10-08T09:55:10 PET" duration-ms="11" status="PASS">
          <reporter-output>
          </reporter-output>
        </test-method> <!-- testCase1 -->
        <test-method signature="testCase1()[pri:0, instance:cs.lab.RegistraAppTest@140d1230]" started-at="2020-10-08T09:55:10 PET" name="testCase1" finished-at="2020-10-08T09:55:10 PET" duration-ms="95" status="PASS">
          <reporter-output>
          </reporter-output>
        </test-method> <!-- testCase1 -->
        <test-method signature="testCase1()[pri:0, instance:cs.lab.RegistraAppTest@140d1230]" started-at="2020-10-08T09:55:10 PET" name="testCase1" finished-at="2020-10-08T09:55:10 PET" duration-ms="96" status="PASS">
          <reporter-output>
          </reporter-output>
        </test-method> <!-- testCase1 -->
        <test-method signature="testCase1()[pri:0, instance:cs.lab.RegistraAppTest@140d1230]" started-at="2020-10-08T09:55:10 PET" name="testCase1" finished-at="2020-10-08T09:55:10 PET" duration-ms="74" status="PASS">
          <reporter-output>
          </reporter-output>
        </test-method> <!-- testCase1 -->
        <test-method signature="testCase1()[pri:0, instance:cs.lab.RegistraAppTest@140d1230]" started-at="2020-10-08T09:55:10 PET" name="testCase1" finished-at="2020-10-08T09:55:10 PET" duration-ms="65" status="PASS">
          <reporter-output>
          </reporter-output>
        </test-method> <!-- testCase1 -->
        <test-method signature="testCase1()[pri:0, instance:cs.lab.RegistraAppTest@140d1230]" started-at="2020-10-08T09:55:10 PET" name="testCase1" finished-at="2020-10-08T09:55:10 PET" duration-ms="30" status="PASS">
          <reporter-output>
          </reporter-output>
        </test-method> <!-- testCase1 -->
        <test-method signature="testCase1()[pri:0, instance:cs.lab.RegistraAppTest@140d1230]" started-at="2020-10-08T09:55:10 PET" name="testCase1" finished-at="2020-10-08T09:55:10 PET" duration-ms="50" status="PASS">
          <reporter-output>
          </reporter-output>
        </test-method> <!-- testCase1 -->
        <test-method signature="testCase1()[pri:0, instance:cs.lab.RegistraAppTest@140d1230]" started-at="2020-10-08T09:55:10 PET" name="testCase1" finished-at="2020-10-08T09:55:10 PET" duration-ms="25" status="PASS">
          <reporter-output>
          </reporter-output>
        </test-method> <!-- testCase1 -->
        <test-method signature="testCase1()[pri:0, instance:cs.lab.RegistraAppTest@140d1230]" started-at="2020-10-08T09:55:10 PET" name="testCase1" finished-at="2020-10-08T09:55:10 PET" duration-ms="36" status="PASS">
          <reporter-output>
          </reporter-output>
        </test-method> <!-- testCase1 -->
        <test-method signature="testCase1()[pri:0, instance:cs.lab.RegistraAppTest@140d1230]" started-at="2020-10-08T09:55:10 PET" name="testCase1" finished-at="2020-10-08T09:55:10 PET" duration-ms="58" status="PASS">
          <reporter-output>
          </reporter-output>
        </test-method> <!-- testCase1 -->
        <test-method signature="testCase1()[pri:0, instance:cs.lab.RegistraAppTest@140d1230]" started-at="2020-10-08T09:55:10 PET" name="testCase1" finished-at="2020-10-08T09:55:10 PET" duration-ms="68" status="PASS">
          <reporter-output>
          </reporter-output>
        </test-method> <!-- testCase1 -->
        <test-method signature="testCase1()[pri:0, instance:cs.lab.RegistraAppTest@140d1230]" started-at="2020-10-08T09:55:10 PET" name="testCase1" finished-at="2020-10-08T09:55:10 PET" duration-ms="62" status="PASS">
          <reporter-output>
          </reporter-output>
        </test-method> <!-- testCase1 -->
        <test-method signature="testCase1()[pri:0, instance:cs.lab.RegistraAppTest@140d1230]" started-at="2020-10-08T09:55:10 PET" name="testCase1" finished-at="2020-10-08T09:55:10 PET" duration-ms="60" status="PASS">
          <reporter-output>
          </reporter-output>
        </test-method> <!-- testCase1 -->
        <test-method signature="testCase1()[pri:0, instance:cs.lab.RegistraAppTest@140d1230]" started-at="2020-10-08T09:55:10 PET" name="testCase1" finished-at="2020-10-08T09:55:10 PET" duration-ms="33" status="PASS">
          <reporter-output>
          </reporter-output>
        </test-method> <!-- testCase1 -->
        <test-method signature="testCase1()[pri:0, instance:cs.lab.RegistraAppTest@140d1230]" started-at="2020-10-08T09:55:10 PET" name="testCase1" finished-at="2020-10-08T09:55:10 PET" duration-ms="51" status="PASS">
          <reporter-output>
          </reporter-output>
        </test-method> <!-- testCase1 -->
        <test-method signature="testCase1()[pri:0, instance:cs.lab.RegistraAppTest@140d1230]" started-at="2020-10-08T09:55:10 PET" name="testCase1" finished-at="2020-10-08T09:55:10 PET" duration-ms="31" status="PASS">
          <reporter-output>
          </reporter-output>
        </test-method> <!-- testCase1 -->
        <test-method signature="testCase1()[pri:0, instance:cs.lab.RegistraAppTest@140d1230]" started-at="2020-10-08T09:55:10 PET" name="testCase1" finished-at="2020-10-08T09:55:10 PET" duration-ms="81" status="PASS">
          <reporter-output>
          </reporter-output>
        </test-method> <!-- testCase1 -->
        <test-method signature="testCase1()[pri:0, instance:cs.lab.RegistraAppTest@140d1230]" started-at="2020-10-08T09:55:10 PET" name="testCase1" finished-at="2020-10-08T09:55:10 PET" duration-ms="44" status="PASS">
          <reporter-output>
          </reporter-output>
        </test-method> <!-- testCase1 -->
        <test-method signature="testCase1()[pri:0, instance:cs.lab.RegistraAppTest@140d1230]" started-at="2020-10-08T09:55:10 PET" name="testCase1" finished-at="2020-10-08T09:55:10 PET" duration-ms="3" status="PASS">
          <reporter-output>
          </reporter-output>
        </test-method> <!-- testCase1 -->
        <test-method signature="testCase1()[pri:0, instance:cs.lab.RegistraAppTest@140d1230]" started-at="2020-10-08T09:55:10 PET" name="testCase1" finished-at="2020-10-08T09:55:10 PET" duration-ms="14" status="PASS">
          <reporter-output>
          </reporter-output>
        </test-method> <!-- testCase1 -->
        <test-method signature="testCase1()[pri:0, instance:cs.lab.RegistraAppTest@140d1230]" started-at="2020-10-08T09:55:10 PET" name="testCase1" finished-at="2020-10-08T09:55:10 PET" duration-ms="73" status="PASS">
          <reporter-output>
          </reporter-output>
        </test-method> <!-- testCase1 -->
        <test-method signature="testCase1()[pri:0, instance:cs.lab.RegistraAppTest@140d1230]" started-at="2020-10-08T09:55:10 PET" name="testCase1" finished-at="2020-10-08T09:55:10 PET" duration-ms="19" status="PASS">
          <reporter-output>
          </reporter-output>
        </test-method> <!-- testCase1 -->
        <test-method signature="testCase1()[pri:0, instance:cs.lab.RegistraAppTest@140d1230]" started-at="2020-10-08T09:55:10 PET" name="testCase1" finished-at="2020-10-08T09:55:10 PET" duration-ms="86" status="PASS">
          <reporter-output>
          </reporter-output>
        </test-method> <!-- testCase1 -->
        <test-method signature="testCase1()[pri:0, instance:cs.lab.RegistraAppTest@140d1230]" started-at="2020-10-08T09:55:10 PET" name="testCase1" finished-at="2020-10-08T09:55:10 PET" duration-ms="16" status="PASS">
          <reporter-output>
          </reporter-output>
        </test-method> <!-- testCase1 -->
        <test-method signature="testCase1()[pri:0, instance:cs.lab.RegistraAppTest@140d1230]" started-at="2020-10-08T09:55:10 PET" name="testCase1" finished-at="2020-10-08T09:55:10 PET" duration-ms="104" status="PASS">
          <reporter-output>
          </reporter-output>
        </test-method> <!-- testCase1 -->
        <test-method signature="testCase1()[pri:0, instance:cs.lab.RegistraAppTest@140d1230]" started-at="2020-10-08T09:55:10 PET" name="testCase1" finished-at="2020-10-08T09:55:10 PET" duration-ms="2" status="PASS">
          <reporter-output>
          </reporter-output>
        </test-method> <!-- testCase1 -->
        <test-method signature="testCase1()[pri:0, instance:cs.lab.RegistraAppTest@140d1230]" started-at="2020-10-08T09:55:10 PET" name="testCase1" finished-at="2020-10-08T09:55:10 PET" duration-ms="86" status="PASS">
          <reporter-output>
          </reporter-output>
        </test-method> <!-- testCase1 -->
        <test-method signature="testCase1()[pri:0, instance:cs.lab.RegistraAppTest@140d1230]" started-at="2020-10-08T09:55:10 PET" name="testCase1" finished-at="2020-10-08T09:55:10 PET" duration-ms="103" status="PASS">
          <reporter-output>
          </reporter-output>
        </test-method> <!-- testCase1 -->
        <test-method signature="testCase1()[pri:0, instance:cs.lab.RegistraAppTest@140d1230]" started-at="2020-10-08T09:55:10 PET" name="testCase1" finished-at="2020-10-08T09:55:10 PET" duration-ms="81" status="PASS">
          <reporter-output>
          </reporter-output>
        </test-method> <!-- testCase1 -->
        <test-method signature="testCase1()[pri:0, instance:cs.lab.RegistraAppTest@140d1230]" started-at="2020-10-08T09:55:10 PET" name="testCase1" finished-at="2020-10-08T09:55:10 PET" duration-ms="86" status="PASS">
          <reporter-output>
          </reporter-output>
        </test-method> <!-- testCase1 -->
        <test-method signature="testCase1()[pri:0, instance:cs.lab.RegistraAppTest@140d1230]" started-at="2020-10-08T09:55:10 PET" name="testCase1" finished-at="2020-10-08T09:55:10 PET" duration-ms="85" status="PASS">
          <reporter-output>
          </reporter-output>
        </test-method> <!-- testCase1 -->
        <test-method signature="testCase1()[pri:0, instance:cs.lab.RegistraAppTest@140d1230]" started-at="2020-10-08T09:55:10 PET" name="testCase1" finished-at="2020-10-08T09:55:10 PET" duration-ms="86" status="PASS">
          <reporter-output>
          </reporter-output>
        </test-method> <!-- testCase1 -->
        <test-method signature="testCase1()[pri:0, instance:cs.lab.RegistraAppTest@140d1230]" started-at="2020-10-08T09:55:10 PET" name="testCase1" finished-at="2020-10-08T09:55:10 PET" duration-ms="82" status="PASS">
          <reporter-output>
          </reporter-output>
        </test-method> <!-- testCase1 -->
        <test-method signature="testCase1()[pri:0, instance:cs.lab.RegistraAppTest@140d1230]" started-at="2020-10-08T09:55:10 PET" name="testCase1" finished-at="2020-10-08T09:55:10 PET" duration-ms="44" status="PASS">
          <reporter-output>
          </reporter-output>
        </test-method> <!-- testCase1 -->
        <test-method signature="testCase1()[pri:0, instance:cs.lab.RegistraAppTest@140d1230]" started-at="2020-10-08T09:55:10 PET" name="testCase1" finished-at="2020-10-08T09:55:10 PET" duration-ms="33" status="PASS">
          <reporter-output>
          </reporter-output>
        </test-method> <!-- testCase1 -->
        <test-method signature="testCase1()[pri:0, instance:cs.lab.RegistraAppTest@140d1230]" started-at="2020-10-08T09:55:10 PET" name="testCase1" finished-at="2020-10-08T09:55:10 PET" duration-ms="78" status="PASS">
          <reporter-output>
          </reporter-output>
        </test-method> <!-- testCase1 -->
        <test-method signature="testCase1()[pri:0, instance:cs.lab.RegistraAppTest@140d1230]" started-at="2020-10-08T09:55:10 PET" name="testCase1" finished-at="2020-10-08T09:55:10 PET" duration-ms="78" status="PASS">
          <reporter-output>
          </reporter-output>
        </test-method> <!-- testCase1 -->
        <test-method signature="testCase1()[pri:0, instance:cs.lab.RegistraAppTest@140d1230]" started-at="2020-10-08T09:55:10 PET" name="testCase1" finished-at="2020-10-08T09:55:10 PET" duration-ms="85" status="PASS">
          <reporter-output>
          </reporter-output>
        </test-method> <!-- testCase1 -->
        <test-method signature="testCase1()[pri:0, instance:cs.lab.RegistraAppTest@140d1230]" started-at="2020-10-08T09:55:10 PET" name="testCase1" finished-at="2020-10-08T09:55:10 PET" duration-ms="84" status="PASS">
          <reporter-output>
          </reporter-output>
        </test-method> <!-- testCase1 -->
        <test-method signature="testCase1()[pri:0, instance:cs.lab.RegistraAppTest@140d1230]" started-at="2020-10-08T09:55:10 PET" name="testCase1" finished-at="2020-10-08T09:55:10 PET" duration-ms="84" status="PASS">
          <reporter-output>
          </reporter-output>
        </test-method> <!-- testCase1 -->
        <test-method signature="testCase1()[pri:0, instance:cs.lab.RegistraAppTest@140d1230]" started-at="2020-10-08T09:55:10 PET" name="testCase1" finished-at="2020-10-08T09:55:10 PET" duration-ms="73" status="PASS">
          <reporter-output>
          </reporter-output>
        </test-method> <!-- testCase1 -->
        <test-method signature="testCase1()[pri:0, instance:cs.lab.RegistraAppTest@140d1230]" started-at="2020-10-08T09:55:10 PET" name="testCase1" finished-at="2020-10-08T09:55:10 PET" duration-ms="83" status="PASS">
          <reporter-output>
          </reporter-output>
        </test-method> <!-- testCase1 -->
        <test-method signature="testCase1()[pri:0, instance:cs.lab.RegistraAppTest@140d1230]" started-at="2020-10-08T09:55:10 PET" name="testCase1" finished-at="2020-10-08T09:55:10 PET" duration-ms="83" status="PASS">
          <reporter-output>
          </reporter-output>
        </test-method> <!-- testCase1 -->
        <test-method signature="testCase1()[pri:0, instance:cs.lab.RegistraAppTest@140d1230]" started-at="2020-10-08T09:55:10 PET" name="testCase1" finished-at="2020-10-08T09:55:10 PET" duration-ms="44" status="PASS">
          <reporter-output>
          </reporter-output>
        </test-method> <!-- testCase1 -->
        <test-method signature="testCase1()[pri:0, instance:cs.lab.RegistraAppTest@140d1230]" started-at="2020-10-08T09:55:10 PET" name="testCase1" finished-at="2020-10-08T09:55:10 PET" duration-ms="83" status="PASS">
          <reporter-output>
          </reporter-output>
        </test-method> <!-- testCase1 -->
        <test-method signature="testCase1()[pri:0, instance:cs.lab.RegistraAppTest@140d1230]" started-at="2020-10-08T09:55:10 PET" name="testCase1" finished-at="2020-10-08T09:55:10 PET" duration-ms="82" status="PASS">
          <reporter-output>
          </reporter-output>
        </test-method> <!-- testCase1 -->
        <test-method signature="testCase1()[pri:0, instance:cs.lab.RegistraAppTest@140d1230]" started-at="2020-10-08T09:55:10 PET" name="testCase1" finished-at="2020-10-08T09:55:10 PET" duration-ms="81" status="PASS">
          <reporter-output>
          </reporter-output>
        </test-method> <!-- testCase1 -->
        <test-method signature="testCase1()[pri:0, instance:cs.lab.RegistraAppTest@140d1230]" started-at="2020-10-08T09:55:10 PET" name="testCase1" finished-at="2020-10-08T09:55:10 PET" duration-ms="2" status="PASS">
          <reporter-output>
          </reporter-output>
        </test-method> <!-- testCase1 -->
        <test-method signature="testCase1()[pri:0, instance:cs.lab.RegistraAppTest@140d1230]" started-at="2020-10-08T09:55:10 PET" name="testCase1" finished-at="2020-10-08T09:55:10 PET" duration-ms="80" status="PASS">
          <reporter-output>
          </reporter-output>
        </test-method> <!-- testCase1 -->
        <test-method signature="testCase1()[pri:0, instance:cs.lab.RegistraAppTest@140d1230]" started-at="2020-10-08T09:55:10 PET" name="testCase1" finished-at="2020-10-08T09:55:10 PET" duration-ms="80" status="PASS">
          <reporter-output>
          </reporter-output>
        </test-method> <!-- testCase1 -->
        <test-method signature="testCase1()[pri:0, instance:cs.lab.RegistraAppTest@140d1230]" started-at="2020-10-08T09:55:10 PET" name="testCase1" finished-at="2020-10-08T09:55:10 PET" duration-ms="79" status="PASS">
          <reporter-output>
          </reporter-output>
        </test-method> <!-- testCase1 -->
        <test-method signature="testCase1()[pri:0, instance:cs.lab.RegistraAppTest@140d1230]" started-at="2020-10-08T09:55:10 PET" name="testCase1" finished-at="2020-10-08T09:55:10 PET" duration-ms="22" status="PASS">
          <reporter-output>
          </reporter-output>
        </test-method> <!-- testCase1 -->
        <test-method signature="testCase1()[pri:0, instance:cs.lab.RegistraAppTest@140d1230]" started-at="2020-10-08T09:55:10 PET" name="testCase1" finished-at="2020-10-08T09:55:10 PET" duration-ms="62" status="PASS">
          <reporter-output>
          </reporter-output>
        </test-method> <!-- testCase1 -->
        <test-method signature="testCase1()[pri:0, instance:cs.lab.RegistraAppTest@140d1230]" started-at="2020-10-08T09:55:10 PET" name="testCase1" finished-at="2020-10-08T09:55:10 PET" duration-ms="79" status="PASS">
          <reporter-output>
          </reporter-output>
        </test-method> <!-- testCase1 -->
        <test-method signature="testCase1()[pri:0, instance:cs.lab.RegistraAppTest@140d1230]" started-at="2020-10-08T09:55:10 PET" name="testCase1" finished-at="2020-10-08T09:55:10 PET" duration-ms="79" status="PASS">
          <reporter-output>
          </reporter-output>
        </test-method> <!-- testCase1 -->
        <test-method signature="testCase1()[pri:0, instance:cs.lab.RegistraAppTest@140d1230]" started-at="2020-10-08T09:55:10 PET" name="testCase1" finished-at="2020-10-08T09:55:10 PET" duration-ms="78" status="PASS">
          <reporter-output>
          </reporter-output>
        </test-method> <!-- testCase1 -->
        <test-method signature="testCase1()[pri:0, instance:cs.lab.RegistraAppTest@140d1230]" started-at="2020-10-08T09:55:10 PET" name="testCase1" finished-at="2020-10-08T09:55:10 PET" duration-ms="61" status="PASS">
          <reporter-output>
          </reporter-output>
        </test-method> <!-- testCase1 -->
        <test-method signature="testCase1()[pri:0, instance:cs.lab.RegistraAppTest@140d1230]" started-at="2020-10-08T09:55:10 PET" name="testCase1" finished-at="2020-10-08T09:55:10 PET" duration-ms="78" status="PASS">
          <reporter-output>
          </reporter-output>
        </test-method> <!-- testCase1 -->
        <test-method signature="testCase1()[pri:0, instance:cs.lab.RegistraAppTest@140d1230]" started-at="2020-10-08T09:55:10 PET" name="testCase1" finished-at="2020-10-08T09:55:10 PET" duration-ms="78" status="PASS">
          <reporter-output>
          </reporter-output>
        </test-method> <!-- testCase1 -->
        <test-method signature="testCase1()[pri:0, instance:cs.lab.RegistraAppTest@140d1230]" started-at="2020-10-08T09:55:10 PET" name="testCase1" finished-at="2020-10-08T09:55:10 PET" duration-ms="78" status="PASS">
          <reporter-output>
          </reporter-output>
        </test-method> <!-- testCase1 -->
        <test-method signature="testCase1()[pri:0, instance:cs.lab.RegistraAppTest@140d1230]" started-at="2020-10-08T09:55:10 PET" name="testCase1" finished-at="2020-10-08T09:55:10 PET" duration-ms="78" status="PASS">
          <reporter-output>
          </reporter-output>
        </test-method> <!-- testCase1 -->
        <test-method signature="testCase1()[pri:0, instance:cs.lab.RegistraAppTest@140d1230]" started-at="2020-10-08T09:55:10 PET" name="testCase1" finished-at="2020-10-08T09:55:10 PET" duration-ms="57" status="PASS">
          <reporter-output>
          </reporter-output>
        </test-method> <!-- testCase1 -->
        <test-method signature="testCase1()[pri:0, instance:cs.lab.RegistraAppTest@140d1230]" started-at="2020-10-08T09:55:10 PET" name="testCase1" finished-at="2020-10-08T09:55:10 PET" duration-ms="41" status="PASS">
          <reporter-output>
          </reporter-output>
        </test-method> <!-- testCase1 -->
        <test-method signature="testCase1()[pri:0, instance:cs.lab.RegistraAppTest@140d1230]" started-at="2020-10-08T09:55:10 PET" name="testCase1" finished-at="2020-10-08T09:55:10 PET" duration-ms="38" status="PASS">
          <reporter-output>
          </reporter-output>
        </test-method> <!-- testCase1 -->
        <test-method signature="testCase1()[pri:0, instance:cs.lab.RegistraAppTest@140d1230]" started-at="2020-10-08T09:55:10 PET" name="testCase1" finished-at="2020-10-08T09:55:10 PET" duration-ms="40" status="PASS">
          <reporter-output>
          </reporter-output>
        </test-method> <!-- testCase1 -->
        <test-method signature="testCase1()[pri:0, instance:cs.lab.RegistraAppTest@140d1230]" started-at="2020-10-08T09:55:10 PET" name="testCase1" finished-at="2020-10-08T09:55:10 PET" duration-ms="77" status="PASS">
          <reporter-output>
          </reporter-output>
        </test-method> <!-- testCase1 -->
        <test-method signature="testCase1()[pri:0, instance:cs.lab.RegistraAppTest@140d1230]" started-at="2020-10-08T09:55:10 PET" name="testCase1" finished-at="2020-10-08T09:55:10 PET" duration-ms="5" status="PASS">
          <reporter-output>
          </reporter-output>
        </test-method> <!-- testCase1 -->
        <test-method signature="testCase1()[pri:0, instance:cs.lab.RegistraAppTest@140d1230]" started-at="2020-10-08T09:55:10 PET" name="testCase1" finished-at="2020-10-08T09:55:10 PET" duration-ms="76" status="PASS">
          <reporter-output>
          </reporter-output>
        </test-method> <!-- testCase1 -->
        <test-method signature="testCase1()[pri:0, instance:cs.lab.RegistraAppTest@140d1230]" started-at="2020-10-08T09:55:10 PET" name="testCase1" finished-at="2020-10-08T09:55:10 PET" duration-ms="3" status="PASS">
          <reporter-output>
          </reporter-output>
        </test-method> <!-- testCase1 -->
        <test-method signature="testCase1()[pri:0, instance:cs.lab.RegistraAppTest@140d1230]" started-at="2020-10-08T09:55:10 PET" name="testCase1" finished-at="2020-10-08T09:55:10 PET" duration-ms="75" status="PASS">
          <reporter-output>
          </reporter-output>
        </test-method> <!-- testCase1 -->
        <test-method signature="testCase1()[pri:0, instance:cs.lab.RegistraAppTest@140d1230]" started-at="2020-10-08T09:55:10 PET" name="testCase1" finished-at="2020-10-08T09:55:10 PET" duration-ms="71" status="PASS">
          <reporter-output>
          </reporter-output>
        </test-method> <!-- testCase1 -->
        <test-method signature="testCase1()[pri:0, instance:cs.lab.RegistraAppTest@140d1230]" started-at="2020-10-08T09:55:10 PET" name="testCase1" finished-at="2020-10-08T09:55:10 PET" duration-ms="2" status="PASS">
          <reporter-output>
          </reporter-output>
        </test-method> <!-- testCase1 -->
        <test-method signature="testCase1()[pri:0, instance:cs.lab.RegistraAppTest@140d1230]" started-at="2020-10-08T09:55:10 PET" name="testCase1" finished-at="2020-10-08T09:55:10 PET" duration-ms="71" status="PASS">
          <reporter-output>
          </reporter-output>
        </test-method> <!-- testCase1 -->
        <test-method signature="testCase1()[pri:0, instance:cs.lab.RegistraAppTest@140d1230]" started-at="2020-10-08T09:55:10 PET" name="testCase1" finished-at="2020-10-08T09:55:10 PET" duration-ms="70" status="PASS">
          <reporter-output>
          </reporter-output>
        </test-method> <!-- testCase1 -->
        <test-method signature="testCase1()[pri:0, instance:cs.lab.RegistraAppTest@140d1230]" started-at="2020-10-08T09:55:10 PET" name="testCase1" finished-at="2020-10-08T09:55:10 PET" duration-ms="71" status="PASS">
          <reporter-output>
          </reporter-output>
        </test-method> <!-- testCase1 -->
        <test-method signature="testCase1()[pri:0, instance:cs.lab.RegistraAppTest@140d1230]" started-at="2020-10-08T09:55:10 PET" name="testCase1" finished-at="2020-10-08T09:55:10 PET" duration-ms="70" status="PASS">
          <reporter-output>
          </reporter-output>
        </test-method> <!-- testCase1 -->
        <test-method signature="testCase1()[pri:0, instance:cs.lab.RegistraAppTest@140d1230]" started-at="2020-10-08T09:55:10 PET" name="testCase1" finished-at="2020-10-08T09:55:10 PET" duration-ms="66" status="PASS">
          <reporter-output>
          </reporter-output>
        </test-method> <!-- testCase1 -->
        <test-method signature="testCase1()[pri:0, instance:cs.lab.RegistraAppTest@140d1230]" started-at="2020-10-08T09:55:10 PET" name="testCase1" finished-at="2020-10-08T09:55:10 PET" duration-ms="71" status="PASS">
          <reporter-output>
          </reporter-output>
        </test-method> <!-- testCase1 -->
        <test-method signature="testCase1()[pri:0, instance:cs.lab.RegistraAppTest@140d1230]" started-at="2020-10-08T09:55:10 PET" name="testCase1" finished-at="2020-10-08T09:55:10 PET" duration-ms="41" status="PASS">
          <reporter-output>
          </reporter-output>
        </test-method> <!-- testCase1 -->
        <test-method signature="testCase1()[pri:0, instance:cs.lab.RegistraAppTest@140d1230]" started-at="2020-10-08T09:55:10 PET" name="testCase1" finished-at="2020-10-08T09:55:10 PET" duration-ms="70" status="PASS">
          <reporter-output>
          </reporter-output>
        </test-method> <!-- testCase1 -->
        <test-method signature="testCase1()[pri:0, instance:cs.lab.RegistraAppTest@140d1230]" started-at="2020-10-08T09:55:10 PET" name="testCase1" finished-at="2020-10-08T09:55:10 PET" duration-ms="71" status="PASS">
          <reporter-output>
          </reporter-output>
        </test-method> <!-- testCase1 -->
        <test-method signature="testCase1()[pri:0, instance:cs.lab.RegistraAppTest@140d1230]" started-at="2020-10-08T09:55:10 PET" name="testCase1" finished-at="2020-10-08T09:55:10 PET" duration-ms="41" status="PASS">
          <reporter-output>
          </reporter-output>
        </test-method> <!-- testCase1 -->
        <test-method signature="testCase1()[pri:0, instance:cs.lab.RegistraAppTest@140d1230]" started-at="2020-10-08T09:55:10 PET" name="testCase1" finished-at="2020-10-08T09:55:10 PET" duration-ms="64" status="PASS">
          <reporter-output>
          </reporter-output>
        </test-method> <!-- testCase1 -->
        <test-method signature="testCase1()[pri:0, instance:cs.lab.RegistraAppTest@140d1230]" started-at="2020-10-08T09:55:10 PET" name="testCase1" finished-at="2020-10-08T09:55:10 PET" duration-ms="71" status="PASS">
          <reporter-output>
          </reporter-output>
        </test-method> <!-- testCase1 -->
        <test-method signature="testCase1()[pri:0, instance:cs.lab.RegistraAppTest@140d1230]" started-at="2020-10-08T09:55:10 PET" name="testCase1" finished-at="2020-10-08T09:55:10 PET" duration-ms="73" status="PASS">
          <reporter-output>
          </reporter-output>
        </test-method> <!-- testCase1 -->
        <test-method signature="testCase1()[pri:0, instance:cs.lab.RegistraAppTest@140d1230]" started-at="2020-10-08T09:55:10 PET" name="testCase1" finished-at="2020-10-08T09:55:10 PET" duration-ms="73" status="PASS">
          <reporter-output>
          </reporter-output>
        </test-method> <!-- testCase1 -->
        <test-method signature="testCase1()[pri:0, instance:cs.lab.RegistraAppTest@140d1230]" started-at="2020-10-08T09:55:10 PET" name="testCase1" finished-at="2020-10-08T09:55:10 PET" duration-ms="72" status="PASS">
          <reporter-output>
          </reporter-output>
        </test-method> <!-- testCase1 -->
        <test-method signature="testCase1()[pri:0, instance:cs.lab.RegistraAppTest@140d1230]" started-at="2020-10-08T09:55:10 PET" name="testCase1" finished-at="2020-10-08T09:55:10 PET" duration-ms="72" status="PASS">
          <reporter-output>
          </reporter-output>
        </test-method> <!-- testCase1 -->
        <test-method signature="testCase1()[pri:0, instance:cs.lab.RegistraAppTest@140d1230]" started-at="2020-10-08T09:55:10 PET" name="testCase1" finished-at="2020-10-08T09:55:10 PET" duration-ms="73" status="PASS">
          <reporter-output>
          </reporter-output>
        </test-method> <!-- testCase1 -->
        <test-method signature="testCase1()[pri:0, instance:cs.lab.RegistraAppTest@140d1230]" started-at="2020-10-08T09:55:10 PET" name="testCase1" finished-at="2020-10-08T09:55:10 PET" duration-ms="72" status="PASS">
          <reporter-output>
          </reporter-output>
        </test-method> <!-- testCase1 -->
        <test-method signature="testCase1()[pri:0, instance:cs.lab.RegistraAppTest@140d1230]" started-at="2020-10-08T09:55:10 PET" name="testCase1" finished-at="2020-10-08T09:55:10 PET" duration-ms="73" status="PASS">
          <reporter-output>
          </reporter-output>
        </test-method> <!-- testCase1 -->
      </class> <!-- cs.lab.RegistraAppTest -->
    </test> <!-- Surefire test -->
  </suite> <!-- Surefire suite -->
</testng-results>
