<?xml version="1.0" encoding="UTF-8"?>
<testng-results ignored="0" total="103" passed="103" failed="0" skipped="0">
  <reporter-output>
  </reporter-output>
  <suite started-at="2020-10-08T10:14:58 PET" name="Surefire suite" finished-at="2020-10-08T10:14:59 PET" duration-ms="279">
    <groups>
    </groups>
    <test started-at="2020-10-08T10:14:58 PET" name="Surefire test" finished-at="2020-10-08T10:14:59 PET" duration-ms="279">
      <class name="cs.lab.RegistraAppTest">
        <test-method signature="testCase0()[pri:0, instance:cs.lab.RegistraAppTest@7187bac9]" started-at="2020-10-08T10:14:58 PET" name="testCase0" finished-at="2020-10-08T10:14:59 PET" duration-ms="45" status="PASS">
          <reporter-output>
          </reporter-output>
        </test-method> <!-- testCase0 -->
        <test-method signature="testCase1()[pri:0, instance:cs.lab.RegistraAppTest@7187bac9]" started-at="2020-10-08T10:14:59 PET" name="testCase1" finished-at="2020-10-08T10:14:59 PET" duration-ms="128" status="PASS">
          <reporter-output>
          </reporter-output>
        </test-method> <!-- testCase1 -->
        <test-method signature="testCase1()[pri:0, instance:cs.lab.RegistraAppTest@7187bac9]" started-at="2020-10-08T10:14:59 PET" name="testCase1" finished-at="2020-10-08T10:14:59 PET" duration-ms="72" status="PASS">
          <reporter-output>
          </reporter-output>
        </test-method> <!-- testCase1 -->
        <test-method signature="testCase1()[pri:0, instance:cs.lab.RegistraAppTest@7187bac9]" started-at="2020-10-08T10:14:59 PET" name="testCase1" finished-at="2020-10-08T10:14:59 PET" duration-ms="164" status="PASS">
          <reporter-output>
          </reporter-output>
        </test-method> <!-- testCase1 -->
        <test-method signature="testCase1()[pri:0, instance:cs.lab.RegistraAppTest@7187bac9]" started-at="2020-10-08T10:14:59 PET" name="testCase1" finished-at="2020-10-08T10:14:59 PET" duration-ms="104" status="PASS">
          <reporter-output>
          </reporter-output>
        </test-method> <!-- testCase1 -->
        <test-method signature="testCase1()[pri:0, instance:cs.lab.RegistraAppTest@7187bac9]" started-at="2020-10-08T10:14:59 PET" name="testCase1" finished-at="2020-10-08T10:14:59 PET" duration-ms="34" status="PASS">
          <reporter-output>
          </reporter-output>
        </test-method> <!-- testCase1 -->
        <test-method signature="testCase1()[pri:0, instance:cs.lab.RegistraAppTest@7187bac9]" started-at="2020-10-08T10:14:59 PET" name="testCase1" finished-at="2020-10-08T10:14:59 PET" duration-ms="111" status="PASS">
          <reporter-output>
          </reporter-output>
        </test-method> <!-- testCase1 -->
        <test-method signature="testCase1()[pri:0, instance:cs.lab.RegistraAppTest@7187bac9]" started-at="2020-10-08T10:14:59 PET" name="testCase1" finished-at="2020-10-08T10:14:59 PET" duration-ms="5" status="PASS">
          <reporter-output>
          </reporter-output>
        </test-method> <!-- testCase1 -->
        <test-method signature="testCase1()[pri:0, instance:cs.lab.RegistraAppTest@7187bac9]" started-at="2020-10-08T10:14:59 PET" name="testCase1" finished-at="2020-10-08T10:14:59 PET" duration-ms="106" status="PASS">
          <reporter-output>
          </reporter-output>
        </test-method> <!-- testCase1 -->
        <test-method signature="testCase1()[pri:0, instance:cs.lab.RegistraAppTest@7187bac9]" started-at="2020-10-08T10:14:59 PET" name="testCase1" finished-at="2020-10-08T10:14:59 PET" duration-ms="161" status="PASS">
          <reporter-output>
          </reporter-output>
        </test-method> <!-- testCase1 -->
        <test-method signature="testCase1()[pri:0, instance:cs.lab.RegistraAppTest@7187bac9]" started-at="2020-10-08T10:14:59 PET" name="testCase1" finished-at="2020-10-08T10:14:59 PET" duration-ms="101" status="PASS">
          <reporter-output>
          </reporter-output>
        </test-method> <!-- testCase1 -->
        <test-method signature="testCase1()[pri:0, instance:cs.lab.RegistraAppTest@7187bac9]" started-at="2020-10-08T10:14:59 PET" name="testCase1" finished-at="2020-10-08T10:14:59 PET" duration-ms="100" status="PASS">
          <reporter-output>
          </reporter-output>
        </test-method> <!-- testCase1 -->
        <test-method signature="testCase1()[pri:0, instance:cs.lab.RegistraAppTest@7187bac9]" started-at="2020-10-08T10:14:59 PET" name="testCase1" finished-at="2020-10-08T10:14:59 PET" duration-ms="104" status="PASS">
          <reporter-output>
          </reporter-output>
        </test-method> <!-- testCase1 -->
        <test-method signature="testCase1()[pri:0, instance:cs.lab.RegistraAppTest@7187bac9]" started-at="2020-10-08T10:14:59 PET" name="testCase1" finished-at="2020-10-08T10:14:59 PET" duration-ms="97" status="PASS">
          <reporter-output>
          </reporter-output>
        </test-method> <!-- testCase1 -->
        <test-method signature="testCase1()[pri:0, instance:cs.lab.RegistraAppTest@7187bac9]" started-at="2020-10-08T10:14:59 PET" name="testCase1" finished-at="2020-10-08T10:14:59 PET" duration-ms="96" status="PASS">
          <reporter-output>
          </reporter-output>
        </test-method> <!-- testCase1 -->
        <test-method signature="testCase1()[pri:0, instance:cs.lab.RegistraAppTest@7187bac9]" started-at="2020-10-08T10:14:59 PET" name="testCase1" finished-at="2020-10-08T10:14:59 PET" duration-ms="90" status="PASS">
          <reporter-output>
          </reporter-output>
        </test-method> <!-- testCase1 -->
        <test-method signature="testCase1()[pri:0, instance:cs.lab.RegistraAppTest@7187bac9]" started-at="2020-10-08T10:14:59 PET" name="testCase1" finished-at="2020-10-08T10:14:59 PET" duration-ms="135" status="PASS">
          <reporter-output>
          </reporter-output>
        </test-method> <!-- testCase1 -->
        <test-method signature="testCase1()[pri:0, instance:cs.lab.RegistraAppTest@7187bac9]" started-at="2020-10-08T10:14:59 PET" name="testCase1" finished-at="2020-10-08T10:14:59 PET" duration-ms="136" status="PASS">
          <reporter-output>
          </reporter-output>
        </test-method> <!-- testCase1 -->
        <test-method signature="testCase1()[pri:0, instance:cs.lab.RegistraAppTest@7187bac9]" started-at="2020-10-08T10:14:59 PET" name="testCase1" finished-at="2020-10-08T10:14:59 PET" duration-ms="6" status="PASS">
          <reporter-output>
          </reporter-output>
        </test-method> <!-- testCase1 -->
        <test-method signature="testCase1()[pri:0, instance:cs.lab.RegistraAppTest@7187bac9]" started-at="2020-10-08T10:14:59 PET" name="testCase1" finished-at="2020-10-08T10:14:59 PET" duration-ms="133" status="PASS">
          <reporter-output>
          </reporter-output>
        </test-method> <!-- testCase1 -->
        <test-method signature="testCase1()[pri:0, instance:cs.lab.RegistraAppTest@7187bac9]" started-at="2020-10-08T10:14:59 PET" name="testCase1" finished-at="2020-10-08T10:14:59 PET" duration-ms="133" status="PASS">
          <reporter-output>
          </reporter-output>
        </test-method> <!-- testCase1 -->
        <test-method signature="testCase1()[pri:0, instance:cs.lab.RegistraAppTest@7187bac9]" started-at="2020-10-08T10:14:59 PET" name="testCase1" finished-at="2020-10-08T10:14:59 PET" duration-ms="133" status="PASS">
          <reporter-output>
          </reporter-output>
        </test-method> <!-- testCase1 -->
        <test-method signature="testCase1()[pri:0, instance:cs.lab.RegistraAppTest@7187bac9]" started-at="2020-10-08T10:14:59 PET" name="testCase1" finished-at="2020-10-08T10:14:59 PET" duration-ms="133" status="PASS">
          <reporter-output>
          </reporter-output>
        </test-method> <!-- testCase1 -->
        <test-method signature="testCase1()[pri:0, instance:cs.lab.RegistraAppTest@7187bac9]" started-at="2020-10-08T10:14:59 PET" name="testCase1" finished-at="2020-10-08T10:14:59 PET" duration-ms="130" status="PASS">
          <reporter-output>
          </reporter-output>
        </test-method> <!-- testCase1 -->
        <test-method signature="testCase1()[pri:0, instance:cs.lab.RegistraAppTest@7187bac9]" started-at="2020-10-08T10:14:59 PET" name="testCase1" finished-at="2020-10-08T10:14:59 PET" duration-ms="133" status="PASS">
          <reporter-output>
          </reporter-output>
        </test-method> <!-- testCase1 -->
        <test-method signature="testCase1()[pri:0, instance:cs.lab.RegistraAppTest@7187bac9]" started-at="2020-10-08T10:14:59 PET" name="testCase1" finished-at="2020-10-08T10:14:59 PET" duration-ms="99" status="PASS">
          <reporter-output>
          </reporter-output>
        </test-method> <!-- testCase1 -->
        <test-method signature="testCase1()[pri:0, instance:cs.lab.RegistraAppTest@7187bac9]" started-at="2020-10-08T10:14:59 PET" name="testCase1" finished-at="2020-10-08T10:14:59 PET" duration-ms="132" status="PASS">
          <reporter-output>
          </reporter-output>
        </test-method> <!-- testCase1 -->
        <test-method signature="testCase1()[pri:0, instance:cs.lab.RegistraAppTest@7187bac9]" started-at="2020-10-08T10:14:59 PET" name="testCase1" finished-at="2020-10-08T10:14:59 PET" duration-ms="133" status="PASS">
          <reporter-output>
          </reporter-output>
        </test-method> <!-- testCase1 -->
        <test-method signature="testCase1()[pri:0, instance:cs.lab.RegistraAppTest@7187bac9]" started-at="2020-10-08T10:14:59 PET" name="testCase1" finished-at="2020-10-08T10:14:59 PET" duration-ms="135" status="PASS">
          <reporter-output>
          </reporter-output>
        </test-method> <!-- testCase1 -->
        <test-method signature="testCase1()[pri:0, instance:cs.lab.RegistraAppTest@7187bac9]" started-at="2020-10-08T10:14:59 PET" name="testCase1" finished-at="2020-10-08T10:14:59 PET" duration-ms="135" status="PASS">
          <reporter-output>
          </reporter-output>
        </test-method> <!-- testCase1 -->
        <test-method signature="testCase1()[pri:0, instance:cs.lab.RegistraAppTest@7187bac9]" started-at="2020-10-08T10:14:59 PET" name="testCase1" finished-at="2020-10-08T10:14:59 PET" duration-ms="135" status="PASS">
          <reporter-output>
          </reporter-output>
        </test-method> <!-- testCase1 -->
        <test-method signature="testCase1()[pri:0, instance:cs.lab.RegistraAppTest@7187bac9]" started-at="2020-10-08T10:14:59 PET" name="testCase1" finished-at="2020-10-08T10:14:59 PET" duration-ms="134" status="PASS">
          <reporter-output>
          </reporter-output>
        </test-method> <!-- testCase1 -->
        <test-method signature="testCase1()[pri:0, instance:cs.lab.RegistraAppTest@7187bac9]" started-at="2020-10-08T10:14:59 PET" name="testCase1" finished-at="2020-10-08T10:14:59 PET" duration-ms="131" status="PASS">
          <reporter-output>
          </reporter-output>
        </test-method> <!-- testCase1 -->
        <test-method signature="testCase1()[pri:0, instance:cs.lab.RegistraAppTest@7187bac9]" started-at="2020-10-08T10:14:59 PET" name="testCase1" finished-at="2020-10-08T10:14:59 PET" duration-ms="6" status="PASS">
          <reporter-output>
          </reporter-output>
        </test-method> <!-- testCase1 -->
        <test-method signature="testCase1()[pri:0, instance:cs.lab.RegistraAppTest@7187bac9]" started-at="2020-10-08T10:14:59 PET" name="testCase1" finished-at="2020-10-08T10:14:59 PET" duration-ms="132" status="PASS">
          <reporter-output>
          </reporter-output>
        </test-method> <!-- testCase1 -->
        <test-method signature="testCase1()[pri:0, instance:cs.lab.RegistraAppTest@7187bac9]" started-at="2020-10-08T10:14:59 PET" name="testCase1" finished-at="2020-10-08T10:14:59 PET" duration-ms="132" status="PASS">
          <reporter-output>
          </reporter-output>
        </test-method> <!-- testCase1 -->
        <test-method signature="testCase1()[pri:0, instance:cs.lab.RegistraAppTest@7187bac9]" started-at="2020-10-08T10:14:59 PET" name="testCase1" finished-at="2020-10-08T10:14:59 PET" duration-ms="130" status="PASS">
          <reporter-output>
          </reporter-output>
        </test-method> <!-- testCase1 -->
        <test-method signature="testCase1()[pri:0, instance:cs.lab.RegistraAppTest@7187bac9]" started-at="2020-10-08T10:14:59 PET" name="testCase1" finished-at="2020-10-08T10:14:59 PET" duration-ms="118" status="PASS">
          <reporter-output>
          </reporter-output>
        </test-method> <!-- testCase1 -->
        <test-method signature="testCase1()[pri:0, instance:cs.lab.RegistraAppTest@7187bac9]" started-at="2020-10-08T10:14:59 PET" name="testCase1" finished-at="2020-10-08T10:14:59 PET" duration-ms="145" status="PASS">
          <reporter-output>
          </reporter-output>
        </test-method> <!-- testCase1 -->
        <test-method signature="testCase1()[pri:0, instance:cs.lab.RegistraAppTest@7187bac9]" started-at="2020-10-08T10:14:59 PET" name="testCase1" finished-at="2020-10-08T10:14:59 PET" duration-ms="129" status="PASS">
          <reporter-output>
          </reporter-output>
        </test-method> <!-- testCase1 -->
        <test-method signature="testCase1()[pri:0, instance:cs.lab.RegistraAppTest@7187bac9]" started-at="2020-10-08T10:14:59 PET" name="testCase1" finished-at="2020-10-08T10:14:59 PET" duration-ms="128" status="PASS">
          <reporter-output>
          </reporter-output>
        </test-method> <!-- testCase1 -->
        <test-method signature="testCase1()[pri:0, instance:cs.lab.RegistraAppTest@7187bac9]" started-at="2020-10-08T10:14:59 PET" name="testCase1" finished-at="2020-10-08T10:14:59 PET" duration-ms="4" status="PASS">
          <reporter-output>
          </reporter-output>
        </test-method> <!-- testCase1 -->
        <test-method signature="testCase1()[pri:0, instance:cs.lab.RegistraAppTest@7187bac9]" started-at="2020-10-08T10:14:59 PET" name="testCase1" finished-at="2020-10-08T10:14:59 PET" duration-ms="114" status="PASS">
          <reporter-output>
          </reporter-output>
        </test-method> <!-- testCase1 -->
        <test-method signature="testCase1()[pri:0, instance:cs.lab.RegistraAppTest@7187bac9]" started-at="2020-10-08T10:14:59 PET" name="testCase1" finished-at="2020-10-08T10:14:59 PET" duration-ms="60" status="PASS">
          <reporter-output>
          </reporter-output>
        </test-method> <!-- testCase1 -->
        <test-method signature="testCase1()[pri:0, instance:cs.lab.RegistraAppTest@7187bac9]" started-at="2020-10-08T10:14:59 PET" name="testCase1" finished-at="2020-10-08T10:14:59 PET" duration-ms="57" status="PASS">
          <reporter-output>
          </reporter-output>
        </test-method> <!-- testCase1 -->
        <test-method signature="testCase1()[pri:0, instance:cs.lab.RegistraAppTest@7187bac9]" started-at="2020-10-08T10:14:59 PET" name="testCase1" finished-at="2020-10-08T10:14:59 PET" duration-ms="3" status="PASS">
          <reporter-output>
          </reporter-output>
        </test-method> <!-- testCase1 -->
        <test-method signature="testCase1()[pri:0, instance:cs.lab.RegistraAppTest@7187bac9]" started-at="2020-10-08T10:14:59 PET" name="testCase1" finished-at="2020-10-08T10:14:59 PET" duration-ms="44" status="PASS">
          <reporter-output>
          </reporter-output>
        </test-method> <!-- testCase1 -->
        <test-method signature="testCase1()[pri:0, instance:cs.lab.RegistraAppTest@7187bac9]" started-at="2020-10-08T10:14:59 PET" name="testCase1" finished-at="2020-10-08T10:14:59 PET" duration-ms="125" status="PASS">
          <reporter-output>
          </reporter-output>
        </test-method> <!-- testCase1 -->
        <test-method signature="testCase1()[pri:0, instance:cs.lab.RegistraAppTest@7187bac9]" started-at="2020-10-08T10:14:59 PET" name="testCase1" finished-at="2020-10-08T10:14:59 PET" duration-ms="135" status="PASS">
          <reporter-output>
          </reporter-output>
        </test-method> <!-- testCase1 -->
        <test-method signature="testCase1()[pri:0, instance:cs.lab.RegistraAppTest@7187bac9]" started-at="2020-10-08T10:14:59 PET" name="testCase1" finished-at="2020-10-08T10:14:59 PET" duration-ms="34" status="PASS">
          <reporter-output>
          </reporter-output>
        </test-method> <!-- testCase1 -->
        <test-method signature="testCase1()[pri:0, instance:cs.lab.RegistraAppTest@7187bac9]" started-at="2020-10-08T10:14:59 PET" name="testCase1" finished-at="2020-10-08T10:14:59 PET" duration-ms="3" status="PASS">
          <reporter-output>
          </reporter-output>
        </test-method> <!-- testCase1 -->
        <test-method signature="testCase1()[pri:0, instance:cs.lab.RegistraAppTest@7187bac9]" started-at="2020-10-08T10:14:59 PET" name="testCase1" finished-at="2020-10-08T10:14:59 PET" duration-ms="27" status="PASS">
          <reporter-output>
          </reporter-output>
        </test-method> <!-- testCase1 -->
        <test-method signature="testCase1()[pri:0, instance:cs.lab.RegistraAppTest@7187bac9]" started-at="2020-10-08T10:14:59 PET" name="testCase1" finished-at="2020-10-08T10:14:59 PET" duration-ms="22" status="PASS">
          <reporter-output>
          </reporter-output>
        </test-method> <!-- testCase1 -->
        <test-method signature="testCase1()[pri:0, instance:cs.lab.RegistraAppTest@7187bac9]" started-at="2020-10-08T10:14:59 PET" name="testCase1" finished-at="2020-10-08T10:14:59 PET" duration-ms="126" status="PASS">
          <reporter-output>
          </reporter-output>
        </test-method> <!-- testCase1 -->
        <test-method signature="testCase1()[pri:0, instance:cs.lab.RegistraAppTest@7187bac9]" started-at="2020-10-08T10:14:59 PET" name="testCase1" finished-at="2020-10-08T10:14:59 PET" duration-ms="19" status="PASS">
          <reporter-output>
          </reporter-output>
        </test-method> <!-- testCase1 -->
        <test-method signature="testCase1()[pri:0, instance:cs.lab.RegistraAppTest@7187bac9]" started-at="2020-10-08T10:14:59 PET" name="testCase1" finished-at="2020-10-08T10:14:59 PET" duration-ms="6" status="PASS">
          <reporter-output>
          </reporter-output>
        </test-method> <!-- testCase1 -->
        <test-method signature="testCase1()[pri:0, instance:cs.lab.RegistraAppTest@7187bac9]" started-at="2020-10-08T10:14:59 PET" name="testCase1" finished-at="2020-10-08T10:14:59 PET" duration-ms="3" status="PASS">
          <reporter-output>
          </reporter-output>
        </test-method> <!-- testCase1 -->
        <test-method signature="testCase1()[pri:0, instance:cs.lab.RegistraAppTest@7187bac9]" started-at="2020-10-08T10:14:59 PET" name="testCase1" finished-at="2020-10-08T10:14:59 PET" duration-ms="122" status="PASS">
          <reporter-output>
          </reporter-output>
        </test-method> <!-- testCase1 -->
        <test-method signature="testCase1()[pri:0, instance:cs.lab.RegistraAppTest@7187bac9]" started-at="2020-10-08T10:14:59 PET" name="testCase1" finished-at="2020-10-08T10:14:59 PET" duration-ms="128" status="PASS">
          <reporter-output>
          </reporter-output>
        </test-method> <!-- testCase1 -->
        <test-method signature="testCase1()[pri:0, instance:cs.lab.RegistraAppTest@7187bac9]" started-at="2020-10-08T10:14:59 PET" name="testCase1" finished-at="2020-10-08T10:14:59 PET" duration-ms="121" status="PASS">
          <reporter-output>
          </reporter-output>
        </test-method> <!-- testCase1 -->
        <test-method signature="testCase1()[pri:0, instance:cs.lab.RegistraAppTest@7187bac9]" started-at="2020-10-08T10:14:59 PET" name="testCase1" finished-at="2020-10-08T10:14:59 PET" duration-ms="121" status="PASS">
          <reporter-output>
          </reporter-output>
        </test-method> <!-- testCase1 -->
        <test-method signature="testCase1()[pri:0, instance:cs.lab.RegistraAppTest@7187bac9]" started-at="2020-10-08T10:14:59 PET" name="testCase1" finished-at="2020-10-08T10:14:59 PET" duration-ms="120" status="PASS">
          <reporter-output>
          </reporter-output>
        </test-method> <!-- testCase1 -->
        <test-method signature="testCase1()[pri:0, instance:cs.lab.RegistraAppTest@7187bac9]" started-at="2020-10-08T10:14:59 PET" name="testCase1" finished-at="2020-10-08T10:14:59 PET" duration-ms="120" status="PASS">
          <reporter-output>
          </reporter-output>
        </test-method> <!-- testCase1 -->
        <test-method signature="testCase1()[pri:0, instance:cs.lab.RegistraAppTest@7187bac9]" started-at="2020-10-08T10:14:59 PET" name="testCase1" finished-at="2020-10-08T10:14:59 PET" duration-ms="119" status="PASS">
          <reporter-output>
          </reporter-output>
        </test-method> <!-- testCase1 -->
        <test-method signature="testCase1()[pri:0, instance:cs.lab.RegistraAppTest@7187bac9]" started-at="2020-10-08T10:14:59 PET" name="testCase1" finished-at="2020-10-08T10:14:59 PET" duration-ms="110" status="PASS">
          <reporter-output>
          </reporter-output>
        </test-method> <!-- testCase1 -->
        <test-method signature="testCase1()[pri:0, instance:cs.lab.RegistraAppTest@7187bac9]" started-at="2020-10-08T10:14:59 PET" name="testCase1" finished-at="2020-10-08T10:14:59 PET" duration-ms="113" status="PASS">
          <reporter-output>
          </reporter-output>
        </test-method> <!-- testCase1 -->
        <test-method signature="testCase1()[pri:0, instance:cs.lab.RegistraAppTest@7187bac9]" started-at="2020-10-08T10:14:59 PET" name="testCase1" finished-at="2020-10-08T10:14:59 PET" duration-ms="109" status="PASS">
          <reporter-output>
          </reporter-output>
        </test-method> <!-- testCase1 -->
        <test-method signature="testCase1()[pri:0, instance:cs.lab.RegistraAppTest@7187bac9]" started-at="2020-10-08T10:14:59 PET" name="testCase1" finished-at="2020-10-08T10:14:59 PET" duration-ms="108" status="PASS">
          <reporter-output>
          </reporter-output>
        </test-method> <!-- testCase1 -->
        <test-method signature="testCase1()[pri:0, instance:cs.lab.RegistraAppTest@7187bac9]" started-at="2020-10-08T10:14:59 PET" name="testCase1" finished-at="2020-10-08T10:14:59 PET" duration-ms="107" status="PASS">
          <reporter-output>
          </reporter-output>
        </test-method> <!-- testCase1 -->
        <test-method signature="testCase1()[pri:0, instance:cs.lab.RegistraAppTest@7187bac9]" started-at="2020-10-08T10:14:59 PET" name="testCase1" finished-at="2020-10-08T10:14:59 PET" duration-ms="2" status="PASS">
          <reporter-output>
          </reporter-output>
        </test-method> <!-- testCase1 -->
        <test-method signature="testCase1()[pri:0, instance:cs.lab.RegistraAppTest@7187bac9]" started-at="2020-10-08T10:14:59 PET" name="testCase1" finished-at="2020-10-08T10:14:59 PET" duration-ms="99" status="PASS">
          <reporter-output>
          </reporter-output>
        </test-method> <!-- testCase1 -->
        <test-method signature="testCase1()[pri:0, instance:cs.lab.RegistraAppTest@7187bac9]" started-at="2020-10-08T10:14:59 PET" name="testCase1" finished-at="2020-10-08T10:14:59 PET" duration-ms="104" status="PASS">
          <reporter-output>
          </reporter-output>
        </test-method> <!-- testCase1 -->
        <test-method signature="testCase1()[pri:0, instance:cs.lab.RegistraAppTest@7187bac9]" started-at="2020-10-08T10:14:59 PET" name="testCase1" finished-at="2020-10-08T10:14:59 PET" duration-ms="104" status="PASS">
          <reporter-output>
          </reporter-output>
        </test-method> <!-- testCase1 -->
        <test-method signature="testCase1()[pri:0, instance:cs.lab.RegistraAppTest@7187bac9]" started-at="2020-10-08T10:14:59 PET" name="testCase1" finished-at="2020-10-08T10:14:59 PET" duration-ms="65" status="PASS">
          <reporter-output>
          </reporter-output>
        </test-method> <!-- testCase1 -->
        <test-method signature="testCase1()[pri:0, instance:cs.lab.RegistraAppTest@7187bac9]" started-at="2020-10-08T10:14:59 PET" name="testCase1" finished-at="2020-10-08T10:14:59 PET" duration-ms="103" status="PASS">
          <reporter-output>
          </reporter-output>
        </test-method> <!-- testCase1 -->
        <test-method signature="testCase1()[pri:0, instance:cs.lab.RegistraAppTest@7187bac9]" started-at="2020-10-08T10:14:59 PET" name="testCase1" finished-at="2020-10-08T10:14:59 PET" duration-ms="102" status="PASS">
          <reporter-output>
          </reporter-output>
        </test-method> <!-- testCase1 -->
        <test-method signature="testCase1()[pri:0, instance:cs.lab.RegistraAppTest@7187bac9]" started-at="2020-10-08T10:14:59 PET" name="testCase1" finished-at="2020-10-08T10:14:59 PET" duration-ms="102" status="PASS">
          <reporter-output>
          </reporter-output>
        </test-method> <!-- testCase1 -->
        <test-method signature="testCase1()[pri:0, instance:cs.lab.RegistraAppTest@7187bac9]" started-at="2020-10-08T10:14:59 PET" name="testCase1" finished-at="2020-10-08T10:14:59 PET" duration-ms="102" status="PASS">
          <reporter-output>
          </reporter-output>
        </test-method> <!-- testCase1 -->
        <test-method signature="testCase1()[pri:0, instance:cs.lab.RegistraAppTest@7187bac9]" started-at="2020-10-08T10:14:59 PET" name="testCase1" finished-at="2020-10-08T10:14:59 PET" duration-ms="101" status="PASS">
          <reporter-output>
          </reporter-output>
        </test-method> <!-- testCase1 -->
        <test-method signature="testCase1()[pri:0, instance:cs.lab.RegistraAppTest@7187bac9]" started-at="2020-10-08T10:14:59 PET" name="testCase1" finished-at="2020-10-08T10:14:59 PET" duration-ms="101" status="PASS">
          <reporter-output>
          </reporter-output>
        </test-method> <!-- testCase1 -->
        <test-method signature="testCase1()[pri:0, instance:cs.lab.RegistraAppTest@7187bac9]" started-at="2020-10-08T10:14:59 PET" name="testCase1" finished-at="2020-10-08T10:14:59 PET" duration-ms="100" status="PASS">
          <reporter-output>
          </reporter-output>
        </test-method> <!-- testCase1 -->
        <test-method signature="testCase1()[pri:0, instance:cs.lab.RegistraAppTest@7187bac9]" started-at="2020-10-08T10:14:59 PET" name="testCase1" finished-at="2020-10-08T10:14:59 PET" duration-ms="69" status="PASS">
          <reporter-output>
          </reporter-output>
        </test-method> <!-- testCase1 -->
        <test-method signature="testCase1()[pri:0, instance:cs.lab.RegistraAppTest@7187bac9]" started-at="2020-10-08T10:14:59 PET" name="testCase1" finished-at="2020-10-08T10:14:59 PET" duration-ms="2" status="PASS">
          <reporter-output>
          </reporter-output>
        </test-method> <!-- testCase1 -->
        <test-method signature="testCase1()[pri:0, instance:cs.lab.RegistraAppTest@7187bac9]" started-at="2020-10-08T10:14:59 PET" name="testCase1" finished-at="2020-10-08T10:14:59 PET" duration-ms="89" status="PASS">
          <reporter-output>
          </reporter-output>
        </test-method> <!-- testCase1 -->
        <test-method signature="testCase1()[pri:0, instance:cs.lab.RegistraAppTest@7187bac9]" started-at="2020-10-08T10:14:59 PET" name="testCase1" finished-at="2020-10-08T10:14:59 PET" duration-ms="95" status="PASS">
          <reporter-output>
          </reporter-output>
        </test-method> <!-- testCase1 -->
        <test-method signature="testCase1()[pri:0, instance:cs.lab.RegistraAppTest@7187bac9]" started-at="2020-10-08T10:14:59 PET" name="testCase1" finished-at="2020-10-08T10:14:59 PET" duration-ms="95" status="PASS">
          <reporter-output>
          </reporter-output>
        </test-method> <!-- testCase1 -->
        <test-method signature="testCase1()[pri:0, instance:cs.lab.RegistraAppTest@7187bac9]" started-at="2020-10-08T10:14:59 PET" name="testCase1" finished-at="2020-10-08T10:14:59 PET" duration-ms="83" status="PASS">
          <reporter-output>
          </reporter-output>
        </test-method> <!-- testCase1 -->
        <test-method signature="testCase1()[pri:0, instance:cs.lab.RegistraAppTest@7187bac9]" started-at="2020-10-08T10:14:59 PET" name="testCase1" finished-at="2020-10-08T10:14:59 PET" duration-ms="94" status="PASS">
          <reporter-output>
          </reporter-output>
        </test-method> <!-- testCase1 -->
        <test-method signature="testCase1()[pri:0, instance:cs.lab.RegistraAppTest@7187bac9]" started-at="2020-10-08T10:14:59 PET" name="testCase1" finished-at="2020-10-08T10:14:59 PET" duration-ms="3" status="PASS">
          <reporter-output>
          </reporter-output>
        </test-method> <!-- testCase1 -->
        <test-method signature="testCase1()[pri:0, instance:cs.lab.RegistraAppTest@7187bac9]" started-at="2020-10-08T10:14:59 PET" name="testCase1" finished-at="2020-10-08T10:14:59 PET" duration-ms="94" status="PASS">
          <reporter-output>
          </reporter-output>
        </test-method> <!-- testCase1 -->
        <test-method signature="testCase1()[pri:0, instance:cs.lab.RegistraAppTest@7187bac9]" started-at="2020-10-08T10:14:59 PET" name="testCase1" finished-at="2020-10-08T10:14:59 PET" duration-ms="93" status="PASS">
          <reporter-output>
          </reporter-output>
        </test-method> <!-- testCase1 -->
        <test-method signature="testCase1()[pri:0, instance:cs.lab.RegistraAppTest@7187bac9]" started-at="2020-10-08T10:14:59 PET" name="testCase1" finished-at="2020-10-08T10:14:59 PET" duration-ms="79" status="PASS">
          <reporter-output>
          </reporter-output>
        </test-method> <!-- testCase1 -->
        <test-method signature="testCase1()[pri:0, instance:cs.lab.RegistraAppTest@7187bac9]" started-at="2020-10-08T10:14:59 PET" name="testCase1" finished-at="2020-10-08T10:14:59 PET" duration-ms="91" status="PASS">
          <reporter-output>
          </reporter-output>
        </test-method> <!-- testCase1 -->
        <test-method signature="testCase1()[pri:0, instance:cs.lab.RegistraAppTest@7187bac9]" started-at="2020-10-08T10:14:59 PET" name="testCase1" finished-at="2020-10-08T10:14:59 PET" duration-ms="5" status="PASS">
          <reporter-output>
          </reporter-output>
        </test-method> <!-- testCase1 -->
        <test-method signature="testCase1()[pri:0, instance:cs.lab.RegistraAppTest@7187bac9]" started-at="2020-10-08T10:14:59 PET" name="testCase1" finished-at="2020-10-08T10:14:59 PET" duration-ms="90" status="PASS">
          <reporter-output>
          </reporter-output>
        </test-method> <!-- testCase1 -->
        <test-method signature="testCase1()[pri:0, instance:cs.lab.RegistraAppTest@7187bac9]" started-at="2020-10-08T10:14:59 PET" name="testCase1" finished-at="2020-10-08T10:14:59 PET" duration-ms="90" status="PASS">
          <reporter-output>
          </reporter-output>
        </test-method> <!-- testCase1 -->
        <test-method signature="testCase1()[pri:0, instance:cs.lab.RegistraAppTest@7187bac9]" started-at="2020-10-08T10:14:59 PET" name="testCase1" finished-at="2020-10-08T10:14:59 PET" duration-ms="88" status="PASS">
          <reporter-output>
          </reporter-output>
        </test-method> <!-- testCase1 -->
        <test-method signature="testCase1()[pri:0, instance:cs.lab.RegistraAppTest@7187bac9]" started-at="2020-10-08T10:14:59 PET" name="testCase1" finished-at="2020-10-08T10:14:59 PET" duration-ms="1" status="PASS">
          <reporter-output>
          </reporter-output>
        </test-method> <!-- testCase1 -->
        <test-method signature="testCase1()[pri:0, instance:cs.lab.RegistraAppTest@7187bac9]" started-at="2020-10-08T10:14:59 PET" name="testCase1" finished-at="2020-10-08T10:14:59 PET" duration-ms="85" status="PASS">
          <reporter-output>
          </reporter-output>
        </test-method> <!-- testCase1 -->
        <test-method signature="testCase1()[pri:0, instance:cs.lab.RegistraAppTest@7187bac9]" started-at="2020-10-08T10:14:59 PET" name="testCase1" finished-at="2020-10-08T10:14:59 PET" duration-ms="83" status="PASS">
          <reporter-output>
          </reporter-output>
        </test-method> <!-- testCase1 -->
        <test-method signature="testCase1()[pri:0, instance:cs.lab.RegistraAppTest@7187bac9]" started-at="2020-10-08T10:14:59 PET" name="testCase1" finished-at="2020-10-08T10:14:59 PET" duration-ms="53" status="PASS">
          <reporter-output>
          </reporter-output>
        </test-method> <!-- testCase1 -->
        <test-method signature="testCase2()[pri:0, instance:cs.lab.RegistraAppTest@7187bac9]" started-at="2020-10-08T10:14:59 PET" name="testCase2" finished-at="2020-10-08T10:14:59 PET" duration-ms="1" status="PASS">
          <exception class="cs.lab.InvalidCourseFormatException">
            <message>
              <![CDATA[El idioma no es válido]]>
            </message>
            <full-stacktrace>
              <![CDATA[cs.lab.InvalidCourseFormatException: El idioma no es válido
at cs.lab.Clase.checkIdioma(Clase.java:65)
at cs.lab.Clase.<init>(Clase.java:20)
at cs.lab.RegistraAppTest.testCase2(RegistraAppTest.java:60)
at java.base/jdk.internal.reflect.NativeMethodAccessorImpl.invoke0(Native Method)
at java.base/jdk.internal.reflect.NativeMethodAccessorImpl.invoke(NativeMethodAccessorImpl.java:62)
at java.base/jdk.internal.reflect.DelegatingMethodAccessorImpl.invoke(DelegatingMethodAccessorImpl.java:43)
at java.base/java.lang.reflect.Method.invoke(Method.java:567)
at org.testng.internal.MethodInvocationHelper.invokeMethod(MethodInvocationHelper.java:132)
at org.testng.internal.TestInvoker.invokeMethod(TestInvoker.java:599)
at org.testng.internal.TestInvoker.invokeTestMethod(TestInvoker.java:174)
at org.testng.internal.MethodRunner.runInSequence(MethodRunner.java:46)
at org.testng.internal.TestInvoker$MethodInvocationAgent.invoke(TestInvoker.java:822)
at org.testng.internal.TestInvoker.invokeTestMethods(TestInvoker.java:147)
at org.testng.internal.TestMethodWorker.invokeTestMethods(TestMethodWorker.java:146)
at org.testng.internal.TestMethodWorker.run(TestMethodWorker.java:128)
at java.base/java.util.ArrayList.forEach(ArrayList.java:1507)
at org.testng.TestRunner.privateRun(TestRunner.java:764)
at org.testng.TestRunner.run(TestRunner.java:585)
at org.testng.SuiteRunner.runTest(SuiteRunner.java:384)
at org.testng.SuiteRunner.runSequentially(SuiteRunner.java:378)
at org.testng.SuiteRunner.privateRun(SuiteRunner.java:337)
at org.testng.SuiteRunner.run(SuiteRunner.java:286)
at org.testng.SuiteRunnerWorker.runSuite(SuiteRunnerWorker.java:53)
at org.testng.SuiteRunnerWorker.run(SuiteRunnerWorker.java:96)
at org.testng.TestNG.runSuitesSequentially(TestNG.java:1218)
at org.testng.TestNG.runSuitesLocally(TestNG.java:1140)
at org.testng.TestNG.runSuites(TestNG.java:1069)
at org.testng.TestNG.run(TestNG.java:1037)
at org.apache.maven.surefire.testng.TestNGExecutor.run(TestNGExecutor.java:135)
at org.apache.maven.surefire.testng.TestNGDirectoryTestSuite.executeSingleClass(TestNGDirectoryTestSuite.java:112)
at org.apache.maven.surefire.testng.TestNGDirectoryTestSuite.execute(TestNGDirectoryTestSuite.java:99)
at org.apache.maven.surefire.testng.TestNGProvider.invoke(TestNGProvider.java:146)
at org.apache.maven.surefire.booter.ForkedBooter.invokeProviderInSameClassLoader(ForkedBooter.java:384)
at org.apache.maven.surefire.booter.ForkedBooter.runSuitesInProcess(ForkedBooter.java:345)
at org.apache.maven.surefire.booter.ForkedBooter.execute(ForkedBooter.java:126)
at org.apache.maven.surefire.booter.ForkedBooter.main(ForkedBooter.java:418)
]]>
            </full-stacktrace>
          </exception> <!-- cs.lab.InvalidCourseFormatException -->
          <reporter-output>
          </reporter-output>
        </test-method> <!-- testCase2 -->
        <test-method signature="testCase3()[pri:0, instance:cs.lab.RegistraAppTest@7187bac9]" started-at="2020-10-08T10:14:59 PET" name="testCase3" finished-at="2020-10-08T10:14:59 PET" duration-ms="1" status="PASS">
          <reporter-output>
          </reporter-output>
        </test-method> <!-- testCase3 -->
      </class> <!-- cs.lab.RegistraAppTest -->
    </test> <!-- Surefire test -->
  </suite> <!-- Surefire suite -->
</testng-results>
