<?xml version="1.0" encoding="UTF-8"?>
<testsuite xmlns:xsi="http://www.w3.org/2001/XMLSchema-instance" xsi:noNamespaceSchemaLocation="https://maven.apache.org/surefire/maven-surefire-plugin/xsd/surefire-test-report.xsd" name="cs.lab.RegistraAppTest" time="0.938" tests="101" errors="0" skipped="0" failures="0">
  <properties>
[...]
</properties>
  <testcase name="testCase0" classname="cs.lab.RegistraAppTest" time="0.062"/>
  <testcase name="testCase1" classname="cs.lab.RegistraAppTest" time="0.005"/>
  <testcase name="testCase1" classname="cs.lab.RegistraAppTest" time="0.01"/>
  <testcase name="testCase1" classname="cs.lab.RegistraAppTest" time="0.014"/>
  <testcase name="testCase1" classname="cs.lab.RegistraAppTest" time="0.017"/>
  <testcase name="testCase1" classname="cs.lab.RegistraAppTest" time="0.001"/>
  <testcase name="testCase1" classname="cs.lab.RegistraAppTest" time="0.004"/>
  <testcase name="testCase1" classname="cs.lab.RegistraAppTest" time="0.008"/>
  <testcase name="testCase1" classname="cs.lab.RegistraAppTest" time="0.011"/>
  <testcase name="testCase1" classname="cs.lab.RegistraAppTest" time="0.015"/>
  <testcase name="testCase1" classname="cs.lab.RegistraAppTest" time="0.018"/>
  <testcase name="testCase1" classname="cs.lab.RegistraAppTest" time="0.022"/>
  <testcase name="testCase1" classname="cs.lab.RegistraAppTest" time="0.027"/>
  <testcase name="testCase1" classname="cs.lab.RegistraAppTest" time="0.029"/>
  <testcase name="testCase1" classname="cs.lab.RegistraAppTest" time="0.032"/>
  <testcase name="testCase1" classname="cs.lab.RegistraAppTest" time="0.035"/>
  <testcase name="testCase1" classname="cs.lab.RegistraAppTest" time="0.041"/>
  <testcase name="testCase1" classname="cs.lab.RegistraAppTest" time="0.045"/>
  <testcase name="testCase1" classname="cs.lab.RegistraAppTest" time="0.048"/>
  <testcase name="testCase1" classname="cs.lab.RegistraAppTest" time="0.052"/>
  <testcase name="testCase1" classname="cs.lab.RegistraAppTest" time="0.054"/>
  <testcase name="testCase1" classname="cs.lab.RegistraAppTest" time="0.057"/>
  <testcase name="testCase1" classname="cs.lab.RegistraAppTest" time="0.06"/>
  <testcase name="testCase1" classname="cs.lab.RegistraAppTest" time="0.066"/>
  <testcase name="testCase1" classname="cs.lab.RegistraAppTest" time="0.069"/>
  <testcase name="testCase1" classname="cs.lab.RegistraAppTest" time="0.073"/>
  <testcase name="testCase1" classname="cs.lab.RegistraAppTest" time="0.074"/>
  <testcase name="testCase1" classname="cs.lab.RegistraAppTest" time="0.077"/>
  <testcase name="testCase1" classname="cs.lab.RegistraAppTest" time="0.078"/>
  <testcase name="testCase1" classname="cs.lab.RegistraAppTest" time="0"/>
  <testcase name="testCase1" classname="cs.lab.RegistraAppTest" time="0"/>
  <testcase name="testCase1" classname="cs.lab.RegistraAppTest" time="0.001"/>
  <testcase name="testCase1" classname="cs.lab.RegistraAppTest" time="0.006"/>
  <testcase name="testCase1" classname="cs.lab.RegistraAppTest" time="0"/>
  <testcase name="testCase1" classname="cs.lab.RegistraAppTest" time="0.002"/>
  <testcase name="testCase1" classname="cs.lab.RegistraAppTest" time="0.004"/>
  <testcase name="testCase1" classname="cs.lab.RegistraAppTest" time="0.001"/>
  <testcase name="testCase1" classname="cs.lab.RegistraAppTest" time="0.005"/>
  <testcase name="testCase1" classname="cs.lab.RegistraAppTest" time="0.023"/>
  <testcase name="testCase1" classname="cs.lab.RegistraAppTest" time="0.058"/>
  <testcase name="testCase1" classname="cs.lab.RegistraAppTest" time="0.071"/>
  <testcase name="testCase1" classname="cs.lab.RegistraAppTest" time="0.083"/>
  <testcase name="testCase1" classname="cs.lab.RegistraAppTest" time="0.088"/>
  <testcase name="testCase1" classname="cs.lab.RegistraAppTest" time="0.092"/>
  <testcase name="testCase1" classname="cs.lab.RegistraAppTest" time="0.112"/>
  <testcase name="testCase1" classname="cs.lab.RegistraAppTest" time="0.113"/>
  <testcase name="testCase1" classname="cs.lab.RegistraAppTest" time="0.122"/>
  <testcase name="testCase1" classname="cs.lab.RegistraAppTest" time="0.124"/>
  <testcase name="testCase1" classname="cs.lab.RegistraAppTest" time="0.125"/>
  <testcase name="testCase1" classname="cs.lab.RegistraAppTest" time="0.127"/>
  <testcase name="testCase1" classname="cs.lab.RegistraAppTest" time="0.134"/>
  <testcase name="testCase1" classname="cs.lab.RegistraAppTest" time="0.141"/>
  <testcase name="testCase1" classname="cs.lab.RegistraAppTest" time="0.142"/>
  <testcase name="testCase1" classname="cs.lab.RegistraAppTest" time="0.144"/>
  <testcase name="testCase1" classname="cs.lab.RegistraAppTest" time="0.146"/>
  <testcase name="testCase1" classname="cs.lab.RegistraAppTest" time="0.149"/>
  <testcase name="testCase1" classname="cs.lab.RegistraAppTest" time="0.15"/>
  <testcase name="testCase1" classname="cs.lab.RegistraAppTest" time="0.15"/>
  <testcase name="testCase1" classname="cs.lab.RegistraAppTest" time="0.151"/>
  <testcase name="testCase1" classname="cs.lab.RegistraAppTest" time="0.151"/>
  <testcase name="testCase1" classname="cs.lab.RegistraAppTest" time="0.151"/>
  <testcase name="testCase1" classname="cs.lab.RegistraAppTest" time="0.152"/>
  <testcase name="testCase1" classname="cs.lab.RegistraAppTest" time="0.152"/>
  <testcase name="testCase1" classname="cs.lab.RegistraAppTest" time="0.153"/>
  <testcase name="testCase1" classname="cs.lab.RegistraAppTest" time="0.154"/>
  <testcase name="testCase1" classname="cs.lab.RegistraAppTest" time="0.155"/>
  <testcase name="testCase1" classname="cs.lab.RegistraAppTest" time="0.156"/>
  <testcase name="testCase1" classname="cs.lab.RegistraAppTest" time="0.156"/>
  <testcase name="testCase1" classname="cs.lab.RegistraAppTest" time="0.157"/>
  <testcase name="testCase1" classname="cs.lab.RegistraAppTest" time="0.158"/>
  <testcase name="testCase1" classname="cs.lab.RegistraAppTest" time="0.159"/>
  <testcase name="testCase1" classname="cs.lab.RegistraAppTest" time="0.159"/>
  <testcase name="testCase1" classname="cs.lab.RegistraAppTest" time="0.16"/>
  <testcase name="testCase1" classname="cs.lab.RegistraAppTest" time="0.16"/>
  <testcase name="testCase1" classname="cs.lab.RegistraAppTest" time="0.161"/>
  <testcase name="testCase1" classname="cs.lab.RegistraAppTest" time="0.161"/>
  <testcase name="testCase1" classname="cs.lab.RegistraAppTest" time="0.162"/>
  <testcase name="testCase1" classname="cs.lab.RegistraAppTest" time="0.168"/>
  <testcase name="testCase1" classname="cs.lab.RegistraAppTest" time="0.173"/>
  <testcase name="testCase1" classname="cs.lab.RegistraAppTest" time="0.177"/>
  <testcase name="testCase1" classname="cs.lab.RegistraAppTest" time="0.184"/>
  <testcase name="testCase1" classname="cs.lab.RegistraAppTest" time="0.186"/>
  <testcase name="testCase1" classname="cs.lab.RegistraAppTest" time="0.187"/>
  <testcase name="testCase1" classname="cs.lab.RegistraAppTest" time="0.188"/>
  <testcase name="testCase1" classname="cs.lab.RegistraAppTest" time="0.188"/>
  <testcase name="testCase1" classname="cs.lab.RegistraAppTest" time="0.189"/>
  <testcase name="testCase1" classname="cs.lab.RegistraAppTest" time="0.189"/>
  <testcase name="testCase1" classname="cs.lab.RegistraAppTest" time="0.19"/>
  <testcase name="testCase1" classname="cs.lab.RegistraAppTest" time="0.19"/>
  <testcase name="testCase1" classname="cs.lab.RegistraAppTest" time="0.193"/>
  <testcase name="testCase1" classname="cs.lab.RegistraAppTest" time="0.194"/>
  <testcase name="testCase1" classname="cs.lab.RegistraAppTest" time="0.194"/>
  <testcase name="testCase1" classname="cs.lab.RegistraAppTest" time="0.195"/>
  <testcase name="testCase1" classname="cs.lab.RegistraAppTest" time="0.195"/>
  <testcase name="testCase1" classname="cs.lab.RegistraAppTest" time="0.196"/>
  <testcase name="testCase1" classname="cs.lab.RegistraAppTest" time="0.197"/>
  <testcase name="testCase1" classname="cs.lab.RegistraAppTest" time="0.198"/>
  <testcase name="testCase1" classname="cs.lab.RegistraAppTest" time="0.198"/>
  <testcase name="testCase1" classname="cs.lab.RegistraAppTest" time="0.199"/>
  <testcase name="testCase1" classname="cs.lab.RegistraAppTest" time="0.205"/>
  <testcase name="testCase1" classname="cs.lab.RegistraAppTest" time="0.205"/>
</testsuite>